{"C:\\Users\\welli\\Rota Mestre\\rotamestre-app\\app\\+html.tsx": {"path":"C:\\Users\\welli\\Rota Mestre\\rotamestre-app\\app\\+html.tsx","statementMap":{"0":{"start":{"line":10,"column":2},"end":{"line":130,"column":4}}},"fnMap":{"0":{"name":"Root","decl":{"start":{"line":9,"column":24},"end":{"line":9,"column":28}},"loc":{"start":{"line":9,"column":62},"end":{"line":131,"column":1}},"line":9}},"branchMap":{},"s":{"0":0},"f":{"0":0},"b":{}}
,"C:\\Users\\welli\\Rota Mestre\\rotamestre-app\\app\\_layout.tsx": {"path":"C:\\Users\\welli\\Rota Mestre\\rotamestre-app\\app\\_layout.tsx","statementMap":{"0":{"start":{"line":25,"column":0},"end":{"line":25,"column":36}},"1":{"start":{"line":32,"column":20},"end":{"line":32,"column":34}},"2":{"start":{"line":33,"column":23},"end":{"line":33,"column":32}},"3":{"start":{"line":34,"column":24},"end":{"line":34,"column":39}},"4":{"start":{"line":35,"column":19},"end":{"line":35,"column":32}},"5":{"start":{"line":38,"column":23},"end":{"line":38,"column":57}},"6":{"start":{"line":45,"column":4},"end":{"line":47,"column":58}},"7":{"start":{"line":47,"column":31},"end":{"line":47,"column":57}},"8":{"start":{"line":49,"column":2},"end":{"line":58,"column":3}},"9":{"start":{"line":50,"column":4},"end":{"line":57,"column":6}},"10":{"start":{"line":60,"column":2},"end":{"line":60,"column":25}},"11":{"start":{"line":65,"column":35},"end":{"line":77,"column":4}},"12":{"start":{"line":80,"column":2},"end":{"line":84,"column":31}},"13":{"start":{"line":81,"column":4},"end":{"line":83,"column":5}},"14":{"start":{"line":82,"column":6},"end":{"line":82,"column":31}},"15":{"start":{"line":87,"column":2},"end":{"line":107,"column":9}},"16":{"start":{"line":88,"column":4},"end":{"line":106,"column":5}},"17":{"start":{"line":89,"column":6},"end":{"line":105,"column":7}},"18":{"start":{"line":90,"column":8},"end":{"line":101,"column":9}},"19":{"start":{"line":91,"column":10},"end":{"line":91,"column":83}},"20":{"start":{"line":94,"column":32},"end":{"line":94,"column":82}},"21":{"start":{"line":95,"column":10},"end":{"line":99,"column":11}},"22":{"start":{"line":96,"column":12},"end":{"line":96,"column":61}},"23":{"start":{"line":97,"column":12},"end":{"line":97,"column":64}},"24":{"start":{"line":98,"column":12},"end":{"line":98,"column":55}},"25":{"start":{"line":100,"column":10},"end":{"line":100,"column":132}},"26":{"start":{"line":104,"column":8},"end":{"line":104,"column":61}},"27":{"start":{"line":110,"column":2},"end":{"line":112,"column":3}},"28":{"start":{"line":111,"column":4},"end":{"line":111,"column":16}},"29":{"start":{"line":115,"column":2},"end":{"line":117,"column":3}},"30":{"start":{"line":116,"column":4},"end":{"line":116,"column":57}},"31":{"start":{"line":119,"column":2},"end":{"line":199,"column":4}},"32":{"start":{"line":163,"column":12},"end":{"line":177,"column":19}},"33":{"start":{"line":180,"column":12},"end":{"line":194,"column":19}},"34":{"start":{"line":203,"column":15},"end":{"line":213,"column":3}},"35":{"start":{"line":203,"column":43},"end":{"line":213,"column":1}}},"fnMap":{"0":{"name":"ConditionalLayout","decl":{"start":{"line":31,"column":9},"end":{"line":31,"column":26}},"loc":{"start":{"line":31,"column":72},"end":{"line":61,"column":1}},"line":31},"1":{"name":"(anonymous_1)","decl":{"start":{"line":47,"column":22},"end":{"line":47,"column":23}},"loc":{"start":{"line":47,"column":31},"end":{"line":47,"column":57}},"line":47},"2":{"name":"RootLayout","decl":{"start":{"line":63,"column":24},"end":{"line":63,"column":34}},"loc":{"start":{"line":63,"column":37},"end":{"line":200,"column":1}},"line":63},"3":{"name":"(anonymous_3)","decl":{"start":{"line":80,"column":12},"end":{"line":80,"column":13}},"loc":{"start":{"line":80,"column":18},"end":{"line":84,"column":3}},"line":80},"4":{"name":"(anonymous_4)","decl":{"start":{"line":87,"column":12},"end":{"line":87,"column":13}},"loc":{"start":{"line":87,"column":18},"end":{"line":107,"column":3}},"line":87},"5":{"name":"(anonymous_5)","decl":{"start":{"line":162,"column":19},"end":{"line":162,"column":20}},"loc":{"start":{"line":163,"column":12},"end":{"line":177,"column":19}},"line":163},"6":{"name":"(anonymous_6)","decl":{"start":{"line":179,"column":17},"end":{"line":179,"column":18}},"loc":{"start":{"line":180,"column":12},"end":{"line":194,"column":19}},"line":180},"7":{"name":"(anonymous_7)","decl":{"start":{"line":203,"column":33},"end":{"line":203,"column":34}},"loc":{"start":{"line":203,"column":43},"end":{"line":213,"column":1}},"line":203}},"branchMap":{"0":{"loc":{"start":{"line":45,"column":4},"end":{"line":47,"column":58}},"type":"binary-expr","locations":[{"start":{"line":45,"column":4},"end":{"line":45,"column":32}},{"start":{"line":46,"column":4},"end":{"line":46,"column":13}},{"start":{"line":47,"column":4},"end":{"line":47,"column":58}}],"line":45},"1":{"loc":{"start":{"line":49,"column":2},"end":{"line":58,"column":3}},"type":"if","locations":[{"start":{"line":49,"column":2},"end":{"line":58,"column":3}},{"start":{},"end":{}}],"line":49},"2":{"loc":{"start":{"line":81,"column":4},"end":{"line":83,"column":5}},"type":"if","locations":[{"start":{"line":81,"column":4},"end":{"line":83,"column":5}},{"start":{},"end":{}}],"line":81},"3":{"loc":{"start":{"line":81,"column":8},"end":{"line":81,"column":32}},"type":"binary-expr","locations":[{"start":{"line":81,"column":8},"end":{"line":81,"column":19}},{"start":{"line":81,"column":23},"end":{"line":81,"column":32}}],"line":81},"4":{"loc":{"start":{"line":88,"column":4},"end":{"line":106,"column":5}},"type":"if","locations":[{"start":{"line":88,"column":4},"end":{"line":106,"column":5}},{"start":{},"end":{}}],"line":88},"5":{"loc":{"start":{"line":90,"column":8},"end":{"line":101,"column":9}},"type":"if","locations":[{"start":{"line":90,"column":8},"end":{"line":101,"column":9}},{"start":{},"end":{}}],"line":90},"6":{"loc":{"start":{"line":95,"column":10},"end":{"line":99,"column":11}},"type":"if","locations":[{"start":{"line":95,"column":10},"end":{"line":99,"column":11}},{"start":{},"end":{}}],"line":95},"7":{"loc":{"start":{"line":110,"column":2},"end":{"line":112,"column":3}},"type":"if","locations":[{"start":{"line":110,"column":2},"end":{"line":112,"column":3}},{"start":{},"end":{}}],"line":110},"8":{"loc":{"start":{"line":110,"column":6},"end":{"line":110,"column":32}},"type":"binary-expr","locations":[{"start":{"line":110,"column":6},"end":{"line":110,"column":18}},{"start":{"line":110,"column":22},"end":{"line":110,"column":32}}],"line":110},"9":{"loc":{"start":{"line":115,"column":2},"end":{"line":117,"column":3}},"type":"if","locations":[{"start":{"line":115,"column":2},"end":{"line":117,"column":3}},{"start":{},"end":{}}],"line":115},"10":{"loc":{"start":{"line":176,"column":15},"end":{"line":176,"column":98}},"type":"binary-expr","locations":[{"start":{"line":176,"column":15},"end":{"line":176,"column":20}},{"start":{"line":176,"column":24},"end":{"line":176,"column":98}}],"line":176},"11":{"loc":{"start":{"line":193,"column":15},"end":{"line":193,"column":98}},"type":"binary-expr","locations":[{"start":{"line":193,"column":15},"end":{"line":193,"column":20}},{"start":{"line":193,"column":24},"end":{"line":193,"column":98}}],"line":193}},"s":{"0":0,"1":0,"2":0,"3":0,"4":0,"5":0,"6":0,"7":0,"8":0,"9":0,"10":0,"11":0,"12":0,"13":0,"14":0,"15":0,"16":0,"17":0,"18":0,"19":0,"20":0,"21":0,"22":0,"23":0,"24":0,"25":0,"26":0,"27":0,"28":0,"29":0,"30":0,"31":0,"32":0,"33":0,"34":0,"35":0},"f":{"0":0,"1":0,"2":0,"3":0,"4":0,"5":0,"6":0,"7":0},"b":{"0":[0,0,0],"1":[0,0],"2":[0,0],"3":[0,0],"4":[0,0],"5":[0,0],"6":[0,0],"7":[0,0],"8":[0,0],"9":[0,0],"10":[0,0],"11":[0,0]}}
,"C:\\Users\\welli\\Rota Mestre\\rotamestre-app\\app\\index.tsx": {"path":"C:\\Users\\welli\\Rota Mestre\\rotamestre-app\\app\\index.tsx","statementMap":{"0":{"start":{"line":20,"column":20},"end":{"line":20,"column":34}},"1":{"start":{"line":21,"column":17},"end":{"line":21,"column":28}},"2":{"start":{"line":22,"column":32},"end":{"line":22,"column":46}},"3":{"start":{"line":24,"column":2},"end":{"line":27,"column":9}},"4":{"start":{"line":25,"column":4},"end":{"line":25,"column":30}},"5":{"start":{"line":30,"column":4},"end":{"line":59,"column":5}},"6":{"start":{"line":31,"column":22},"end":{"line":31,"column":52}},"7":{"start":{"line":33,"column":6},"end":{"line":52,"column":7}},"8":{"start":{"line":35,"column":21},"end":{"line":35,"column":76}},"9":{"start":{"line":37,"column":8},"end":{"line":47,"column":9}},"10":{"start":{"line":38,"column":10},"end":{"line":38,"column":79}},"11":{"start":{"line":39,"column":10},"end":{"line":39,"column":46}},"12":{"start":{"line":40,"column":15},"end":{"line":47,"column":9}},"13":{"start":{"line":41,"column":10},"end":{"line":41,"column":80}},"14":{"start":{"line":42,"column":10},"end":{"line":42,"column":44}},"15":{"start":{"line":45,"column":10},"end":{"line":45,"column":85}},"16":{"start":{"line":46,"column":10},"end":{"line":46,"column":40}},"17":{"start":{"line":50,"column":8},"end":{"line":50,"column":64}},"18":{"start":{"line":51,"column":8},"end":{"line":51,"column":38}},"19":{"start":{"line":55,"column":6},"end":{"line":55,"column":58}},"20":{"start":{"line":56,"column":6},"end":{"line":56,"column":36}},"21":{"start":{"line":58,"column":6},"end":{"line":58,"column":24}},"22":{"start":{"line":63,"column":2},"end":{"line":70,"column":3}},"23":{"start":{"line":64,"column":4},"end":{"line":69,"column":6}},"24":{"start":{"line":74,"column":2},"end":{"line":74,"column":14}},"25":{"start":{"line":77,"column":15},"end":{"line":90,"column":3}},"26":{"start":{"line":77,"column":43},"end":{"line":90,"column":1}}},"fnMap":{"0":{"name":"Index","decl":{"start":{"line":19,"column":24},"end":{"line":19,"column":29}},"loc":{"start":{"line":19,"column":32},"end":{"line":75,"column":1}},"line":19},"1":{"name":"(anonymous_1)","decl":{"start":{"line":24,"column":12},"end":{"line":24,"column":13}},"loc":{"start":{"line":24,"column":18},"end":{"line":27,"column":3}},"line":24},"2":{"name":"checkSessionAndRedirect","decl":{"start":{"line":29,"column":17},"end":{"line":29,"column":40}},"loc":{"start":{"line":29,"column":43},"end":{"line":60,"column":3}},"line":29},"3":{"name":"(anonymous_3)","decl":{"start":{"line":77,"column":33},"end":{"line":77,"column":34}},"loc":{"start":{"line":77,"column":43},"end":{"line":90,"column":1}},"line":77}},"branchMap":{"0":{"loc":{"start":{"line":33,"column":6},"end":{"line":52,"column":7}},"type":"if","locations":[{"start":{"line":33,"column":6},"end":{"line":52,"column":7}},{"start":{"line":48,"column":13},"end":{"line":52,"column":7}}],"line":33},"1":{"loc":{"start":{"line":37,"column":8},"end":{"line":47,"column":9}},"type":"if","locations":[{"start":{"line":37,"column":8},"end":{"line":47,"column":9}},{"start":{"line":40,"column":15},"end":{"line":47,"column":9}}],"line":37},"2":{"loc":{"start":{"line":40,"column":15},"end":{"line":47,"column":9}},"type":"if","locations":[{"start":{"line":40,"column":15},"end":{"line":47,"column":9}},{"start":{"line":43,"column":15},"end":{"line":47,"column":9}}],"line":40},"3":{"loc":{"start":{"line":63,"column":2},"end":{"line":70,"column":3}},"type":"if","locations":[{"start":{"line":63,"column":2},"end":{"line":70,"column":3}},{"start":{},"end":{}}],"line":63}},"s":{"0":0,"1":0,"2":0,"3":0,"4":0,"5":0,"6":0,"7":0,"8":0,"9":0,"10":0,"11":0,"12":0,"13":0,"14":0,"15":0,"16":0,"17":0,"18":0,"19":0,"20":0,"21":0,"22":0,"23":0,"24":0,"25":0,"26":0},"f":{"0":0,"1":0,"2":0,"3":0},"b":{"0":[0,0],"1":[0,0],"2":[0,0],"3":[0,0]}}
,"C:\\Users\\welli\\Rota Mestre\\rotamestre-app\\app\\auth\\_layout.tsx": {"path":"C:\\Users\\welli\\Rota Mestre\\rotamestre-app\\app\\auth\\_layout.tsx","statementMap":{"0":{"start":{"line":4,"column":2},"end":{"line":31,"column":4}}},"fnMap":{"0":{"name":"AuthLayout","decl":{"start":{"line":3,"column":24},"end":{"line":3,"column":34}},"loc":{"start":{"line":3,"column":37},"end":{"line":32,"column":1}},"line":3}},"branchMap":{},"s":{"0":0},"f":{"0":0},"b":{}}
,"C:\\Users\\welli\\Rota Mestre\\rotamestre-app\\app\\auth\\forgot-password-simple.tsx": {"path":"C:\\Users\\welli\\Rota Mestre\\rotamestre-app\\app\\auth\\forgot-password-simple.tsx","statementMap":{"0":{"start":{"line":15,"column":17},"end":{"line":15,"column":28}},"1":{"start":{"line":16,"column":28},"end":{"line":16,"column":40}},"2":{"start":{"line":17,"column":32},"end":{"line":17,"column":47}},"3":{"start":{"line":18,"column":28},"end":{"line":18,"column":57}},"4":{"start":{"line":20,"column":2},"end":{"line":27,"column":9}},"5":{"start":{"line":21,"column":4},"end":{"line":26,"column":5}},"6":{"start":{"line":22,"column":6},"end":{"line":22,"column":44}},"7":{"start":{"line":24,"column":6},"end":{"line":24,"column":41}},"8":{"start":{"line":25,"column":6},"end":{"line":25,"column":28}},"9":{"start":{"line":30,"column":4},"end":{"line":33,"column":5}},"10":{"start":{"line":31,"column":6},"end":{"line":31,"column":47}},"11":{"start":{"line":32,"column":6},"end":{"line":32,"column":13}},"12":{"start":{"line":35,"column":4},"end":{"line":35,"column":21}},"13":{"start":{"line":37,"column":4},"end":{"line":50,"column":5}},"14":{"start":{"line":40,"column":6},"end":{"line":40,"column":62}},"15":{"start":{"line":40,"column":35},"end":{"line":40,"column":60}},"16":{"start":{"line":41,"column":6},"end":{"line":45,"column":8}},"17":{"start":{"line":44,"column":38},"end":{"line":44,"column":51}},"18":{"start":{"line":47,"column":6},"end":{"line":47,"column":70}},"19":{"start":{"line":49,"column":6},"end":{"line":49,"column":24}},"20":{"start":{"line":53,"column":2},"end":{"line":64,"column":3}},"21":{"start":{"line":54,"column":4},"end":{"line":63,"column":6}},"22":{"start":{"line":66,"column":2},"end":{"line":124,"column":4}},"23":{"start":{"line":115,"column":27},"end":{"line":115,"column":40}}},"fnMap":{"0":{"name":"ForgotPassword","decl":{"start":{"line":14,"column":24},"end":{"line":14,"column":38}},"loc":{"start":{"line":14,"column":41},"end":{"line":125,"column":1}},"line":14},"1":{"name":"(anonymous_1)","decl":{"start":{"line":20,"column":12},"end":{"line":20,"column":13}},"loc":{"start":{"line":20,"column":18},"end":{"line":27,"column":3}},"line":20},"2":{"name":"handleResetPassword","decl":{"start":{"line":29,"column":17},"end":{"line":29,"column":36}},"loc":{"start":{"line":29,"column":39},"end":{"line":51,"column":3}},"line":29},"3":{"name":"(anonymous_3)","decl":{"start":{"line":40,"column":24},"end":{"line":40,"column":25}},"loc":{"start":{"line":40,"column":35},"end":{"line":40,"column":60}},"line":40},"4":{"name":"(anonymous_4)","decl":{"start":{"line":44,"column":32},"end":{"line":44,"column":33}},"loc":{"start":{"line":44,"column":38},"end":{"line":44,"column":51}},"line":44},"5":{"name":"(anonymous_5)","decl":{"start":{"line":115,"column":21},"end":{"line":115,"column":22}},"loc":{"start":{"line":115,"column":27},"end":{"line":115,"column":40}},"line":115}},"branchMap":{"0":{"loc":{"start":{"line":30,"column":4},"end":{"line":33,"column":5}},"type":"if","locations":[{"start":{"line":30,"column":4},"end":{"line":33,"column":5}},{"start":{},"end":{}}],"line":30},"1":{"loc":{"start":{"line":47,"column":26},"end":{"line":47,"column":68}},"type":"binary-expr","locations":[{"start":{"line":47,"column":26},"end":{"line":47,"column":39}},{"start":{"line":47,"column":43},"end":{"line":47,"column":68}}],"line":47},"2":{"loc":{"start":{"line":53,"column":2},"end":{"line":64,"column":3}},"type":"if","locations":[{"start":{"line":53,"column":2},"end":{"line":64,"column":3}},{"start":{},"end":{}}],"line":53},"3":{"loc":{"start":{"line":104,"column":13},"end":{"line":110,"column":13}},"type":"cond-expr","locations":[{"start":{"line":105,"column":14},"end":{"line":105,"column":48}},{"start":{"line":107,"column":14},"end":{"line":109,"column":21}}],"line":104}},"s":{"0":0,"1":0,"2":0,"3":0,"4":0,"5":0,"6":0,"7":0,"8":0,"9":0,"10":0,"11":0,"12":0,"13":0,"14":0,"15":0,"16":0,"17":0,"18":0,"19":0,"20":0,"21":0,"22":0,"23":0},"f":{"0":0,"1":0,"2":0,"3":0,"4":0,"5":0},"b":{"0":[0,0],"1":[0,0],"2":[0,0],"3":[0,0]}}
,"C:\\Users\\welli\\Rota Mestre\\rotamestre-app\\app\\auth\\forgot-password.tsx": {"path":"C:\\Users\\welli\\Rota Mestre\\rotamestre-app\\app\\auth\\forgot-password.tsx","statementMap":{"0":{"start":{"line":17,"column":20},"end":{"line":17,"column":34}},"1":{"start":{"line":18,"column":17},"end":{"line":18,"column":28}},"2":{"start":{"line":19,"column":24},"end":{"line":19,"column":39}},"3":{"start":{"line":20,"column":28},"end":{"line":20,"column":40}},"4":{"start":{"line":21,"column":32},"end":{"line":21,"column":47}},"5":{"start":{"line":24,"column":4},"end":{"line":27,"column":5}},"6":{"start":{"line":25,"column":6},"end":{"line":25,"column":47}},"7":{"start":{"line":26,"column":6},"end":{"line":26,"column":13}},"8":{"start":{"line":29,"column":4},"end":{"line":29,"column":21}},"9":{"start":{"line":31,"column":4},"end":{"line":42,"column":5}},"10":{"start":{"line":32,"column":6},"end":{"line":32,"column":45}},"11":{"start":{"line":33,"column":6},"end":{"line":37,"column":8}},"12":{"start":{"line":36,"column":38},"end":{"line":36,"column":51}},"13":{"start":{"line":39,"column":6},"end":{"line":39,"column":82}},"14":{"start":{"line":41,"column":6},"end":{"line":41,"column":24}},"15":{"start":{"line":48,"column":2},"end":{"line":112,"column":3}},"16":{"start":{"line":49,"column":4},"end":{"line":111,"column":6}},"17":{"start":{"line":103,"column":31},"end":{"line":103,"column":44}},"18":{"start":{"line":117,"column":2},"end":{"line":161,"column":4}},"19":{"start":{"line":155,"column":25},"end":{"line":155,"column":38}},"20":{"start":{"line":164,"column":15},"end":{"line":289,"column":3}},"21":{"start":{"line":164,"column":43},"end":{"line":289,"column":1}}},"fnMap":{"0":{"name":"ForgotPassword","decl":{"start":{"line":16,"column":24},"end":{"line":16,"column":38}},"loc":{"start":{"line":16,"column":41},"end":{"line":162,"column":1}},"line":16},"1":{"name":"handleResetPassword","decl":{"start":{"line":23,"column":17},"end":{"line":23,"column":36}},"loc":{"start":{"line":23,"column":39},"end":{"line":43,"column":3}},"line":23},"2":{"name":"(anonymous_2)","decl":{"start":{"line":36,"column":32},"end":{"line":36,"column":33}},"loc":{"start":{"line":36,"column":38},"end":{"line":36,"column":51}},"line":36},"3":{"name":"(anonymous_3)","decl":{"start":{"line":103,"column":25},"end":{"line":103,"column":26}},"loc":{"start":{"line":103,"column":31},"end":{"line":103,"column":44}},"line":103},"4":{"name":"(anonymous_4)","decl":{"start":{"line":155,"column":19},"end":{"line":155,"column":20}},"loc":{"start":{"line":155,"column":25},"end":{"line":155,"column":38}},"line":155},"5":{"name":"(anonymous_5)","decl":{"start":{"line":164,"column":33},"end":{"line":164,"column":34}},"loc":{"start":{"line":164,"column":43},"end":{"line":289,"column":1}},"line":164}},"branchMap":{"0":{"loc":{"start":{"line":24,"column":4},"end":{"line":27,"column":5}},"type":"if","locations":[{"start":{"line":24,"column":4},"end":{"line":27,"column":5}},{"start":{},"end":{}}],"line":24},"1":{"loc":{"start":{"line":39,"column":26},"end":{"line":39,"column":80}},"type":"binary-expr","locations":[{"start":{"line":39,"column":26},"end":{"line":39,"column":39}},{"start":{"line":39,"column":43},"end":{"line":39,"column":80}}],"line":39},"2":{"loc":{"start":{"line":48,"column":2},"end":{"line":112,"column":3}},"type":"if","locations":[{"start":{"line":48,"column":2},"end":{"line":112,"column":3}},{"start":{},"end":{}}],"line":48},"3":{"loc":{"start":{"line":94,"column":17},"end":{"line":98,"column":17}},"type":"cond-expr","locations":[{"start":{"line":95,"column":18},"end":{"line":95,"column":52}},{"start":{"line":97,"column":18},"end":{"line":97,"column":83}}],"line":94},"4":{"loc":{"start":{"line":146,"column":11},"end":{"line":150,"column":11}},"type":"cond-expr","locations":[{"start":{"line":147,"column":12},"end":{"line":147,"column":46}},{"start":{"line":149,"column":12},"end":{"line":149,"column":62}}],"line":146}},"s":{"0":0,"1":0,"2":0,"3":0,"4":0,"5":0,"6":0,"7":0,"8":0,"9":0,"10":0,"11":0,"12":0,"13":0,"14":0,"15":0,"16":0,"17":0,"18":0,"19":0,"20":0,"21":0},"f":{"0":0,"1":0,"2":0,"3":0,"4":0,"5":0},"b":{"0":[0,0],"1":[0,0],"2":[0,0],"3":[0,0],"4":[0,0]}}
,"C:\\Users\\welli\\Rota Mestre\\rotamestre-app\\app\\auth\\login.tsx": {"path":"C:\\Users\\welli\\Rota Mestre\\rotamestre-app\\app\\auth\\login.tsx","statementMap":{"0":{"start":{"line":19,"column":20},"end":{"line":19,"column":34}},"1":{"start":{"line":20,"column":17},"end":{"line":20,"column":28}},"2":{"start":{"line":21,"column":61},"end":{"line":21,"column":76}},"3":{"start":{"line":22,"column":28},"end":{"line":22,"column":40}},"4":{"start":{"line":23,"column":34},"end":{"line":23,"column":46}},"5":{"start":{"line":24,"column":32},"end":{"line":24,"column":47}},"6":{"start":{"line":28,"column":4},"end":{"line":31,"column":5}},"7":{"start":{"line":29,"column":6},"end":{"line":29,"column":54}},"8":{"start":{"line":30,"column":6},"end":{"line":30,"column":13}},"9":{"start":{"line":33,"column":4},"end":{"line":33,"column":21}},"10":{"start":{"line":35,"column":4},"end":{"line":58,"column":5}},"11":{"start":{"line":36,"column":26},"end":{"line":36,"column":67}},"12":{"start":{"line":38,"column":6},"end":{"line":53,"column":7}},"13":{"start":{"line":40,"column":8},"end":{"line":43,"column":9}},"14":{"start":{"line":41,"column":10},"end":{"line":41,"column":55}},"15":{"start":{"line":42,"column":10},"end":{"line":42,"column":17}},"16":{"start":{"line":46,"column":8},"end":{"line":50,"column":9}},"17":{"start":{"line":47,"column":10},"end":{"line":47,"column":46}},"18":{"start":{"line":48,"column":15},"end":{"line":50,"column":9}},"19":{"start":{"line":49,"column":10},"end":{"line":49,"column":44}},"20":{"start":{"line":52,"column":8},"end":{"line":52,"column":54}},"21":{"start":{"line":55,"column":6},"end":{"line":55,"column":66}},"22":{"start":{"line":57,"column":6},"end":{"line":57,"column":24}},"23":{"start":{"line":64,"column":2},"end":{"line":139,"column":3}},"24":{"start":{"line":65,"column":4},"end":{"line":138,"column":6}},"25":{"start":{"line":118,"column":31},"end":{"line":118,"column":67}},"26":{"start":{"line":144,"column":2},"end":{"line":197,"column":4}},"27":{"start":{"line":179,"column":25},"end":{"line":179,"column":61}},"28":{"start":{"line":200,"column":15},"end":{"line":366,"column":3}},"29":{"start":{"line":200,"column":43},"end":{"line":366,"column":1}}},"fnMap":{"0":{"name":"Login","decl":{"start":{"line":18,"column":24},"end":{"line":18,"column":29}},"loc":{"start":{"line":18,"column":32},"end":{"line":198,"column":1}},"line":18},"1":{"name":"handleLogin","decl":{"start":{"line":27,"column":17},"end":{"line":27,"column":28}},"loc":{"start":{"line":27,"column":31},"end":{"line":59,"column":3}},"line":27},"2":{"name":"(anonymous_2)","decl":{"start":{"line":118,"column":25},"end":{"line":118,"column":26}},"loc":{"start":{"line":118,"column":31},"end":{"line":118,"column":67}},"line":118},"3":{"name":"(anonymous_3)","decl":{"start":{"line":179,"column":19},"end":{"line":179,"column":20}},"loc":{"start":{"line":179,"column":25},"end":{"line":179,"column":61}},"line":179},"4":{"name":"(anonymous_4)","decl":{"start":{"line":200,"column":33},"end":{"line":200,"column":34}},"loc":{"start":{"line":200,"column":43},"end":{"line":366,"column":1}},"line":200}},"branchMap":{"0":{"loc":{"start":{"line":28,"column":4},"end":{"line":31,"column":5}},"type":"if","locations":[{"start":{"line":28,"column":4},"end":{"line":31,"column":5}},{"start":{},"end":{}}],"line":28},"1":{"loc":{"start":{"line":28,"column":8},"end":{"line":28,"column":27}},"type":"binary-expr","locations":[{"start":{"line":28,"column":8},"end":{"line":28,"column":14}},{"start":{"line":28,"column":18},"end":{"line":28,"column":27}}],"line":28},"2":{"loc":{"start":{"line":38,"column":6},"end":{"line":53,"column":7}},"type":"if","locations":[{"start":{"line":38,"column":6},"end":{"line":53,"column":7}},{"start":{"line":51,"column":13},"end":{"line":53,"column":7}}],"line":38},"3":{"loc":{"start":{"line":40,"column":8},"end":{"line":43,"column":9}},"type":"if","locations":[{"start":{"line":40,"column":8},"end":{"line":43,"column":9}},{"start":{},"end":{}}],"line":40},"4":{"loc":{"start":{"line":46,"column":8},"end":{"line":50,"column":9}},"type":"if","locations":[{"start":{"line":46,"column":8},"end":{"line":50,"column":9}},{"start":{"line":48,"column":15},"end":{"line":50,"column":9}}],"line":46},"5":{"loc":{"start":{"line":48,"column":15},"end":{"line":50,"column":9}},"type":"if","locations":[{"start":{"line":48,"column":15},"end":{"line":50,"column":9}},{"start":{},"end":{}}],"line":48},"6":{"loc":{"start":{"line":55,"column":26},"end":{"line":55,"column":64}},"type":"binary-expr","locations":[{"start":{"line":55,"column":26},"end":{"line":55,"column":39}},{"start":{"line":55,"column":43},"end":{"line":55,"column":64}}],"line":55},"7":{"loc":{"start":{"line":64,"column":2},"end":{"line":139,"column":3}},"type":"if","locations":[{"start":{"line":64,"column":2},"end":{"line":139,"column":3}},{"start":{},"end":{}}],"line":64},"8":{"loc":{"start":{"line":128,"column":17},"end":{"line":132,"column":17}},"type":"cond-expr","locations":[{"start":{"line":129,"column":18},"end":{"line":129,"column":52}},{"start":{"line":131,"column":18},"end":{"line":131,"column":63}}],"line":128},"9":{"loc":{"start":{"line":189,"column":11},"end":{"line":193,"column":11}},"type":"cond-expr","locations":[{"start":{"line":190,"column":12},"end":{"line":190,"column":46}},{"start":{"line":192,"column":12},"end":{"line":192,"column":57}}],"line":189},"10":{"loc":{"start":{"line":204,"column":8},"end":{"line":206,"column":5}},"type":"binary-expr","locations":[{"start":{"line":204,"column":8},"end":{"line":204,"column":29}},{"start":{"line":204,"column":33},"end":{"line":206,"column":5}}],"line":204},"11":{"loc":{"start":{"line":227,"column":8},"end":{"line":229,"column":5}},"type":"binary-expr","locations":[{"start":{"line":227,"column":8},"end":{"line":227,"column":29}},{"start":{"line":227,"column":33},"end":{"line":229,"column":5}}],"line":227}},"s":{"0":0,"1":0,"2":0,"3":0,"4":0,"5":0,"6":0,"7":0,"8":0,"9":0,"10":0,"11":0,"12":0,"13":0,"14":0,"15":0,"16":0,"17":0,"18":0,"19":0,"20":0,"21":0,"22":0,"23":0,"24":0,"25":0,"26":0,"27":0,"28":0,"29":0},"f":{"0":0,"1":0,"2":0,"3":0,"4":0},"b":{"0":[0,0],"1":[0,0],"2":[0,0],"3":[0,0],"4":[0,0],"5":[0,0],"6":[0,0],"7":[0,0],"8":[0,0],"9":[0,0],"10":[0,0],"11":[0,0]}}
,"C:\\Users\\welli\\Rota Mestre\\rotamestre-app\\app\\auth\\register.tsx": {"path":"C:\\Users\\welli\\Rota Mestre\\rotamestre-app\\app\\auth\\register.tsx","statementMap":{"0":{"start":{"line":19,"column":20},"end":{"line":19,"column":34}},"1":{"start":{"line":20,"column":17},"end":{"line":20,"column":28}},"2":{"start":{"line":21,"column":24},"end":{"line":21,"column":39}},"3":{"start":{"line":22,"column":26},"end":{"line":22,"column":38}},"4":{"start":{"line":23,"column":28},"end":{"line":23,"column":40}},"5":{"start":{"line":24,"column":34},"end":{"line":24,"column":46}},"6":{"start":{"line":25,"column":48},"end":{"line":25,"column":60}},"7":{"start":{"line":26,"column":26},"end":{"line":26,"column":60}},"8":{"start":{"line":27,"column":32},"end":{"line":27,"column":47}},"9":{"start":{"line":30,"column":4},"end":{"line":33,"column":5}},"10":{"start":{"line":31,"column":6},"end":{"line":31,"column":54}},"11":{"start":{"line":32,"column":6},"end":{"line":32,"column":13}},"12":{"start":{"line":35,"column":4},"end":{"line":38,"column":5}},"13":{"start":{"line":36,"column":6},"end":{"line":36,"column":53}},"14":{"start":{"line":37,"column":6},"end":{"line":37,"column":13}},"15":{"start":{"line":40,"column":4},"end":{"line":43,"column":5}},"16":{"start":{"line":41,"column":6},"end":{"line":41,"column":70}},"17":{"start":{"line":42,"column":6},"end":{"line":42,"column":13}},"18":{"start":{"line":45,"column":4},"end":{"line":45,"column":21}},"19":{"start":{"line":47,"column":4},"end":{"line":58,"column":5}},"20":{"start":{"line":48,"column":6},"end":{"line":48,"column":60}},"21":{"start":{"line":49,"column":6},"end":{"line":53,"column":8}},"22":{"start":{"line":52,"column":38},"end":{"line":52,"column":67}},"23":{"start":{"line":55,"column":6},"end":{"line":55,"column":66}},"24":{"start":{"line":57,"column":6},"end":{"line":57,"column":24}},"25":{"start":{"line":61,"column":2},"end":{"line":184,"column":4}},"26":{"start":{"line":129,"column":33},"end":{"line":129,"column":53}},"27":{"start":{"line":146,"column":33},"end":{"line":146,"column":50}},"28":{"start":{"line":174,"column":29},"end":{"line":174,"column":42}},"29":{"start":{"line":187,"column":15},"end":{"line":287,"column":3}},"30":{"start":{"line":187,"column":43},"end":{"line":287,"column":1}}},"fnMap":{"0":{"name":"Register","decl":{"start":{"line":18,"column":24},"end":{"line":18,"column":32}},"loc":{"start":{"line":18,"column":35},"end":{"line":185,"column":1}},"line":18},"1":{"name":"handleRegister","decl":{"start":{"line":29,"column":17},"end":{"line":29,"column":31}},"loc":{"start":{"line":29,"column":34},"end":{"line":59,"column":3}},"line":29},"2":{"name":"(anonymous_2)","decl":{"start":{"line":52,"column":32},"end":{"line":52,"column":33}},"loc":{"start":{"line":52,"column":38},"end":{"line":52,"column":67}},"line":52},"3":{"name":"(anonymous_3)","decl":{"start":{"line":129,"column":27},"end":{"line":129,"column":28}},"loc":{"start":{"line":129,"column":33},"end":{"line":129,"column":53}},"line":129},"4":{"name":"(anonymous_4)","decl":{"start":{"line":146,"column":27},"end":{"line":146,"column":28}},"loc":{"start":{"line":146,"column":33},"end":{"line":146,"column":50}},"line":146},"5":{"name":"(anonymous_5)","decl":{"start":{"line":174,"column":23},"end":{"line":174,"column":24}},"loc":{"start":{"line":174,"column":29},"end":{"line":174,"column":42}},"line":174},"6":{"name":"(anonymous_6)","decl":{"start":{"line":187,"column":33},"end":{"line":187,"column":34}},"loc":{"start":{"line":187,"column":43},"end":{"line":287,"column":1}},"line":187}},"branchMap":{"0":{"loc":{"start":{"line":30,"column":4},"end":{"line":33,"column":5}},"type":"if","locations":[{"start":{"line":30,"column":4},"end":{"line":33,"column":5}},{"start":{},"end":{}}],"line":30},"1":{"loc":{"start":{"line":30,"column":8},"end":{"line":30,"column":56}},"type":"binary-expr","locations":[{"start":{"line":30,"column":8},"end":{"line":30,"column":13}},{"start":{"line":30,"column":17},"end":{"line":30,"column":23}},{"start":{"line":30,"column":27},"end":{"line":30,"column":36}},{"start":{"line":30,"column":40},"end":{"line":30,"column":56}}],"line":30},"2":{"loc":{"start":{"line":35,"column":4},"end":{"line":38,"column":5}},"type":"if","locations":[{"start":{"line":35,"column":4},"end":{"line":38,"column":5}},{"start":{},"end":{}}],"line":35},"3":{"loc":{"start":{"line":40,"column":4},"end":{"line":43,"column":5}},"type":"if","locations":[{"start":{"line":40,"column":4},"end":{"line":43,"column":5}},{"start":{},"end":{}}],"line":40},"4":{"loc":{"start":{"line":55,"column":26},"end":{"line":55,"column":64}},"type":"binary-expr","locations":[{"start":{"line":55,"column":26},"end":{"line":55,"column":39}},{"start":{"line":55,"column":43},"end":{"line":55,"column":64}}],"line":55},"5":{"loc":{"start":{"line":67,"column":38},"end":{"line":67,"column":72}},"type":"binary-expr","locations":[{"start":{"line":67,"column":38},"end":{"line":67,"column":47}},{"start":{"line":67,"column":51},"end":{"line":67,"column":72}}],"line":67},"6":{"loc":{"start":{"line":127,"column":20},"end":{"line":127,"column":67}},"type":"binary-expr","locations":[{"start":{"line":127,"column":20},"end":{"line":127,"column":40}},{"start":{"line":127,"column":44},"end":{"line":127,"column":67}}],"line":127},"7":{"loc":{"start":{"line":134,"column":22},"end":{"line":134,"column":73}},"type":"binary-expr","locations":[{"start":{"line":134,"column":22},"end":{"line":134,"column":42}},{"start":{"line":134,"column":46},"end":{"line":134,"column":73}}],"line":134},"8":{"loc":{"start":{"line":144,"column":20},"end":{"line":144,"column":64}},"type":"binary-expr","locations":[{"start":{"line":144,"column":20},"end":{"line":144,"column":37}},{"start":{"line":144,"column":41},"end":{"line":144,"column":64}}],"line":144},"9":{"loc":{"start":{"line":151,"column":22},"end":{"line":151,"column":70}},"type":"binary-expr","locations":[{"start":{"line":151,"column":22},"end":{"line":151,"column":39}},{"start":{"line":151,"column":43},"end":{"line":151,"column":70}}],"line":151},"10":{"loc":{"start":{"line":165,"column":15},"end":{"line":169,"column":15}},"type":"cond-expr","locations":[{"start":{"line":166,"column":16},"end":{"line":166,"column":50}},{"start":{"line":168,"column":16},"end":{"line":168,"column":66}}],"line":165}},"s":{"0":0,"1":0,"2":0,"3":0,"4":0,"5":0,"6":0,"7":0,"8":0,"9":0,"10":0,"11":0,"12":0,"13":0,"14":0,"15":0,"16":0,"17":0,"18":0,"19":0,"20":0,"21":0,"22":0,"23":0,"24":0,"25":0,"26":0,"27":0,"28":0,"29":0,"30":0},"f":{"0":0,"1":0,"2":0,"3":0,"4":0,"5":0,"6":0},"b":{"0":[0,0],"1":[0,0,0,0],"2":[0,0],"3":[0,0],"4":[0,0],"5":[0,0],"6":[0,0],"7":[0,0],"8":[0,0],"9":[0,0],"10":[0,0]}}
,"C:\\Users\\welli\\Rota Mestre\\rotamestre-app\\app\\auth\\reset-password.tsx": {"path":"C:\\Users\\welli\\Rota Mestre\\rotamestre-app\\app\\auth\\reset-password.tsx","statementMap":{"0":{"start":{"line":17,"column":20},"end":{"line":17,"column":34}},"1":{"start":{"line":18,"column":17},"end":{"line":18,"column":28}},"2":{"start":{"line":19,"column":24},"end":{"line":19,"column":39}},"3":{"start":{"line":20,"column":34},"end":{"line":20,"column":46}},"4":{"start":{"line":21,"column":48},"end":{"line":21,"column":60}},"5":{"start":{"line":22,"column":32},"end":{"line":22,"column":47}},"6":{"start":{"line":25,"column":4},"end":{"line":28,"column":5}},"7":{"start":{"line":26,"column":6},"end":{"line":26,"column":51}},"8":{"start":{"line":27,"column":6},"end":{"line":27,"column":19}},"9":{"start":{"line":30,"column":4},"end":{"line":33,"column":5}},"10":{"start":{"line":31,"column":6},"end":{"line":31,"column":69}},"11":{"start":{"line":32,"column":6},"end":{"line":32,"column":19}},"12":{"start":{"line":35,"column":4},"end":{"line":38,"column":5}},"13":{"start":{"line":36,"column":6},"end":{"line":36,"column":53}},"14":{"start":{"line":37,"column":6},"end":{"line":37,"column":19}},"15":{"start":{"line":40,"column":4},"end":{"line":40,"column":16}},"16":{"start":{"line":44,"column":4},"end":{"line":46,"column":5}},"17":{"start":{"line":45,"column":6},"end":{"line":45,"column":13}},"18":{"start":{"line":48,"column":4},"end":{"line":48,"column":21}},"19":{"start":{"line":50,"column":4},"end":{"line":61,"column":5}},"20":{"start":{"line":51,"column":6},"end":{"line":51,"column":49}},"21":{"start":{"line":52,"column":6},"end":{"line":56,"column":8}},"22":{"start":{"line":55,"column":38},"end":{"line":55,"column":67}},"23":{"start":{"line":58,"column":6},"end":{"line":58,"column":70}},"24":{"start":{"line":60,"column":6},"end":{"line":60,"column":24}},"25":{"start":{"line":67,"column":2},"end":{"line":142,"column":3}},"26":{"start":{"line":68,"column":4},"end":{"line":141,"column":6}},"27":{"start":{"line":133,"column":31},"end":{"line":133,"column":60}},"28":{"start":{"line":147,"column":2},"end":{"line":199,"column":4}},"29":{"start":{"line":193,"column":25},"end":{"line":193,"column":54}},"30":{"start":{"line":202,"column":15},"end":{"line":327,"column":3}},"31":{"start":{"line":202,"column":43},"end":{"line":327,"column":1}}},"fnMap":{"0":{"name":"ResetPassword","decl":{"start":{"line":16,"column":24},"end":{"line":16,"column":37}},"loc":{"start":{"line":16,"column":40},"end":{"line":200,"column":1}},"line":16},"1":{"name":"validatePassword","decl":{"start":{"line":24,"column":11},"end":{"line":24,"column":27}},"loc":{"start":{"line":24,"column":30},"end":{"line":41,"column":3}},"line":24},"2":{"name":"handleUpdatePassword","decl":{"start":{"line":43,"column":17},"end":{"line":43,"column":37}},"loc":{"start":{"line":43,"column":40},"end":{"line":62,"column":3}},"line":43},"3":{"name":"(anonymous_3)","decl":{"start":{"line":55,"column":32},"end":{"line":55,"column":33}},"loc":{"start":{"line":55,"column":38},"end":{"line":55,"column":67}},"line":55},"4":{"name":"(anonymous_4)","decl":{"start":{"line":133,"column":25},"end":{"line":133,"column":26}},"loc":{"start":{"line":133,"column":31},"end":{"line":133,"column":60}},"line":133},"5":{"name":"(anonymous_5)","decl":{"start":{"line":193,"column":19},"end":{"line":193,"column":20}},"loc":{"start":{"line":193,"column":25},"end":{"line":193,"column":54}},"line":193},"6":{"name":"(anonymous_6)","decl":{"start":{"line":202,"column":33},"end":{"line":202,"column":34}},"loc":{"start":{"line":202,"column":43},"end":{"line":327,"column":1}},"line":202}},"branchMap":{"0":{"loc":{"start":{"line":25,"column":4},"end":{"line":28,"column":5}},"type":"if","locations":[{"start":{"line":25,"column":4},"end":{"line":28,"column":5}},{"start":{},"end":{}}],"line":25},"1":{"loc":{"start":{"line":30,"column":4},"end":{"line":33,"column":5}},"type":"if","locations":[{"start":{"line":30,"column":4},"end":{"line":33,"column":5}},{"start":{},"end":{}}],"line":30},"2":{"loc":{"start":{"line":35,"column":4},"end":{"line":38,"column":5}},"type":"if","locations":[{"start":{"line":35,"column":4},"end":{"line":38,"column":5}},{"start":{},"end":{}}],"line":35},"3":{"loc":{"start":{"line":44,"column":4},"end":{"line":46,"column":5}},"type":"if","locations":[{"start":{"line":44,"column":4},"end":{"line":46,"column":5}},{"start":{},"end":{}}],"line":44},"4":{"loc":{"start":{"line":58,"column":26},"end":{"line":58,"column":68}},"type":"binary-expr","locations":[{"start":{"line":58,"column":26},"end":{"line":58,"column":39}},{"start":{"line":58,"column":43},"end":{"line":58,"column":68}}],"line":58},"5":{"loc":{"start":{"line":67,"column":2},"end":{"line":142,"column":3}},"type":"if","locations":[{"start":{"line":67,"column":2},"end":{"line":142,"column":3}},{"start":{},"end":{}}],"line":67},"6":{"loc":{"start":{"line":124,"column":17},"end":{"line":128,"column":17}},"type":"cond-expr","locations":[{"start":{"line":125,"column":18},"end":{"line":125,"column":52}},{"start":{"line":127,"column":18},"end":{"line":127,"column":72}}],"line":124},"7":{"loc":{"start":{"line":184,"column":11},"end":{"line":188,"column":11}},"type":"cond-expr","locations":[{"start":{"line":185,"column":12},"end":{"line":185,"column":46}},{"start":{"line":187,"column":12},"end":{"line":187,"column":66}}],"line":184}},"s":{"0":0,"1":0,"2":0,"3":0,"4":0,"5":0,"6":0,"7":0,"8":0,"9":0,"10":0,"11":0,"12":0,"13":0,"14":0,"15":0,"16":0,"17":0,"18":0,"19":0,"20":0,"21":0,"22":0,"23":0,"24":0,"25":0,"26":0,"27":0,"28":0,"29":0,"30":0,"31":0},"f":{"0":0,"1":0,"2":0,"3":0,"4":0,"5":0,"6":0},"b":{"0":[0,0],"1":[0,0],"2":[0,0],"3":[0,0],"4":[0,0],"5":[0,0],"6":[0,0],"7":[0,0]}}
,"C:\\Users\\welli\\Rota Mestre\\rotamestre-app\\app\\gestor\\_layout.tsx": {"path":"C:\\Users\\welli\\Rota Mestre\\rotamestre-app\\app\\gestor\\_layout.tsx","statementMap":{"0":{"start":{"line":17,"column":20},"end":{"line":17,"column":34}},"1":{"start":{"line":18,"column":17},"end":{"line":18,"column":28}},"2":{"start":{"line":19,"column":24},"end":{"line":19,"column":39}},"3":{"start":{"line":20,"column":50},"end":{"line":20,"column":65}},"4":{"start":{"line":21,"column":48},"end":{"line":21,"column":63}},"5":{"start":{"line":24,"column":4},"end":{"line":24,"column":31}},"6":{"start":{"line":25,"column":4},"end":{"line":31,"column":5}},"7":{"start":{"line":26,"column":6},"end":{"line":26,"column":34}},"8":{"start":{"line":27,"column":6},"end":{"line":27,"column":36}},"9":{"start":{"line":29,"column":6},"end":{"line":29,"column":52}},"10":{"start":{"line":30,"column":6},"end":{"line":30,"column":31}},"11":{"start":{"line":34,"column":23},"end":{"line":53,"column":3}},"12":{"start":{"line":35,"column":34},"end":{"line":35,"column":49}},"13":{"start":{"line":37,"column":4},"end":{"line":52,"column":6}},"14":{"start":{"line":39,"column":23},"end":{"line":39,"column":48}},"15":{"start":{"line":40,"column":25},"end":{"line":40,"column":41}},"16":{"start":{"line":41,"column":26},"end":{"line":41,"column":43}},"17":{"start":{"line":56,"column":2},"end":{"line":85,"column":3}},"18":{"start":{"line":57,"column":4},"end":{"line":84,"column":6}},"19":{"start":{"line":70,"column":26},"end":{"line":70,"column":52}},"20":{"start":{"line":80,"column":27},"end":{"line":80,"column":52}},"21":{"start":{"line":81,"column":26},"end":{"line":81,"column":51}},"22":{"start":{"line":88,"column":2},"end":{"line":156,"column":4}},"23":{"start":{"line":100,"column":29},"end":{"line":100,"column":45}},"24":{"start":{"line":142,"column":24},"end":{"line":142,"column":50}},"25":{"start":{"line":152,"column":25},"end":{"line":152,"column":50}},"26":{"start":{"line":153,"column":24},"end":{"line":153,"column":49}},"27":{"start":{"line":159,"column":15},"end":{"line":185,"column":3}},"28":{"start":{"line":159,"column":43},"end":{"line":185,"column":1}}},"fnMap":{"0":{"name":"GestorLayout","decl":{"start":{"line":16,"column":24},"end":{"line":16,"column":36}},"loc":{"start":{"line":16,"column":39},"end":{"line":157,"column":1}},"line":16},"1":{"name":"handleLogoutConfirm","decl":{"start":{"line":23,"column":17},"end":{"line":23,"column":36}},"loc":{"start":{"line":23,"column":39},"end":{"line":32,"column":3}},"line":23},"2":{"name":"(anonymous_2)","decl":{"start":{"line":34,"column":23},"end":{"line":34,"column":24}},"loc":{"start":{"line":34,"column":29},"end":{"line":53,"column":3}},"line":34},"3":{"name":"(anonymous_3)","decl":{"start":{"line":39,"column":17},"end":{"line":39,"column":18}},"loc":{"start":{"line":39,"column":23},"end":{"line":39,"column":48}},"line":39},"4":{"name":"(anonymous_4)","decl":{"start":{"line":40,"column":19},"end":{"line":40,"column":20}},"loc":{"start":{"line":40,"column":25},"end":{"line":40,"column":41}},"line":40},"5":{"name":"(anonymous_5)","decl":{"start":{"line":41,"column":20},"end":{"line":41,"column":21}},"loc":{"start":{"line":41,"column":26},"end":{"line":41,"column":43}},"line":41},"6":{"name":"(anonymous_6)","decl":{"start":{"line":70,"column":20},"end":{"line":70,"column":21}},"loc":{"start":{"line":70,"column":26},"end":{"line":70,"column":52}},"line":70},"7":{"name":"(anonymous_7)","decl":{"start":{"line":80,"column":21},"end":{"line":80,"column":22}},"loc":{"start":{"line":80,"column":27},"end":{"line":80,"column":52}},"line":80},"8":{"name":"(anonymous_8)","decl":{"start":{"line":81,"column":20},"end":{"line":81,"column":21}},"loc":{"start":{"line":81,"column":26},"end":{"line":81,"column":51}},"line":81},"9":{"name":"(anonymous_9)","decl":{"start":{"line":100,"column":23},"end":{"line":100,"column":24}},"loc":{"start":{"line":100,"column":29},"end":{"line":100,"column":45}},"line":100},"10":{"name":"(anonymous_10)","decl":{"start":{"line":142,"column":18},"end":{"line":142,"column":19}},"loc":{"start":{"line":142,"column":24},"end":{"line":142,"column":50}},"line":142},"11":{"name":"(anonymous_11)","decl":{"start":{"line":152,"column":19},"end":{"line":152,"column":20}},"loc":{"start":{"line":152,"column":25},"end":{"line":152,"column":50}},"line":152},"12":{"name":"(anonymous_12)","decl":{"start":{"line":153,"column":18},"end":{"line":153,"column":19}},"loc":{"start":{"line":153,"column":24},"end":{"line":153,"column":49}},"line":153},"13":{"name":"(anonymous_13)","decl":{"start":{"line":159,"column":33},"end":{"line":159,"column":34}},"loc":{"start":{"line":159,"column":43},"end":{"line":185,"column":1}},"line":159}},"branchMap":{"0":{"loc":{"start":{"line":44,"column":10},"end":{"line":44,"column":47}},"type":"binary-expr","locations":[{"start":{"line":44,"column":10},"end":{"line":44,"column":17}},{"start":{"line":44,"column":21},"end":{"line":44,"column":47}}],"line":44},"1":{"loc":{"start":{"line":56,"column":2},"end":{"line":85,"column":3}},"type":"if","locations":[{"start":{"line":56,"column":2},"end":{"line":85,"column":3}},{"start":{},"end":{}}],"line":56}},"s":{"0":0,"1":0,"2":0,"3":0,"4":0,"5":0,"6":0,"7":0,"8":0,"9":0,"10":0,"11":0,"12":0,"13":0,"14":0,"15":0,"16":0,"17":0,"18":0,"19":0,"20":0,"21":0,"22":0,"23":0,"24":0,"25":0,"26":0,"27":0,"28":0},"f":{"0":0,"1":0,"2":0,"3":0,"4":0,"5":0,"6":0,"7":0,"8":0,"9":0,"10":0,"11":0,"12":0,"13":0},"b":{"0":[0,0],"1":[0,0]}}
,"C:\\Users\\welli\\Rota Mestre\\rotamestre-app\\app\\gestor\\dashboard.tsx": {"path":"C:\\Users\\welli\\Rota Mestre\\rotamestre-app\\app\\gestor\\dashboard.tsx","statementMap":{"0":{"start":{"line":11,"column":24},"end":{"line":11,"column":39}},"1":{"start":{"line":12,"column":24},"end":{"line":12,"column":42}},"2":{"start":{"line":15,"column":2},"end":{"line":17,"column":3}},"3":{"start":{"line":16,"column":4},"end":{"line":16,"column":51}},"4":{"start":{"line":19,"column":2},"end":{"line":19,"column":48}}},"fnMap":{"0":{"name":"Dashboard","decl":{"start":{"line":10,"column":24},"end":{"line":10,"column":33}},"loc":{"start":{"line":10,"column":36},"end":{"line":20,"column":1}},"line":10}},"branchMap":{"0":{"loc":{"start":{"line":15,"column":2},"end":{"line":17,"column":3}},"type":"if","locations":[{"start":{"line":15,"column":2},"end":{"line":17,"column":3}},{"start":{},"end":{}}],"line":15}},"s":{"0":0,"1":0,"2":0,"3":0,"4":0},"f":{"0":0},"b":{"0":[0,0]}}
,"C:\\Users\\welli\\Rota Mestre\\rotamestre-app\\app\\gestor\\historico.tsx": {"path":"C:\\Users\\welli\\Rota Mestre\\rotamestre-app\\app\\gestor\\historico.tsx","statementMap":{"0":{"start":{"line":48,"column":20},"end":{"line":48,"column":34}},"1":{"start":{"line":49,"column":17},"end":{"line":49,"column":28}},"2":{"start":{"line":50,"column":23},"end":{"line":50,"column":32}},"3":{"start":{"line":51,"column":65},"end":{"line":51,"column":75}},"4":{"start":{"line":53,"column":28},"end":{"line":53,"column":57}},"5":{"start":{"line":54,"column":46},"end":{"line":54,"column":75}},"6":{"start":{"line":55,"column":32},"end":{"line":55,"column":46}},"7":{"start":{"line":56,"column":42},"end":{"line":56,"column":73}},"8":{"start":{"line":59,"column":50},"end":{"line":59,"column":65}},"9":{"start":{"line":60,"column":42},"end":{"line":60,"column":78}},"10":{"start":{"line":62,"column":2},"end":{"line":66,"column":17}},"11":{"start":{"line":63,"column":4},"end":{"line":65,"column":5}},"12":{"start":{"line":64,"column":6},"end":{"line":64,"column":22}},"13":{"start":{"line":68,"column":2},"end":{"line":70,"column":28}},"14":{"start":{"line":69,"column":4},"end":{"line":69,"column":21}},"15":{"start":{"line":77,"column":4},"end":{"line":115,"column":5}},"16":{"start":{"line":78,"column":6},"end":{"line":78,"column":23}},"17":{"start":{"line":81,"column":53},"end":{"line":86,"column":19}},"18":{"start":{"line":88,"column":6},"end":{"line":88,"column":39}},"19":{"start":{"line":88,"column":22},"end":{"line":88,"column":39}},"20":{"start":{"line":91,"column":30},"end":{"line":107,"column":7}},"21":{"start":{"line":93,"column":40},"end":{"line":97,"column":38}},"22":{"start":{"line":99,"column":10},"end":{"line":105,"column":12}},"23":{"start":{"line":104,"column":41},"end":{"line":104,"column":65}},"24":{"start":{"line":109,"column":6},"end":{"line":109,"column":51}},"25":{"start":{"line":111,"column":6},"end":{"line":111,"column":58}},"26":{"start":{"line":112,"column":6},"end":{"line":112,"column":67}},"27":{"start":{"line":114,"column":6},"end":{"line":114,"column":24}},"28":{"start":{"line":119,"column":20},"end":{"line":119,"column":30}},"29":{"start":{"line":122,"column":4},"end":{"line":124,"column":5}},"30":{"start":{"line":123,"column":6},"end":{"line":123,"column":75}},"31":{"start":{"line":123,"column":45},"end":{"line":123,"column":73}},"32":{"start":{"line":126,"column":4},"end":{"line":126,"column":33}},"33":{"start":{"line":134,"column":4},"end":{"line":134,"column":51}},"34":{"start":{"line":139,"column":4},"end":{"line":157,"column":5}},"35":{"start":{"line":140,"column":6},"end":{"line":140,"column":28}},"36":{"start":{"line":141,"column":6},"end":{"line":141,"column":32}},"37":{"start":{"line":144,"column":23},"end":{"line":144,"column":196}},"38":{"start":{"line":145,"column":6},"end":{"line":156,"column":8}},"39":{"start":{"line":153,"column":27},"end":{"line":153,"column":49}},"40":{"start":{"line":160,"column":30},"end":{"line":166,"column":3}},"41":{"start":{"line":161,"column":4},"end":{"line":161,"column":31}},"42":{"start":{"line":162,"column":4},"end":{"line":165,"column":5}},"43":{"start":{"line":163,"column":6},"end":{"line":163,"column":37}},"44":{"start":{"line":164,"column":6},"end":{"line":164,"column":28}},"45":{"start":{"line":168,"column":29},"end":{"line":171,"column":3}},"46":{"start":{"line":169,"column":4},"end":{"line":169,"column":31}},"47":{"start":{"line":170,"column":4},"end":{"line":170,"column":26}},"48":{"start":{"line":174,"column":4},"end":{"line":208,"column":5}},"49":{"start":{"line":175,"column":6},"end":{"line":202,"column":8}},"50":{"start":{"line":177,"column":28},"end":{"line":180,"column":30}},"51":{"start":{"line":182,"column":10},"end":{"line":182,"column":33}},"52":{"start":{"line":182,"column":21},"end":{"line":182,"column":33}},"53":{"start":{"line":185,"column":10},"end":{"line":195,"column":13}},"54":{"start":{"line":205,"column":6},"end":{"line":205,"column":22}},"55":{"start":{"line":207,"column":6},"end":{"line":207,"column":52}},"56":{"start":{"line":216,"column":4},"end":{"line":222,"column":5}},"57":{"start":{"line":217,"column":23},"end":{"line":217,"column":41}},"58":{"start":{"line":218,"column":27},"end":{"line":218,"column":49}},"59":{"start":{"line":219,"column":24},"end":{"line":219,"column":43}},"60":{"start":{"line":220,"column":24},"end":{"line":220,"column":43}},"61":{"start":{"line":221,"column":15},"end":{"line":221,"column":29}},"62":{"start":{"line":226,"column":4},"end":{"line":232,"column":5}},"63":{"start":{"line":227,"column":23},"end":{"line":227,"column":40}},"64":{"start":{"line":228,"column":27},"end":{"line":228,"column":44}},"65":{"start":{"line":229,"column":24},"end":{"line":229,"column":41}},"66":{"start":{"line":230,"column":24},"end":{"line":230,"column":41}},"67":{"start":{"line":231,"column":15},"end":{"line":231,"column":32}},"68":{"start":{"line":236,"column":17},"end":{"line":236,"column":34}},"69":{"start":{"line":237,"column":4},"end":{"line":237,"column":44}},"70":{"start":{"line":244,"column":52},"end":{"line":320,"column":3}},"71":{"start":{"line":250,"column":24},"end":{"line":250,"column":47}},"72":{"start":{"line":257,"column":24},"end":{"line":257,"column":63}},"73":{"start":{"line":264,"column":24},"end":{"line":264,"column":84}},"74":{"start":{"line":272,"column":24},"end":{"line":272,"column":92}},"75":{"start":{"line":279,"column":24},"end":{"line":286,"column":13}},"76":{"start":{"line":293,"column":24},"end":{"line":300,"column":13}},"77":{"start":{"line":308,"column":8},"end":{"line":317,"column":15}},"78":{"start":{"line":322,"column":52},"end":{"line":335,"column":3}},"79":{"start":{"line":341,"column":2},"end":{"line":348,"column":3}},"80":{"start":{"line":342,"column":4},"end":{"line":347,"column":6}},"81":{"start":{"line":350,"column":2},"end":{"line":451,"column":4}},"82":{"start":{"line":366,"column":31},"end":{"line":366,"column":66}},"83":{"start":{"line":390,"column":14},"end":{"line":406,"column":33}},"84":{"start":{"line":396,"column":31},"end":{"line":396,"column":54}},"85":{"start":{"line":416,"column":34},"end":{"line":416,"column":41}},"86":{"start":{"line":458,"column":15},"end":{"line":599,"column":3}},"87":{"start":{"line":458,"column":43},"end":{"line":599,"column":1}}},"fnMap":{"0":{"name":"HistoricoGestor","decl":{"start":{"line":47,"column":24},"end":{"line":47,"column":39}},"loc":{"start":{"line":47,"column":42},"end":{"line":452,"column":1}},"line":47},"1":{"name":"(anonymous_1)","decl":{"start":{"line":62,"column":12},"end":{"line":62,"column":13}},"loc":{"start":{"line":62,"column":18},"end":{"line":66,"column":3}},"line":62},"2":{"name":"(anonymous_2)","decl":{"start":{"line":68,"column":12},"end":{"line":68,"column":13}},"loc":{"start":{"line":68,"column":18},"end":{"line":70,"column":3}},"line":68},"3":{"name":"loadHistorico","decl":{"start":{"line":76,"column":17},"end":{"line":76,"column":30}},"loc":{"start":{"line":76,"column":33},"end":{"line":116,"column":3}},"line":76},"4":{"name":"(anonymous_4)","decl":{"start":{"line":92,"column":30},"end":{"line":92,"column":31}},"loc":{"start":{"line":92,"column":46},"end":{"line":106,"column":9}},"line":92},"5":{"name":"(anonymous_5)","decl":{"start":{"line":104,"column":34},"end":{"line":104,"column":35}},"loc":{"start":{"line":104,"column":41},"end":{"line":104,"column":65}},"line":104},"6":{"name":"aplicarFiltros","decl":{"start":{"line":118,"column":11},"end":{"line":118,"column":25}},"loc":{"start":{"line":118,"column":28},"end":{"line":127,"column":3}},"line":118},"7":{"name":"(anonymous_7)","decl":{"start":{"line":123,"column":35},"end":{"line":123,"column":36}},"loc":{"start":{"line":123,"column":45},"end":{"line":123,"column":73}},"line":123},"8":{"name":"verDetalhes","decl":{"start":{"line":133,"column":11},"end":{"line":133,"column":22}},"loc":{"start":{"line":133,"column":44},"end":{"line":135,"column":3}},"line":133},"9":{"name":"excluirRota","decl":{"start":{"line":137,"column":17},"end":{"line":137,"column":28}},"loc":{"start":{"line":137,"column":50},"end":{"line":158,"column":3}},"line":137},"10":{"name":"(anonymous_10)","decl":{"start":{"line":153,"column":21},"end":{"line":153,"column":22}},"loc":{"start":{"line":153,"column":27},"end":{"line":153,"column":49}},"line":153},"11":{"name":"(anonymous_11)","decl":{"start":{"line":160,"column":30},"end":{"line":160,"column":31}},"loc":{"start":{"line":160,"column":36},"end":{"line":166,"column":3}},"line":160},"12":{"name":"(anonymous_12)","decl":{"start":{"line":168,"column":29},"end":{"line":168,"column":30}},"loc":{"start":{"line":168,"column":35},"end":{"line":171,"column":3}},"line":168},"13":{"name":"executarExclusao","decl":{"start":{"line":173,"column":17},"end":{"line":173,"column":33}},"loc":{"start":{"line":173,"column":55},"end":{"line":209,"column":3}},"line":173},"14":{"name":"(anonymous_14)","decl":{"start":{"line":176,"column":8},"end":{"line":176,"column":9}},"loc":{"start":{"line":176,"column":20},"end":{"line":196,"column":9}},"line":176},"15":{"name":"getStatusLabel","decl":{"start":{"line":215,"column":11},"end":{"line":215,"column":25}},"loc":{"start":{"line":215,"column":50},"end":{"line":223,"column":3}},"line":215},"16":{"name":"getStatusColor","decl":{"start":{"line":225,"column":11},"end":{"line":225,"column":25}},"loc":{"start":{"line":225,"column":50},"end":{"line":233,"column":3}},"line":225},"17":{"name":"formatarData","decl":{"start":{"line":235,"column":11},"end":{"line":235,"column":23}},"loc":{"start":{"line":235,"column":49},"end":{"line":238,"column":3}},"line":235},"18":{"name":"(anonymous_18)","decl":{"start":{"line":250,"column":14},"end":{"line":250,"column":15}},"loc":{"start":{"line":250,"column":24},"end":{"line":250,"column":47}},"line":250},"19":{"name":"(anonymous_19)","decl":{"start":{"line":257,"column":14},"end":{"line":257,"column":15}},"loc":{"start":{"line":257,"column":24},"end":{"line":257,"column":63}},"line":257},"20":{"name":"(anonymous_20)","decl":{"start":{"line":264,"column":14},"end":{"line":264,"column":15}},"loc":{"start":{"line":264,"column":24},"end":{"line":264,"column":84}},"line":264},"21":{"name":"(anonymous_21)","decl":{"start":{"line":272,"column":14},"end":{"line":272,"column":15}},"loc":{"start":{"line":272,"column":24},"end":{"line":272,"column":92}},"line":272},"22":{"name":"(anonymous_22)","decl":{"start":{"line":279,"column":14},"end":{"line":279,"column":15}},"loc":{"start":{"line":279,"column":24},"end":{"line":286,"column":13}},"line":279},"23":{"name":"(anonymous_23)","decl":{"start":{"line":293,"column":14},"end":{"line":293,"column":15}},"loc":{"start":{"line":293,"column":24},"end":{"line":300,"column":13}},"line":293},"24":{"name":"(anonymous_24)","decl":{"start":{"line":307,"column":14},"end":{"line":307,"column":15}},"loc":{"start":{"line":308,"column":8},"end":{"line":317,"column":15}},"line":308},"25":{"name":"(anonymous_25)","decl":{"start":{"line":366,"column":25},"end":{"line":366,"column":26}},"loc":{"start":{"line":366,"column":31},"end":{"line":366,"column":66}},"line":366},"26":{"name":"(anonymous_26)","decl":{"start":{"line":389,"column":101},"end":{"line":389,"column":102}},"loc":{"start":{"line":390,"column":14},"end":{"line":406,"column":33}},"line":390},"27":{"name":"(anonymous_27)","decl":{"start":{"line":396,"column":25},"end":{"line":396,"column":26}},"loc":{"start":{"line":396,"column":31},"end":{"line":396,"column":54}},"line":396},"28":{"name":"(anonymous_28)","decl":{"start":{"line":416,"column":24},"end":{"line":416,"column":25}},"loc":{"start":{"line":416,"column":34},"end":{"line":416,"column":41}},"line":416},"29":{"name":"(anonymous_29)","decl":{"start":{"line":458,"column":33},"end":{"line":458,"column":34}},"loc":{"start":{"line":458,"column":43},"end":{"line":599,"column":1}},"line":458}},"branchMap":{"0":{"loc":{"start":{"line":63,"column":4},"end":{"line":65,"column":5}},"type":"if","locations":[{"start":{"line":63,"column":4},"end":{"line":65,"column":5}},{"start":{},"end":{}}],"line":63},"1":{"loc":{"start":{"line":88,"column":6},"end":{"line":88,"column":39}},"type":"if","locations":[{"start":{"line":88,"column":6},"end":{"line":88,"column":39}},{"start":{},"end":{}}],"line":88},"2":{"loc":{"start":{"line":92,"column":9},"end":{"line":92,"column":24}},"type":"binary-expr","locations":[{"start":{"line":92,"column":9},"end":{"line":92,"column":18}},{"start":{"line":92,"column":22},"end":{"line":92,"column":24}}],"line":92},"3":{"loc":{"start":{"line":102,"column":27},"end":{"line":102,"column":51}},"type":"binary-expr","locations":[{"start":{"line":102,"column":27},"end":{"line":102,"column":46}},{"start":{"line":102,"column":50},"end":{"line":102,"column":51}}],"line":102},"4":{"loc":{"start":{"line":104,"column":14},"end":{"line":104,"column":78}},"type":"binary-expr","locations":[{"start":{"line":104,"column":14},"end":{"line":104,"column":73}},{"start":{"line":104,"column":77},"end":{"line":104,"column":78}}],"line":104},"5":{"loc":{"start":{"line":122,"column":4},"end":{"line":124,"column":5}},"type":"if","locations":[{"start":{"line":122,"column":4},"end":{"line":124,"column":5}},{"start":{},"end":{}}],"line":122},"6":{"loc":{"start":{"line":139,"column":4},"end":{"line":157,"column":5}},"type":"if","locations":[{"start":{"line":139,"column":4},"end":{"line":157,"column":5}},{"start":{"line":142,"column":11},"end":{"line":157,"column":5}}],"line":139},"7":{"loc":{"start":{"line":144,"column":82},"end":{"line":144,"column":121}},"type":"binary-expr","locations":[{"start":{"line":144,"column":82},"end":{"line":144,"column":102}},{"start":{"line":144,"column":106},"end":{"line":144,"column":121}}],"line":144},"8":{"loc":{"start":{"line":144,"column":135},"end":{"line":144,"column":158}},"type":"binary-expr","locations":[{"start":{"line":144,"column":135},"end":{"line":144,"column":153}},{"start":{"line":144,"column":157},"end":{"line":144,"column":158}}],"line":144},"9":{"loc":{"start":{"line":162,"column":4},"end":{"line":165,"column":5}},"type":"if","locations":[{"start":{"line":162,"column":4},"end":{"line":165,"column":5}},{"start":{},"end":{}}],"line":162},"10":{"loc":{"start":{"line":182,"column":10},"end":{"line":182,"column":33}},"type":"if","locations":[{"start":{"line":182,"column":10},"end":{"line":182,"column":33}},{"start":{},"end":{}}],"line":182},"11":{"loc":{"start":{"line":216,"column":4},"end":{"line":222,"column":5}},"type":"switch","locations":[{"start":{"line":217,"column":6},"end":{"line":217,"column":41}},{"start":{"line":218,"column":6},"end":{"line":218,"column":49}},{"start":{"line":219,"column":6},"end":{"line":219,"column":43}},{"start":{"line":220,"column":6},"end":{"line":220,"column":43}},{"start":{"line":221,"column":6},"end":{"line":221,"column":29}}],"line":216},"12":{"loc":{"start":{"line":226,"column":4},"end":{"line":232,"column":5}},"type":"switch","locations":[{"start":{"line":227,"column":6},"end":{"line":227,"column":40}},{"start":{"line":228,"column":6},"end":{"line":228,"column":44}},{"start":{"line":229,"column":6},"end":{"line":229,"column":41}},{"start":{"line":230,"column":6},"end":{"line":230,"column":41}},{"start":{"line":231,"column":6},"end":{"line":231,"column":32}}],"line":226},"13":{"loc":{"start":{"line":257,"column":24},"end":{"line":257,"column":63}},"type":"binary-expr","locations":[{"start":{"line":257,"column":24},"end":{"line":257,"column":44}},{"start":{"line":257,"column":48},"end":{"line":257,"column":63}}],"line":257},"14":{"loc":{"start":{"line":264,"column":27},"end":{"line":264,"column":55}},"type":"binary-expr","locations":[{"start":{"line":264,"column":27},"end":{"line":264,"column":50}},{"start":{"line":264,"column":54},"end":{"line":264,"column":55}}],"line":264},"15":{"loc":{"start":{"line":264,"column":59},"end":{"line":264,"column":82}},"type":"binary-expr","locations":[{"start":{"line":264,"column":59},"end":{"line":264,"column":77}},{"start":{"line":264,"column":81},"end":{"line":264,"column":82}}],"line":264},"16":{"loc":{"start":{"line":272,"column":24},"end":{"line":272,"column":92}},"type":"cond-expr","locations":[{"start":{"line":272,"column":47},"end":{"line":272,"column":86}},{"start":{"line":272,"column":89},"end":{"line":272,"column":92}}],"line":272},"17":{"loc":{"start":{"line":279,"column":24},"end":{"line":286,"column":13}},"type":"cond-expr","locations":[{"start":{"line":280,"column":10},"end":{"line":285,"column":12}},{"start":{"line":286,"column":10},"end":{"line":286,"column":13}}],"line":279},"18":{"loc":{"start":{"line":293,"column":24},"end":{"line":300,"column":13}},"type":"cond-expr","locations":[{"start":{"line":294,"column":10},"end":{"line":299,"column":12}},{"start":{"line":300,"column":10},"end":{"line":300,"column":13}}],"line":293},"19":{"loc":{"start":{"line":341,"column":2},"end":{"line":348,"column":3}},"type":"if","locations":[{"start":{"line":341,"column":2},"end":{"line":348,"column":3}},{"start":{},"end":{}}],"line":341},"20":{"loc":{"start":{"line":362,"column":11},"end":{"line":371,"column":11}},"type":"binary-expr","locations":[{"start":{"line":362,"column":11},"end":{"line":362,"column":32}},{"start":{"line":363,"column":12},"end":{"line":370,"column":19}}],"line":362},"21":{"loc":{"start":{"line":394,"column":18},"end":{"line":394,"column":70}},"type":"binary-expr","locations":[{"start":{"line":394,"column":18},"end":{"line":394,"column":41}},{"start":{"line":394,"column":45},"end":{"line":394,"column":70}}],"line":394},"22":{"loc":{"start":{"line":401,"column":20},"end":{"line":401,"column":76}},"type":"binary-expr","locations":[{"start":{"line":401,"column":20},"end":{"line":401,"column":43}},{"start":{"line":401,"column":47},"end":{"line":401,"column":76}}],"line":401},"23":{"loc":{"start":{"line":404,"column":19},"end":{"line":404,"column":72}},"type":"cond-expr","locations":[{"start":{"line":404,"column":40},"end":{"line":404,"column":47}},{"start":{"line":404,"column":50},"end":{"line":404,"column":72}}],"line":404},"24":{"loc":{"start":{"line":426,"column":17},"end":{"line":428,"column":55}},"type":"cond-expr","locations":[{"start":{"line":427,"column":20},"end":{"line":427,"column":46}},{"start":{"line":428,"column":20},"end":{"line":428,"column":55}}],"line":426},"25":{"loc":{"start":{"line":440,"column":76},"end":{"line":440,"column":124}},"type":"binary-expr","locations":[{"start":{"line":440,"column":76},"end":{"line":440,"column":105}},{"start":{"line":440,"column":109},"end":{"line":440,"column":124}}],"line":440},"26":{"loc":{"start":{"line":440,"column":138},"end":{"line":440,"column":170}},"type":"binary-expr","locations":[{"start":{"line":440,"column":138},"end":{"line":440,"column":165}},{"start":{"line":440,"column":169},"end":{"line":440,"column":170}}],"line":440},"27":{"loc":{"start":{"line":440,"column":183},"end":{"line":440,"column":247}},"type":"cond-expr","locations":[{"start":{"line":440,"column":206},"end":{"line":440,"column":241}},{"start":{"line":440,"column":244},"end":{"line":440,"column":247}}],"line":440}},"s":{"0":0,"1":0,"2":0,"3":0,"4":0,"5":0,"6":0,"7":0,"8":0,"9":0,"10":0,"11":0,"12":0,"13":0,"14":0,"15":0,"16":0,"17":0,"18":0,"19":0,"20":0,"21":0,"22":0,"23":0,"24":0,"25":0,"26":0,"27":0,"28":0,"29":0,"30":0,"31":0,"32":0,"33":0,"34":0,"35":0,"36":0,"37":0,"38":0,"39":0,"40":0,"41":0,"42":0,"43":0,"44":0,"45":0,"46":0,"47":0,"48":0,"49":0,"50":0,"51":0,"52":0,"53":0,"54":0,"55":0,"56":0,"57":0,"58":0,"59":0,"60":0,"61":0,"62":0,"63":0,"64":0,"65":0,"66":0,"67":0,"68":0,"69":0,"70":0,"71":0,"72":0,"73":0,"74":0,"75":0,"76":0,"77":0,"78":0,"79":0,"80":0,"81":0,"82":0,"83":0,"84":0,"85":0,"86":0,"87":0},"f":{"0":0,"1":0,"2":0,"3":0,"4":0,"5":0,"6":0,"7":0,"8":0,"9":0,"10":0,"11":0,"12":0,"13":0,"14":0,"15":0,"16":0,"17":0,"18":0,"19":0,"20":0,"21":0,"22":0,"23":0,"24":0,"25":0,"26":0,"27":0,"28":0,"29":0},"b":{"0":[0,0],"1":[0,0],"2":[0,0],"3":[0,0],"4":[0,0],"5":[0,0],"6":[0,0],"7":[0,0],"8":[0,0],"9":[0,0],"10":[0,0],"11":[0,0,0,0,0],"12":[0,0,0,0,0],"13":[0,0],"14":[0,0],"15":[0,0],"16":[0,0],"17":[0,0],"18":[0,0],"19":[0,0],"20":[0,0],"21":[0,0],"22":[0,0],"23":[0,0],"24":[0,0],"25":[0,0],"26":[0,0],"27":[0,0]}}
,"C:\\Users\\welli\\Rota Mestre\\rotamestre-app\\app\\gestor\\mapa-rota.tsx": {"path":"C:\\Users\\welli\\Rota Mestre\\rotamestre-app\\app\\gestor\\mapa-rota.tsx","statementMap":{"0":{"start":{"line":45,"column":20},"end":{"line":45,"column":34}},"1":{"start":{"line":46,"column":17},"end":{"line":46,"column":39}},"2":{"start":{"line":47,"column":17},"end":{"line":47,"column":28}},"3":{"start":{"line":48,"column":42},"end":{"line":48,"column":52}},"4":{"start":{"line":49,"column":32},"end":{"line":49,"column":46}},"5":{"start":{"line":50,"column":26},"end":{"line":50,"column":53}},"6":{"start":{"line":51,"column":32},"end":{"line":51,"column":54}},"7":{"start":{"line":52,"column":50},"end":{"line":52,"column":65}},"8":{"start":{"line":53,"column":48},"end":{"line":53,"column":77}},"9":{"start":{"line":55,"column":2},"end":{"line":62,"column":11}},"10":{"start":{"line":56,"column":4},"end":{"line":61,"column":5}},"11":{"start":{"line":57,"column":6},"end":{"line":57,"column":25}},"12":{"start":{"line":60,"column":6},"end":{"line":60,"column":24}},"13":{"start":{"line":65,"column":4},"end":{"line":98,"column":5}},"14":{"start":{"line":66,"column":6},"end":{"line":66,"column":23}},"15":{"start":{"line":69,"column":51},"end":{"line":73,"column":17}},"16":{"start":{"line":75,"column":6},"end":{"line":75,"column":37}},"17":{"start":{"line":75,"column":21},"end":{"line":75,"column":37}},"18":{"start":{"line":77,"column":6},"end":{"line":80,"column":9}},"19":{"start":{"line":83,"column":57},"end":{"line":87,"column":23}},"20":{"start":{"line":89,"column":6},"end":{"line":89,"column":43}},"21":{"start":{"line":89,"column":24},"end":{"line":89,"column":43}},"22":{"start":{"line":91,"column":6},"end":{"line":91,"column":36}},"23":{"start":{"line":93,"column":6},"end":{"line":93,"column":53}},"24":{"start":{"line":94,"column":6},"end":{"line":94,"column":71}},"25":{"start":{"line":95,"column":6},"end":{"line":95,"column":20}},"26":{"start":{"line":97,"column":6},"end":{"line":97,"column":24}},"27":{"start":{"line":101,"column":2},"end":{"line":108,"column":3}},"28":{"start":{"line":102,"column":4},"end":{"line":107,"column":6}},"29":{"start":{"line":111,"column":2},"end":{"line":143,"column":3}},"30":{"start":{"line":112,"column":4},"end":{"line":142,"column":6}},"31":{"start":{"line":114,"column":41},"end":{"line":114,"column":54}},"32":{"start":{"line":127,"column":27},"end":{"line":127,"column":59}},"33":{"start":{"line":136,"column":27},"end":{"line":136,"column":62}},"34":{"start":{"line":145,"column":2},"end":{"line":154,"column":3}},"35":{"start":{"line":146,"column":4},"end":{"line":153,"column":6}},"36":{"start":{"line":149,"column":67},"end":{"line":149,"column":80}},"37":{"start":{"line":157,"column":18},"end":{"line":166,"column":3}},"38":{"start":{"line":158,"column":24},"end":{"line":158,"column":54}},"39":{"start":{"line":159,"column":24},"end":{"line":159,"column":43}},"40":{"start":{"line":161,"column":4},"end":{"line":165,"column":6}},"41":{"start":{"line":169,"column":22},"end":{"line":274,"column":3}},"42":{"start":{"line":170,"column":4},"end":{"line":273,"column":11}},"43":{"start":{"line":176,"column":8},"end":{"line":248,"column":17}},"44":{"start":{"line":234,"column":20},"end":{"line":234,"column":57}},"45":{"start":{"line":235,"column":20},"end":{"line":235,"column":46}},"46":{"start":{"line":261,"column":37},"end":{"line":261,"column":61}},"47":{"start":{"line":267,"column":37},"end":{"line":267,"column":60}},"48":{"start":{"line":277,"column":22},"end":{"line":294,"column":3}},"49":{"start":{"line":278,"column":24},"end":{"line":278,"column":54}},"50":{"start":{"line":279,"column":4},"end":{"line":279,"column":39}},"51":{"start":{"line":279,"column":27},"end":{"line":279,"column":39}},"52":{"start":{"line":281,"column":4},"end":{"line":293,"column":6}},"53":{"start":{"line":284,"column":25},"end":{"line":284,"column":57}},"54":{"start":{"line":297,"column":2},"end":{"line":400,"column":4}},"55":{"start":{"line":305,"column":29},"end":{"line":305,"column":42}},"56":{"start":{"line":370,"column":30},"end":{"line":370,"column":56}},"57":{"start":{"line":375,"column":27},"end":{"line":375,"column":53}},"58":{"start":{"line":381,"column":31},"end":{"line":381,"column":57}},"59":{"start":{"line":403,"column":15},"end":{"line":873,"column":3}},"60":{"start":{"line":403,"column":43},"end":{"line":873,"column":1}}},"fnMap":{"0":{"name":"MapaRota","decl":{"start":{"line":44,"column":24},"end":{"line":44,"column":32}},"loc":{"start":{"line":44,"column":35},"end":{"line":401,"column":1}},"line":44},"1":{"name":"(anonymous_1)","decl":{"start":{"line":55,"column":12},"end":{"line":55,"column":13}},"loc":{"start":{"line":55,"column":18},"end":{"line":62,"column":3}},"line":55},"2":{"name":"loadRotaEParadas","decl":{"start":{"line":64,"column":17},"end":{"line":64,"column":33}},"loc":{"start":{"line":64,"column":36},"end":{"line":99,"column":3}},"line":64},"3":{"name":"(anonymous_3)","decl":{"start":{"line":114,"column":35},"end":{"line":114,"column":36}},"loc":{"start":{"line":114,"column":41},"end":{"line":114,"column":54}},"line":114},"4":{"name":"(anonymous_4)","decl":{"start":{"line":127,"column":21},"end":{"line":127,"column":22}},"loc":{"start":{"line":127,"column":27},"end":{"line":127,"column":59}},"line":127},"5":{"name":"(anonymous_5)","decl":{"start":{"line":136,"column":21},"end":{"line":136,"column":22}},"loc":{"start":{"line":136,"column":27},"end":{"line":136,"column":62}},"line":136},"6":{"name":"(anonymous_6)","decl":{"start":{"line":149,"column":61},"end":{"line":149,"column":62}},"loc":{"start":{"line":149,"column":67},"end":{"line":149,"column":80}},"line":149},"7":{"name":"(anonymous_7)","decl":{"start":{"line":157,"column":18},"end":{"line":157,"column":19}},"loc":{"start":{"line":157,"column":24},"end":{"line":166,"column":3}},"line":157},"8":{"name":"(anonymous_8)","decl":{"start":{"line":169,"column":22},"end":{"line":169,"column":23}},"loc":{"start":{"line":170,"column":4},"end":{"line":273,"column":11}},"line":170},"9":{"name":"(anonymous_9)","decl":{"start":{"line":175,"column":19},"end":{"line":175,"column":20}},"loc":{"start":{"line":176,"column":8},"end":{"line":248,"column":17}},"line":176},"10":{"name":"(anonymous_10)","decl":{"start":{"line":233,"column":27},"end":{"line":233,"column":28}},"loc":{"start":{"line":233,"column":33},"end":{"line":236,"column":19}},"line":233},"11":{"name":"(anonymous_11)","decl":{"start":{"line":261,"column":30},"end":{"line":261,"column":31}},"loc":{"start":{"line":261,"column":37},"end":{"line":261,"column":61}},"line":261},"12":{"name":"(anonymous_12)","decl":{"start":{"line":267,"column":30},"end":{"line":267,"column":31}},"loc":{"start":{"line":267,"column":37},"end":{"line":267,"column":60}},"line":267},"13":{"name":"(anonymous_13)","decl":{"start":{"line":277,"column":22},"end":{"line":277,"column":23}},"loc":{"start":{"line":277,"column":28},"end":{"line":294,"column":3}},"line":277},"14":{"name":"(anonymous_14)","decl":{"start":{"line":284,"column":19},"end":{"line":284,"column":20}},"loc":{"start":{"line":284,"column":25},"end":{"line":284,"column":57}},"line":284},"15":{"name":"(anonymous_15)","decl":{"start":{"line":305,"column":23},"end":{"line":305,"column":24}},"loc":{"start":{"line":305,"column":29},"end":{"line":305,"column":42}},"line":305},"16":{"name":"(anonymous_16)","decl":{"start":{"line":370,"column":24},"end":{"line":370,"column":25}},"loc":{"start":{"line":370,"column":30},"end":{"line":370,"column":56}},"line":370},"17":{"name":"(anonymous_17)","decl":{"start":{"line":375,"column":21},"end":{"line":375,"column":22}},"loc":{"start":{"line":375,"column":27},"end":{"line":375,"column":53}},"line":375},"18":{"name":"(anonymous_18)","decl":{"start":{"line":381,"column":25},"end":{"line":381,"column":26}},"loc":{"start":{"line":381,"column":31},"end":{"line":381,"column":57}},"line":381},"19":{"name":"(anonymous_19)","decl":{"start":{"line":403,"column":33},"end":{"line":403,"column":34}},"loc":{"start":{"line":403,"column":43},"end":{"line":873,"column":1}},"line":403}},"branchMap":{"0":{"loc":{"start":{"line":56,"column":4},"end":{"line":61,"column":5}},"type":"if","locations":[{"start":{"line":56,"column":4},"end":{"line":61,"column":5}},{"start":{"line":58,"column":11},"end":{"line":61,"column":5}}],"line":56},"1":{"loc":{"start":{"line":75,"column":6},"end":{"line":75,"column":37}},"type":"if","locations":[{"start":{"line":75,"column":6},"end":{"line":75,"column":37}},{"start":{},"end":{}}],"line":75},"2":{"loc":{"start":{"line":89,"column":6},"end":{"line":89,"column":43}},"type":"if","locations":[{"start":{"line":89,"column":6},"end":{"line":89,"column":43}},{"start":{},"end":{}}],"line":89},"3":{"loc":{"start":{"line":91,"column":17},"end":{"line":91,"column":34}},"type":"binary-expr","locations":[{"start":{"line":91,"column":17},"end":{"line":91,"column":28}},{"start":{"line":91,"column":32},"end":{"line":91,"column":34}}],"line":91},"4":{"loc":{"start":{"line":101,"column":2},"end":{"line":108,"column":3}},"type":"if","locations":[{"start":{"line":101,"column":2},"end":{"line":108,"column":3}},{"start":{},"end":{}}],"line":101},"5":{"loc":{"start":{"line":111,"column":2},"end":{"line":143,"column":3}},"type":"if","locations":[{"start":{"line":111,"column":2},"end":{"line":143,"column":3}},{"start":{},"end":{}}],"line":111},"6":{"loc":{"start":{"line":145,"column":2},"end":{"line":154,"column":3}},"type":"if","locations":[{"start":{"line":145,"column":2},"end":{"line":154,"column":3}},{"start":{},"end":{}}],"line":145},"7":{"loc":{"start":{"line":162,"column":19},"end":{"line":162,"column":79}},"type":"cond-expr","locations":[{"start":{"line":162,"column":33},"end":{"line":162,"column":57}},{"start":{"line":162,"column":60},"end":{"line":162,"column":79}}],"line":162},"8":{"loc":{"start":{"line":186,"column":20},"end":{"line":186,"column":94}},"type":"cond-expr","locations":[{"start":{"line":186,"column":48},"end":{"line":186,"column":69}},{"start":{"line":186,"column":72},"end":{"line":186,"column":94}}],"line":186},"9":{"loc":{"start":{"line":189,"column":23},"end":{"line":189,"column":79}},"type":"cond-expr","locations":[{"start":{"line":189,"column":51},"end":{"line":189,"column":63}},{"start":{"line":189,"column":66},"end":{"line":189,"column":79}}],"line":189},"10":{"loc":{"start":{"line":194,"column":20},"end":{"line":194,"column":78}},"type":"binary-expr","locations":[{"start":{"line":194,"column":20},"end":{"line":194,"column":49}},{"start":{"line":194,"column":53},"end":{"line":194,"column":78}}],"line":194},"11":{"loc":{"start":{"line":195,"column":20},"end":{"line":195,"column":76}},"type":"binary-expr","locations":[{"start":{"line":195,"column":20},"end":{"line":195,"column":48}},{"start":{"line":195,"column":52},"end":{"line":195,"column":76}}],"line":195},"12":{"loc":{"start":{"line":196,"column":20},"end":{"line":196,"column":83}},"type":"binary-expr","locations":[{"start":{"line":196,"column":20},"end":{"line":196,"column":52}},{"start":{"line":196,"column":56},"end":{"line":196,"column":83}}],"line":196},"13":{"loc":{"start":{"line":199,"column":23},"end":{"line":199,"column":69}},"type":"binary-expr","locations":[{"start":{"line":199,"column":23},"end":{"line":199,"column":52}},{"start":{"line":199,"column":56},"end":{"line":199,"column":69}}],"line":199},"14":{"loc":{"start":{"line":200,"column":23},"end":{"line":200,"column":67}},"type":"binary-expr","locations":[{"start":{"line":200,"column":23},"end":{"line":200,"column":51}},{"start":{"line":200,"column":55},"end":{"line":200,"column":67}}],"line":200},"15":{"loc":{"start":{"line":201,"column":23},"end":{"line":201,"column":76}},"type":"binary-expr","locations":[{"start":{"line":201,"column":23},"end":{"line":201,"column":55}},{"start":{"line":201,"column":59},"end":{"line":201,"column":76}}],"line":201},"16":{"loc":{"start":{"line":208,"column":13},"end":{"line":220,"column":13}},"type":"binary-expr","locations":[{"start":{"line":208,"column":14},"end":{"line":208,"column":33}},{"start":{"line":208,"column":37},"end":{"line":208,"column":52}},{"start":{"line":208,"column":56},"end":{"line":208,"column":74}},{"start":{"line":209,"column":14},"end":{"line":219,"column":21}}],"line":208},"17":{"loc":{"start":{"line":210,"column":17},"end":{"line":212,"column":17}},"type":"binary-expr","locations":[{"start":{"line":210,"column":17},"end":{"line":210,"column":36}},{"start":{"line":211,"column":18},"end":{"line":211,"column":84}}],"line":210},"18":{"loc":{"start":{"line":213,"column":17},"end":{"line":215,"column":17}},"type":"binary-expr","locations":[{"start":{"line":213,"column":17},"end":{"line":213,"column":32}},{"start":{"line":214,"column":18},"end":{"line":214,"column":80}}],"line":213},"19":{"loc":{"start":{"line":216,"column":17},"end":{"line":218,"column":17}},"type":"binary-expr","locations":[{"start":{"line":216,"column":17},"end":{"line":216,"column":35}},{"start":{"line":217,"column":18},"end":{"line":217,"column":83}}],"line":216},"20":{"loc":{"start":{"line":222,"column":13},"end":{"line":226,"column":13}},"type":"binary-expr","locations":[{"start":{"line":222,"column":13},"end":{"line":222,"column":28}},{"start":{"line":222,"column":32},"end":{"line":222,"column":48}},{"start":{"line":223,"column":14},"end":{"line":225,"column":21}}],"line":222},"21":{"loc":{"start":{"line":229,"column":13},"end":{"line":247,"column":13}},"type":"binary-expr","locations":[{"start":{"line":229,"column":13},"end":{"line":229,"column":28}},{"start":{"line":230,"column":14},"end":{"line":246,"column":21}}],"line":229},"22":{"loc":{"start":{"line":279,"column":4},"end":{"line":279,"column":39}},"type":"if","locations":[{"start":{"line":279,"column":4},"end":{"line":279,"column":39}},{"start":{},"end":{}}],"line":279},"23":{"loc":{"start":{"line":314,"column":15},"end":{"line":314,"column":55}},"type":"binary-expr","locations":[{"start":{"line":314,"column":15},"end":{"line":314,"column":36}},{"start":{"line":314,"column":40},"end":{"line":314,"column":55}}],"line":314},"24":{"loc":{"start":{"line":327,"column":11},"end":{"line":332,"column":11}},"type":"binary-expr","locations":[{"start":{"line":327,"column":11
[...]
,"C:\\Users\\welli\\Rota Mestre\\rotamestre-app\\src\\utils\\responsive.ts": {"path":"C:\\Users\\welli\\Rota Mestre\\rotamestre-app\\src\\utils\\responsive.ts","statementMap":{"0":{"start":{"line":7,"column":27},"end":{"line":12,"column":10}},"1":{"start":{"line":17,"column":36},"end":{"line":24,"column":1}},"2":{"start":{"line":18,"column":16},"end":{"line":18,"column":46}},"3":{"start":{"line":20,"column":2},"end":{"line":20,"column":63}},"4":{"start":{"line":20,"column":41},"end":{"line":20,"column":63}},"5":{"start":{"line":21,"column":2},"end":{"line":21,"column":53}},"6":{"start":{"line":21,"column":36},"end":{"line":21,"column":53}},"7":{"start":{"line":22,"column":2},"end":{"line":22,"column":51}},"8":{"start":{"line":22,"column":35},"end":{"line":22,"column":51}},"9":{"start":{"line":23,"column":2},"end":{"line":23,"column":18}},"10":{"start":{"line":29,"column":28},"end":{"line":32,"column":1}},"11":{"start":{"line":30,"column":16},"end":{"line":30,"column":46}},"12":{"start":{"line":31,"column":2},"end":{"line":31,"column":42}},"13":{"start":{"line":37,"column":36},"end":{"line":50,"column":1}},"14":{"start":{"line":38,"column":16},"end":{"line":38,"column":46}},"15":{"start":{"line":40,"column":2},"end":{"line":42,"column":3}},"16":{"start":{"line":41,"column":4},"end":{"line":41,"column":22}},"17":{"start":{"line":43,"column":2},"end":{"line":45,"column":3}},"18":{"start":{"line":44,"column":4},"end":{"line":44,"column":20}},"19":{"start":{"line":46,"column":2},"end":{"line":48,"column":3}},"20":{"start":{"line":47,"column":4},"end":{"line":47,"column":22}},"21":{"start":{"line":49,"column":2},"end":{"line":49,"column":14}},"22":{"start":{"line":55,"column":37},"end":{"line":68,"column":1}},"23":{"start":{"line":56,"column":16},"end":{"line":56,"column":46}},"24":{"start":{"line":58,"column":2},"end":{"line":60,"column":3}},"25":{"start":{"line":59,"column":4},"end":{"line":59,"column":29}},"26":{"start":{"line":61,"column":2},"end":{"line":63,"column":3}},"27":{"start":{"line":62,"column":4},"end":{"line":62,"column":30}},"28":{"start":{"line":64,"column":2},"end":{"line":66,"column":3}},"29":{"start":{"line":65,"column":4},"end":{"line":65,"column":31}},"30":{"start":{"line":67,"column":2},"end":{"line":67,"column":20}},"31":{"start":{"line":73,"column":30},"end":{"line":77,"column":1}},"32":{"start":{"line":74,"column":16},"end":{"line":74,"column":46}},"33":{"start":{"line":75,"column":18},"end":{"line":75,"column":52}},"34":{"start":{"line":76,"column":2},"end":{"line":76,"column":43}},"35":{"start":{"line":82,"column":29},"end":{"line":95,"column":1}},"36":{"start":{"line":83,"column":16},"end":{"line":83,"column":46}},"37":{"start":{"line":85,"column":2},"end":{"line":87,"column":3}},"38":{"start":{"line":86,"column":4},"end":{"line":86,"column":15}},"39":{"start":{"line":88,"column":2},"end":{"line":90,"column":3}},"40":{"start":{"line":89,"column":4},"end":{"line":89,"column":15}},"41":{"start":{"line":91,"column":2},"end":{"line":93,"column":3}},"42":{"start":{"line":92,"column":4},"end":{"line":92,"column":15}},"43":{"start":{"line":94,"column":2},"end":{"line":94,"column":21}},"44":{"start":{"line":100,"column":33},"end":{"line":106,"column":1}},"45":{"start":{"line":101,"column":16},"end":{"line":101,"column":46}},"46":{"start":{"line":103,"column":2},"end":{"line":103,"column":58}},"47":{"start":{"line":103,"column":41},"end":{"line":103,"column":58}},"48":{"start":{"line":104,"column":2},"end":{"line":104,"column":52}},"49":{"start":{"line":104,"column":36},"end":{"line":104,"column":52}},"50":{"start":{"line":105,"column":2},"end":{"line":105,"column":23}},"51":{"start":{"line":111,"column":26},"end":{"line":116,"column":1}}},"fnMap":{"0":{"name":"(anonymous_0)","decl":{"start":{"line":17,"column":36},"end":{"line":17,"column":37}},"loc":{"start":{"line":17,"column":68},"end":{"line":24,"column":1}},"line":17},"1":{"name":"(anonymous_1)","decl":{"start":{"line":29,"column":28},"end":{"line":29,"column":29}},"loc":{"start":{"line":29,"column":79},"end":{"line":32,"column":1}},"line":29},"2":{"name":"(anonymous_2)","decl":{"start":{"line":37,"column":36},"end":{"line":37,"column":37}},"loc":{"start":{"line":37,"column":62},"end":{"line":50,"column":1}},"line":37},"3":{"name":"(anonymous_3)","decl":{"start":{"line":55,"column":37},"end":{"line":55,"column":38}},"loc":{"start":{"line":55,"column":69},"end":{"line":68,"column":1}},"line":55},"4":{"name":"(anonymous_4)","decl":{"start":{"line":73,"column":30},"end":{"line":73,"column":31}},"loc":{"start":{"line":73,"column":72},"end":{"line":77,"column":1}},"line":73},"5":{"name":"(anonymous_5)","decl":{"start":{"line":82,"column":29},"end":{"line":82,"column":30}},"loc":{"start":{"line":82,"column":43},"end":{"line":95,"column":1}},"line":82},"6":{"name":"(anonymous_6)","decl":{"start":{"line":100,"column":33},"end":{"line":100,"column":34}},"loc":{"start":{"line":100,"column":77},"end":{"line":106,"column":1}},"line":100}},"branchMap":{"0":{"loc":{"start":{"line":20,"column":2},"end":{"line":20,"column":63}},"type":"if","locations":[{"start":{"line":20,"column":2},"end":{"line":20,"column":63}},{"start":{},"end":{}}],"line":20},"1":{"loc":{"start":{"line":21,"column":2},"end":{"line":21,"column":53}},"type":"if","locations":[{"start":{"line":21,"column":2},"end":{"line":21,"column":53}},{"start":{},"end":{}}],"line":21},"2":{"loc":{"start":{"line":22,"column":2},"end":{"line":22,"column":51}},"type":"if","locations":[{"start":{"line":22,"column":2},"end":{"line":22,"column":51}},{"start":{},"end":{}}],"line":22},"3":{"loc":{"start":{"line":40,"column":2},"end":{"line":42,"column":3}},"type":"if","locations":[{"start":{"line":40,"column":2},"end":{"line":42,"column":3}},{"start":{},"end":{}}],"line":40},"4":{"loc":{"start":{"line":43,"column":2},"end":{"line":45,"column":3}},"type":"if","locations":[{"start":{"line":43,"column":2},"end":{"line":45,"column":3}},{"start":{},"end":{}}],"line":43},"5":{"loc":{"start":{"line":46,"column":2},"end":{"line":48,"column":3}},"type":"if","locations":[{"start":{"line":46,"column":2},"end":{"line":48,"column":3}},{"start":{},"end":{}}],"line":46},"6":{"loc":{"start":{"line":58,"column":2},"end":{"line":60,"column":3}},"type":"if","locations":[{"start":{"line":58,"column":2},"end":{"line":60,"column":3}},{"start":{},"end":{}}],"line":58},"7":{"loc":{"start":{"line":61,"column":2},"end":{"line":63,"column":3}},"type":"if","locations":[{"start":{"line":61,"column":2},"end":{"line":63,"column":3}},{"start":{},"end":{}}],"line":61},"8":{"loc":{"start":{"line":64,"column":2},"end":{"line":66,"column":3}},"type":"if","locations":[{"start":{"line":64,"column":2},"end":{"line":66,"column":3}},{"start":{},"end":{}}],"line":64},"9":{"loc":{"start":{"line":73,"column":31},"end":{"line":73,"column":59}},"type":"default-arg","locations":[{"start":{"line":73,"column":56},"end":{"line":73,"column":59}}],"line":73},"10":{"loc":{"start":{"line":85,"column":2},"end":{"line":87,"column":3}},"type":"if","locations":[{"start":{"line":85,"column":2},"end":{"line":87,"column":3}},{"start":{},"end":{}}],"line":85},"11":{"loc":{"start":{"line":88,"column":2},"end":{"line":90,"column":3}},"type":"if","locations":[{"start":{"line":88,"column":2},"end":{"line":90,"column":3}},{"start":{},"end":{}}],"line":88},"12":{"loc":{"start":{"line":91,"column":2},"end":{"line":93,"column":3}},"type":"if","locations":[{"start":{"line":91,"column":2},"end":{"line":93,"column":3}},{"start":{},"end":{}}],"line":91},"13":{"loc":{"start":{"line":103,"column":2},"end":{"line":103,"column":58}},"type":"if","locations":[{"start":{"line":103,"column":2},"end":{"line":103,"column":58}},{"start":{},"end":{}}],"line":103},"14":{"loc":{"start":{"line":104,"column":2},"end":{"line":104,"column":52}},"type":"if","locations":[{"start":{"line":104,"column":2},"end":{"line":104,"column":52}},{"start":{},"end":{}}],"line":104}},"s":{"0":0,"1":0,"2":0,"3":0,"4":0,"5":0,"6":0,"7":0,"8":0,"9":0,"10":0,"11":0,"12":0,"13":0,"14":0,"15":0,"16":0,"17":0,"18":0,"19":0,"20":0,"21":0,"22":0,"23":0,"24":0,"25":0,"26":0,"27":0,"28":0,"29":0,"30":0,"31":0,"32":0,"33":0,"34":0,"35":0,"36":0,"37":0,"38":0,"39":0,"40":0,"41":0,"42":0,"43":0,"44":0,"45":0,"46":0,"47":0,"48":0,"49":0,"50":0,"51":0},"f":{"0":0,"1":0,"2":0,"3":0,"4":0,"5":0,"6":0},"b":{"0":[0,0],"1":[0,0],"2":[0,0],"3":[0,0],"4":[0,0],"5":[0,0],"6":[0,0],"7":[0,0],"8":[0,0],"9":[0],"10":[0,0],"11":[0,0],"12":[0,0],"13":[0,0],"14":[0,0]}}
,"C:\\Users\\welli\\Rota Mestre\\rotamestre-app\\src\\utils\\toast.ts": {"path":"C:\\Users\\welli\\Rota Mestre\\rotamestre-app\\src\\utils\\toast.ts","statementMap":{"0":{"start":{"line":3,"column":21},"end":{"line":47,"column":1}},"1":{"start":{"line":5,"column":4},"end":{"line":12,"column":7}},"2":{"start":{"line":16,"column":4},"end":{"line":23,"column":7}},"3":{"start":{"line":27,"column":4},"end":{"line":34,"column":7}},"4":{"start":{"line":38,"column":4},"end":{"line":45,"column":7}}},"fnMap":{"0":{"name":"(anonymous_0)","decl":{"start":{"line":4,"column":11},"end":{"line":4,"column":12}},"loc":{"start":{"line":4,"column":48},"end":{"line":13,"column":3}},"line":4},"1":{"name":"(anonymous_1)","decl":{"start":{"line":15,"column":9},"end":{"line":15,"column":10}},"loc":{"start":{"line":15,"column":46},"end":{"line":24,"column":3}},"line":15},"2":{"name":"(anonymous_2)","decl":{"start":{"line":26,"column":8},"end":{"line":26,"column":9}},"loc":{"start":{"line":26,"column":45},"end":{"line":35,"column":3}},"line":26},"3":{"name":"(anonymous_3)","decl":{"start":{"line":37,"column":11},"end":{"line":37,"column":12}},"loc":{"start":{"line":37,"column":48},"end":{"line":46,"column":3}},"line":37}},"branchMap":{"0":{"loc":{"start":{"line":7,"column":13},"end":{"line":7,"column":32}},"type":"binary-expr","locations":[{"start":{"line":7,"column":13},"end":{"line":7,"column":18}},{"start":{"line":7,"column":22},"end":{"line":7,"column":32}}],"line":7},"1":{"loc":{"start":{"line":18,"column":13},"end":{"line":18,"column":28}},"type":"binary-expr","locations":[{"start":{"line":18,"column":13},"end":{"line":18,"column":18}},{"start":{"line":18,"column":22},"end":{"line":18,"column":28}}],"line":18},"2":{"loc":{"start":{"line":29,"column":13},"end":{"line":29,"column":34}},"type":"binary-expr","locations":[{"start":{"line":29,"column":13},"end":{"line":29,"column":18}},{"start":{"line":29,"column":22},"end":{"line":29,"column":34}}],"line":29},"3":{"loc":{"start":{"line":40,"column":13},"end":{"line":40,"column":31}},"type":"binary-expr","locations":[{"start":{"line":40,"column":13},"end":{"line":40,"column":18}},{"start":{"line":40,"column":22},"end":{"line":40,"column":31}}],"line":40}},"s":{"0":0,"1":0,"2":0,"3":0,"4":0},"f":{"0":0,"1":0,"2":0,"3":0},"b":{"0":[0,0],"1":[0,0],"2":[0,0],"3":[0,0]}}
,"C:\\Users\\welli\\Rota Mestre\\rotamestre-app\\src\\utils\\validation.ts": {"path":"C:\\Users\\welli\\Rota Mestre\\rotamestre-app\\src\\utils\\validation.ts","statementMap":{"0":{"start":{"line":1,"column":26},"end":{"line":72,"column":1}},"1":{"start":{"line":3,"column":4},"end":{"line":5,"column":5}},"2":{"start":{"line":4,"column":6},"end":{"line":4,"column":62}},"3":{"start":{"line":7,"column":23},"end":{"line":7,"column":51}},"4":{"start":{"line":8,"column":4},"end":{"line":10,"column":5}},"5":{"start":{"line":9,"column":6},"end":{"line":9,"column":93}},"6":{"start":{"line":12,"column":4},"end":{"line":12,"column":27}},"7":{"start":{"line":16,"column":4},"end":{"line":18,"column":5}},"8":{"start":{"line":17,"column":6},"end":{"line":17,"column":29}},"9":{"start":{"line":21,"column":20},"end":{"line":21,"column":47}},"10":{"start":{"line":24,"column":4},"end":{"line":29,"column":5}},"11":{"start":{"line":25,"column":6},"end":{"line":28,"column":8}},"12":{"start":{"line":32,"column":16},"end":{"line":32,"column":49}},"13":{"start":{"line":33,"column":4},"end":{"line":38,"column":5}},"14":{"start":{"line":34,"column":6},"end":{"line":37,"column":8}},"15":{"start":{"line":40,"column":4},"end":{"line":40,"column":27}},"16":{"start":{"line":44,"column":4},"end":{"line":46,"column":5}},"17":{"start":{"line":45,"column":6},"end":{"line":45,"column":61}},"18":{"start":{"line":48,"column":4},"end":{"line":50,"column":5}},"19":{"start":{"line":49,"column":6},"end":{"line":49,"column":80}},"20":{"start":{"line":53,"column":21},"end":{"line":53,"column":71}},"21":{"start":{"line":53,"column":58},"end":{"line":53,"column":70}},"22":{"start":{"line":54,"column":4},"end":{"line":56,"column":5}},"23":{"start":{"line":55,"column":6},"end":{"line":55,"column":84}},"24":{"start":{"line":58,"column":4},"end":{"line":58,"column":27}},"25":{"start":{"line":62,"column":4},"end":{"line":64,"column":5}},"26":{"start":{"line":63,"column":6},"end":{"line":63,"column":62}},"27":{"start":{"line":66,"column":4},"end":{"line":68,"column":5}},"28":{"start":{"line":67,"column":6},"end":{"line":67,"column":81}},"29":{"start":{"line":70,"column":4},"end":{"line":70,"column":27}},"30":{"start":{"line":75,"column":30},"end":{"line":92,"column":1}},"31":{"start":{"line":77,"column":18},"end":{"line":77,"column":42}},"32":{"start":{"line":80,"column":2},"end":{"line":91,"column":3}},"33":{"start":{"line":81,"column":4},"end":{"line":81,"column":19}},"34":{"start":{"line":82,"column":9},"end":{"line":91,"column":3}},"35":{"start":{"line":84,"column":4},"end":{"line":84,"column":58}},"36":{"start":{"line":85,"column":9},"end":{"line":91,"column":3}},"37":{"start":{"line":87,"column":4},"end":{"line":87,"column":81}},"38":{"start":{"line":90,"column":4},"end":{"line":90,"column":85}}},"fnMap":{"0":{"name":"(anonymous_0)","decl":{"start":{"line":2,"column":9},"end":{"line":2,"column":10}},"loc":{"start":{"line":2,"column":66},"end":{"line":13,"column":3}},"line":2},"1":{"name":"(anonymous_1)","decl":{"start":{"line":15,"column":12},"end":{"line":15,"column":13}},"loc":{"start":{"line":15,"column":72},"end":{"line":41,"column":3}},"line":15},"2":{"name":"(anonymous_2)","decl":{"start":{"line":43,"column":8},"end":{"line":43,"column":9}},"loc":{"start":{"line":43,"column":64},"end":{"line":59,"column":3}},"line":43},"3":{"name":"(anonymous_3)","decl":{"start":{"line":53,"column":51},"end":{"line":53,"column":52}},"loc":{"start":{"line":53,"column":58},"end":{"line":53,"column":70}},"line":53},"4":{"name":"(anonymous_4)","decl":{"start":{"line":61,"column":9},"end":{"line":61,"column":10}},"loc":{"start":{"line":61,"column":66},"end":{"line":71,"column":3}},"line":61},"5":{"name":"(anonymous_5)","decl":{"start":{"line":75,"column":30},"end":{"line":75,"column":31}},"loc":{"start":{"line":75,"column":57},"end":{"line":92,"column":1}},"line":75}},"branchMap":{"0":{"loc":{"start":{"line":3,"column":4},"end":{"line":5,"column":5}},"type":"if","locations":[{"start":{"line":3,"column":4},"end":{"line":5,"column":5}},{"start":{},"end":{}}],"line":3},"1":{"loc":{"start":{"line":3,"column":8},"end":{"line":3,"column":31}},"type":"binary-expr","locations":[{"start":{"line":3,"column":8},"end":{"line":3,"column":14}},{"start":{"line":3,"column":18},"end":{"line":3,"column":31}}],"line":3},"2":{"loc":{"start":{"line":8,"column":4},"end":{"line":10,"column":5}},"type":"if","locations":[{"start":{"line":8,"column":4},"end":{"line":10,"column":5}},{"start":{},"end":{}}],"line":8},"3":{"loc":{"start":{"line":16,"column":4},"end":{"line":18,"column":5}},"type":"if","locations":[{"start":{"line":16,"column":4},"end":{"line":18,"column":5}},{"start":{},"end":{}}],"line":16},"4":{"loc":{"start":{"line":16,"column":8},"end":{"line":16,"column":37}},"type":"binary-expr","locations":[{"start":{"line":16,"column":8},"end":{"line":16,"column":17}},{"start":{"line":16,"column":21},"end":{"line":16,"column":37}}],"line":16},"5":{"loc":{"start":{"line":24,"column":4},"end":{"line":29,"column":5}},"type":"if","locations":[{"start":{"line":24,"column":4},"end":{"line":29,"column":5}},{"start":{},"end":{}}],"line":24},"6":{"loc":{"start":{"line":24,"column":8},"end":{"line":24,"column":54}},"type":"binary-expr","locations":[{"start":{"line":24,"column":8},"end":{"line":24,"column":29}},{"start":{"line":24,"column":33},"end":{"line":24,"column":54}}],"line":24},"7":{"loc":{"start":{"line":33,"column":4},"end":{"line":38,"column":5}},"type":"if","locations":[{"start":{"line":33,"column":4},"end":{"line":38,"column":5}},{"start":{},"end":{}}],"line":33},"8":{"loc":{"start":{"line":33,"column":8},"end":{"line":33,"column":28}},"type":"binary-expr","locations":[{"start":{"line":33,"column":8},"end":{"line":33,"column":16}},{"start":{"line":33,"column":20},"end":{"line":33,"column":28}}],"line":33},"9":{"loc":{"start":{"line":44,"column":4},"end":{"line":46,"column":5}},"type":"if","locations":[{"start":{"line":44,"column":4},"end":{"line":46,"column":5}},{"start":{},"end":{}}],"line":44},"10":{"loc":{"start":{"line":44,"column":8},"end":{"line":44,"column":29}},"type":"binary-expr","locations":[{"start":{"line":44,"column":8},"end":{"line":44,"column":13}},{"start":{"line":44,"column":17},"end":{"line":44,"column":29}}],"line":44},"11":{"loc":{"start":{"line":48,"column":4},"end":{"line":50,"column":5}},"type":"if","locations":[{"start":{"line":48,"column":4},"end":{"line":50,"column":5}},{"start":{},"end":{}}],"line":48},"12":{"loc":{"start":{"line":54,"column":4},"end":{"line":56,"column":5}},"type":"if","locations":[{"start":{"line":54,"column":4},"end":{"line":56,"column":5}},{"start":{},"end":{}}],"line":54},"13":{"loc":{"start":{"line":62,"column":4},"end":{"line":64,"column":5}},"type":"if","locations":[{"start":{"line":62,"column":4},"end":{"line":64,"column":5}},{"start":{},"end":{}}],"line":62},"14":{"loc":{"start":{"line":62,"column":8},"end":{"line":62,"column":31}},"type":"binary-expr","locations":[{"start":{"line":62,"column":8},"end":{"line":62,"column":14}},{"start":{"line":62,"column":18},"end":{"line":62,"column":31}}],"line":62},"15":{"loc":{"start":{"line":66,"column":4},"end":{"line":68,"column":5}},"type":"if","locations":[{"start":{"line":66,"column":4},"end":{"line":68,"column":5}},{"start":{},"end":{}}],"line":66},"16":{"loc":{"start":{"line":80,"column":2},"end":{"line":91,"column":3}},"type":"if","locations":[{"start":{"line":80,"column":2},"end":{"line":91,"column":3}},{"start":{"line":82,"column":9},"end":{"line":91,"column":3}}],"line":80},"17":{"loc":{"start":{"line":82,"column":9},"end":{"line":91,"column":3}},"type":"if","locations":[{"start":{"line":82,"column":9},"end":{"line":91,"column":3}},{"start":{"line":85,"column":9},"end":{"line":91,"column":3}}],"line":82},"18":{"loc":{"start":{"line":85,"column":9},"end":{"line":91,"column":3}},"type":"if","locations":[{"start":{"line":85,"column":9},"end":{"line":91,"column":3}},{"start":{"line":88,"column":9},"end":{"line":91,"column":3}}],"line":85}},"s":{"0":0,"1":0,"2":0,"3":0,"4":0,"5":0,"6":0,"7":0,"8":0,"9":0,"10":0,"11":0,"12":0,"13":0,"14":0,"15":0,"16":0,"17":0,"18":0,"19":0,"20":0,"21":0,"22":0,"23":0,"24":0,"25":0,"26":0,"27":0,"28":0,"29":0,"30":0,"31":0,"32":0,"33":0,"34":0,"35":0,"36":0,"37":0,"38":0},"f":{"0":0,"1":0,"2":0,"3":0,"4":0,"5":0},"b":{"0":[0,0],"1":[0,0],"2":[0,0],"3":[0,0],"4":[0,0],"5":[0,0],"6":[0,0],"7":[0,0],"8":[0,0],"9":[0,0],"10":[0,0],"11":[0,0],"12":[0,0],"13":[0,0],"14":[0,0],"15":[0,0],"16":[0,0],"17":[0,0],"18":[0,0]}}
}
