TN:
SF:app\+html.tsx
FN:9,Root
FNF:1
FNH:0
FNDA:0,Root
DA:10,0
LF:1
LH:0
BRF:0
BRH:0
end_of_record
TN:
SF:app\_layout.tsx
FN:31,ConditionalLayout
FN:47,(anonymous_1)
FN:63,RootLayout
FN:80,(anonymous_3)
FN:87,(anonymous_4)
FN:162,(anonymous_5)
FN:179,(anonymous_6)
FN:203,(anonymous_7)
FNF:8
FNH:0
FNDA:0,ConditionalLayout
FNDA:0,(anonymous_1)
FNDA:0,RootLayout
FNDA:0,(anonymous_3)
FNDA:0,(anonymous_4)
FNDA:0,(anonymous_5)
FNDA:0,(anonymous_6)
FNDA:0,(anonymous_7)
DA:25,0
DA:32,0
DA:33,0
DA:34,0
DA:35,0
DA:38,0
DA:45,0
DA:47,0
DA:49,0
DA:50,0
DA:60,0
DA:65,0
DA:80,0
DA:81,0
DA:82,0
DA:87,0
DA:88,0
DA:89,0
DA:90,0
DA:91,0
DA:94,0
DA:95,0
DA:96,0
DA:97,0
DA:98,0
DA:100,0
DA:104,0
DA:110,0
DA:111,0
DA:115,0
DA:116,0
DA:119,0
DA:163,0
DA:180,0
DA:203,0
LF:35
LH:0
BRDA:45,0,0,0
BRDA:45,0,1,0
BRDA:45,0,2,0
BRDA:49,1,0,0
BRDA:49,1,1,0
BRDA:81,2,0,0
BRDA:81,2,1,0
BRDA:81,3,0,0
BRDA:81,3,1,0
BRDA:88,4,0,0
BRDA:88,4,1,0
BRDA:90,5,0,0
BRDA:90,5,1,0
BRDA:95,6,0,0
BRDA:95,6,1,0
BRDA:110,7,0,0
BRDA:110,7,1,0
BRDA:110,8,0,0
BRDA:110,8,1,0
BRDA:115,9,0,0
BRDA:115,9,1,0
BRDA:176,10,0,0
BRDA:176,10,1,0
BRDA:193,11,0,0
BRDA:193,11,1,0
BRF:25
BRH:0
end_of_record
TN:
SF:app\index.tsx
FN:19,Index
FN:24,(anonymous_1)
FN:29,checkSessionAndRedirect
FN:77,(anonymous_3)
FNF:4
FNH:0
FNDA:0,Index
FNDA:0,(anonymous_1)
FNDA:0,checkSessionAndRedirect
FNDA:0,(anonymous_3)
DA:20,0
DA:21,0
DA:22,0
DA:24,0
DA:25,0
DA:30,0
DA:31,0
DA:33,0
DA:35,0
DA:37,0
DA:38,0
DA:39,0
DA:40,0
DA:41,0
DA:42,0
DA:45,0
DA:46,0
DA:50,0
DA:51,0
DA:55,0
DA:56,0
DA:58,0
DA:63,0
DA:64,0
DA:74,0
DA:77,0
LF:26
LH:0
BRDA:33,0,0,0
BRDA:33,0,1,0
BRDA:37,1,0,0
BRDA:37,1,1,0
BRDA:40,2,0,0
BRDA:40,2,1,0
BRDA:63,3,0,0
BRDA:63,3,1,0
BRF:8
BRH:0
end_of_record
TN:
SF:app\auth\_layout.tsx
FN:3,AuthLayout
FNF:1
FNH:0
FNDA:0,AuthLayout
DA:4,0
LF:1
LH:0
BRF:0
BRH:0
end_of_record
TN:
SF:app\auth\forgot-password-simple.tsx
FN:14,ForgotPassword
FN:20,(anonymous_1)
FN:29,handleResetPassword
FN:40,(anonymous_3)
FN:44,(anonymous_4)
FN:115,(anonymous_5)
FNF:6
FNH:0
FNDA:0,ForgotPassword
FNDA:0,(anonymous_1)
FNDA:0,handleResetPassword
FNDA:0,(anonymous_3)
FNDA:0,(anonymous_4)
FNDA:0,(anonymous_5)
DA:15,0
DA:16,0
DA:17,0
DA:18,0
DA:20,0
DA:21,0
DA:22,0
DA:24,0
DA:25,0
DA:30,0
DA:31,0
DA:32,0
DA:35,0
DA:37,0
DA:40,0
DA:41,0
DA:44,0
DA:47,0
DA:49,0
DA:53,0
DA:54,0
DA:66,0
DA:115,0
LF:23
LH:0
BRDA:30,0,0,0
BRDA:30,0,1,0
BRDA:47,1,0,0
BRDA:47,1,1,0
BRDA:53,2,0,0
BRDA:53,2,1,0
BRDA:104,3,0,0
BRDA:104,3,1,0
BRF:8
BRH:0
end_of_record
TN:
SF:app\auth\forgot-password.tsx
FN:16,ForgotPassword
FN:23,handleResetPassword
FN:36,(anonymous_2)
FN:103,(anonymous_3)
FN:155,(anonymous_4)
FN:164,(anonymous_5)
FNF:6
FNH:5
FNDA:66,ForgotPassword
FNDA:17,handleResetPassword
FNDA:9,(anonymous_2)
FNDA:0,(anonymous_3)
FNDA:1,(anonymous_4)
FNDA:1,(anonymous_5)
DA:17,66
DA:18,66
DA:19,66
DA:20,66
DA:21,66
DA:24,17
DA:25,2
DA:26,2
DA:29,15
DA:31,15
DA:32,15
DA:33,9
DA:36,9
DA:39,6
DA:41,15
DA:48,66
DA:49,0
DA:103,0
DA:117,66
DA:155,1
DA:164,1
LF:21
LH:19
BRDA:24,0,0,2
BRDA:24,0,1,15
BRDA:39,1,0,6
BRDA:39,1,1,1
BRDA:48,2,0,0
BRDA:48,2,1,66
BRDA:94,3,0,0
BRDA:94,3,1,0
BRDA:146,4,0,15
BRDA:146,4,1,51
BRF:10
BRH:7
end_of_record
TN:
SF:app\auth\login.tsx
FN:18,Login
FN:27,handleLogin
FN:118,(anonymous_2)
FN:179,(anonymous_3)
FN:200,(anonymous_4)
FNF:5
FNH:4
FNDA:75,Login
FNDA:16,handleLogin
FNDA:0,(anonymous_2)
FNDA:1,(anonymous_3)
FNDA:1,(anonymous_4)
DA:19,75
DA:20,75
DA:21,75
DA:22,75
DA:23,75
DA:24,75
DA:28,16
DA:29,3
DA:30,3
DA:33,13
DA:35,13
DA:36,13
DA:38,8
DA:40,7
DA:41,1
DA:42,1
DA:46,6
DA:47,5
DA:48,1
DA:49,1
DA:52,1
DA:55,5
DA:57,13
DA:64,75
DA:65,0
DA:118,0
DA:144,75
DA:179,1
DA:200,1
LF:29
LH:27
BRDA:28,0,0,3
BRDA:28,0,1,13
BRDA:28,1,0,16
BRDA:28,1,1,14
BRDA:38,2,0,7
BRDA:38,2,1,1
BRDA:40,3,0,1
BRDA:40,3,1,6
BRDA:46,4,0,5
BRDA:46,4,1,1
BRDA:48,5,0,1
BRDA:48,5,1,0
BRDA:55,6,0,5
BRDA:55,6,1,1
BRDA:64,7,0,0
BRDA:64,7,1,75
BRDA:128,8,0,0
BRDA:128,8,1,0
BRDA:189,9,0,13
BRDA:189,9,1,62
BRDA:204,10,0,1
BRDA:204,10,1,0
BRDA:227,11,0,1
BRDA:227,11,1,0
BRF:24
BRH:18
end_of_record
TN:
SF:app\auth\register.tsx
FN:18,Register
FN:29,handleRegister
FN:52,(anonymous_2)
FN:129,(anonymous_3)
FN:146,(anonymous_4)
FN:174,(anonymous_5)
FN:187,(anonymous_6)
FNF:7
FNH:7
FNDA:111,Register
FNDA:16,handleRegister
FNDA:7,(anonymous_2)
FNDA:1,(anonymous_3)
FNDA:2,(anonymous_4)
FNDA:1,(anonymous_5)
FNDA:1,(anonymous_6)
DA:19,111
DA:20,111
DA:21,111
DA:22,111
DA:23,111
DA:24,111
DA:25,111
DA:26,111
DA:27,111
DA:30,16
DA:31,5
DA:32,5
DA:35,11
DA:36,1
DA:37,1
DA:40,10
DA:41,1
DA:42,1
DA:45,9
DA:47,9
DA:48,9
DA:49,6
DA:52,7
DA:55,2
DA:57,8
DA:61,111
DA:129,1
DA:146,2
DA:174,1
DA:187,1
LF:30
LH:30
BRDA:30,0,0,5
BRDA:30,0,1,11
BRDA:30,1,0,16
BRDA:30,1,1,14
BRDA:30,1,2,13
BRDA:30,1,3,12
BRDA:35,2,0,1
BRDA:35,2,1,10
BRDA:40,3,0,1
BRDA:40,3,1,9
BRDA:55,4,0,2
BRDA:55,4,1,1
BRDA:67,5,0,111
BRDA:67,5,1,0
BRDA:127,6,0,111
BRDA:127,6,1,107
BRDA:134,7,0,111
BRDA:134,7,1,107
BRDA:144,8,0,111
BRDA:144,8,1,4
BRDA:151,9,0,111
BRDA:151,9,1,4
BRDA:165,10,0,9
BRDA:165,10,1,102
BRF:24
BRH:23
end_of_record
TN:
SF:app\auth\reset-password.tsx
FN:16,ResetPassword
FN:24,validatePassword
FN:43,handleUpdatePassword
FN:55,(anonymous_3)
FN:133,(anonymous_4)
FN:193,(anonymous_5)
FN:202,(anonymous_6)
FNF:7
FNH:6
FNDA:95,ResetPassword
FNDA:23,validatePassword
FNDA:23,handleUpdatePassword
FNDA:10,(anonymous_3)
FNDA:0,(anonymous_4)
FNDA:1,(anonymous_5)
FNDA:1,(anonymous_6)
DA:17,95
DA:18,95
DA:19,95
DA:20,95
DA:21,95
DA:22,95
DA:25,23
DA:26,3
DA:27,3
DA:30,20
DA:31,2
DA:32,2
DA:35,18
DA:36,4
DA:37,4
DA:40,14
DA:44,23
DA:45,9
DA:48,14
DA:50,14
DA:51,14
DA:52,9
DA:55,10
DA:58,5
DA:60,14
DA:67,95
DA:68,0
DA:133,0
DA:147,95
DA:193,1
DA:202,1
LF:31
LH:29
BRDA:25,0,0,3
BRDA:25,0,1,20
BRDA:30,1,0,2
BRDA:30,1,1,18
BRDA:35,2,0,4
BRDA:35,2,1,14
BRDA:44,3,0,9
BRDA:44,3,1,14
BRDA:58,4,0,5
BRDA:58,4,1,1
BRDA:67,5,0,0
BRDA:67,5,1,95
BRDA:124,6,0,0
BRDA:124,6,1,0
BRDA:184,7,0,14
BRDA:184,7,1,81
BRF:16
BRH:13
end_of_record
TN:
SF:app\gestor\_layout.tsx
FN:16,GestorLayout
FN:23,handleLogoutConfirm
FN:34,(anonymous_2)
FN:39,(anonymous_3)
FN:40,(anonymous_4)
FN:41,(anonymous_5)
FN:70,(anonymous_6)
FN:80,(anonymous_7)
FN:81,(anonymous_8)
FN:100,(anonymous_9)
FN:142,(anonymous_10)
FN:152,(anonymous_11)
FN:153,(anonymous_12)
FN:159,(anonymous_13)
FNF:14
FNH:0
FNDA:0,GestorLayout
FNDA:0,handleLogoutConfirm
FNDA:0,(anonymous_2)
FNDA:0,(anonymous_3)
FNDA:0,(anonymous_4)
FNDA:0,(anonymous_5)
FNDA:0,(anonymous_6)
FNDA:0,(anonymous_7)
FNDA:0,(anonymous_8)
FNDA:0,(anonymous_9)
FNDA:0,(anonymous_10)
FNDA:0,(anonymous_11)
FNDA:0,(anonymous_12)
FNDA:0,(anonymous_13)
DA:17,0
DA:18,0
DA:19,0
DA:20,0
DA:21,0
DA:24,0
DA:25,0
DA:26,0
DA:27,0
DA:29,0
DA:30,0
DA:34,0
DA:35,0
DA:37,0
DA:39,0
DA:40,0
DA:41,0
DA:56,0
DA:57,0
DA:70,0
DA:80,0
DA:81,0
DA:88,0
DA:100,0
DA:142,0
DA:152,0
DA:153,0
DA:159,0
LF:28
LH:0
BRDA:44,0,0,0
BRDA:44,0,1,0
BRDA:56,1,0,0
BRDA:56,1,1,0
BRF:4
BRH:0
end_of_record
TN:
SF:app\gestor\dashboard.tsx
FN:10,Dashboard
FNF:1
FNH:0
FNDA:0,Dashboard
DA:11,0
DA:12,0
DA:15,0
DA:16,0
DA:19,0
LF:5
LH:0
BRDA:15,0,0,0
BRDA:15,0,1,0
BRF:2
BRH:0
end_of_record
TN:
SF:app\gestor\historico.tsx
FN:47,HistoricoGestor
FN:62,(anonymous_1)
FN:68,(anonymous_2)
FN:76,loadHistorico
FN:92,(anonymous_4)
FN:104,(anonymous_5)
FN:118,aplicarFiltros
FN:123,(anonymous_7)
FN:133,verDetalhes
FN:137,excluirRota
FN:153,(anonymous_10)
FN:160,(anonymous_11)
FN:168,(anonymous_12)
FN:173,executarExclusao
FN:176,(anonymous_14)
FN:215,getStatusLabel
FN:225,getStatusColor
FN:235,formatarData
FN:250,(anonymous_18)
FN:257,(anonymous_19)
FN:264,(anonymous_20)
FN:272,(anonymous_21)
FN:279,(anonymous_22)
FN:293,(anonymous_23)
FN:307,(anonymous_24)
FN:366,(anonymous_25)
FN:389,(anonymous_26)
FN:396,(anonymous_27)
FN:416,(anonymous_28)
FN:458,(anonymous_29)
FNF:30
FNH:0
FNDA:0,HistoricoGestor
FNDA:0,(anonymous_1)
FNDA:0,(anonymous_2)
FNDA:0,loadHistorico
FNDA:0,(anonymous_4)
FNDA:0,(anonymous_5)
FNDA:0,aplicarFiltros
FNDA:0,(anonymous_7)
FNDA:0,verDetalhes
FNDA:0,excluirRota
FNDA:0,(anonymous_10)
FNDA:0,(anonymous_11)
FNDA:0,(anonymous_12)
FNDA:0,executarExclusao
FNDA:0,(anonymous_14)
FNDA:0,getStatusLabel
FNDA:0,getStatusColor
FNDA:0,formatarData
FNDA:0,(anonymous_18)
FNDA:0,(anonymous_19)
FNDA:0,(anonymous_20)
FNDA:0,(anonymous_21)
FNDA:0,(anonymous_22)
FNDA:0,(anonymous_23)
FNDA:0,(anonymous_24)
FNDA:0,(anonymous_25)
FNDA:0,(anonymous_26)
FNDA:0,(anonymous_27)
FNDA:0,(anonymous_28)
FNDA:0,(anonymous_29)
DA:48,0
DA:49,0
DA:50,0
DA:51,0
DA:53,0
DA:54,0
DA:55,0
DA:56,0
DA:59,0
DA:60,0
DA:62,0
DA:63,0
DA:64,0
DA:68,0
DA:69,0
DA:77,0
DA:78,0
DA:81,0
DA:88,0
DA:91,0
DA:93,0
DA:99,0
DA:104,0
DA:109,0
DA:111,0
DA:112,0
DA:114,0
DA:119,0
DA:122,0
DA:123,0
DA:126,0
DA:134,0
DA:139,0
DA:140,0
DA:141,0
DA:144,0
DA:145,0
DA:153,0
DA:160,0
DA:161,0
DA:162,0
DA:163,0
DA:164,0
DA:168,0
DA:169,0
DA:170,0
DA:174,0
DA:175,0
DA:177,0
DA:182,0
DA:185,0
DA:205,0
DA:207,0
DA:216,0
DA:217,0
DA:218,0
DA:219,0
DA:220,0
DA:221,0
DA:226,0
DA:227,0
DA:228,0
DA:229,0
DA:230,0
DA:231,0
DA:236,0
DA:237,0
DA:244,0
DA:250,0
DA:257,0
DA:264,0
DA:272,0
DA:279,0
DA:293,0
DA:308,0
DA:322,0
DA:341,0
DA:342,0
DA:350,0
DA:366,0
DA:390,0
DA:396,0
DA:416,0
DA:458,0
LF:84
LH:0
BRDA:63,0,0,0
BRDA:63,0,1,0
BRDA:88,1,0,0
BRDA:88,1,1,0
BRDA:92,2,0,0
BRDA:92,2,1,0
BRDA:102,3,0,0
BRDA:102,3,1,0
BRDA:104,4,0,0
BRDA:104,4,1,0
BRDA:122,5,0,0
BRDA:122,5,1,0
BRDA:139,6,0,0
BRDA:139,6,1,0
BRDA:144,7,0,0
BRDA:144,7,1,0
BRDA:144,8,0,0
BRDA:144,8,1,0
BRDA:162,9,0,0
BRDA:162,9,1,0
BRDA:182,10,0,0
BRDA:182,10,1,0
BRDA:216,11,0,0
BRDA:216,11,1,0
BRDA:216,11,2,0
BRDA:216,11,3,0
BRDA:216,11,4,0
BRDA:226,12,0,0
BRDA:226,12,1,0
BRDA:226,12,2,0
BRDA:226,12,3,0
BRDA:226,12,4,0
BRDA:257,13,0,0
BRDA:257,13,1,0
BRDA:264,14,0,0
BRDA:264,14,1,0
BRDA:264,15,0,0
BRDA:264,15,1,0
BRDA:272,16,0,0
BRDA:272,16,1,0
BRDA:279,17,0,0
BRDA:279,17,1,0
BRDA:293,18,0,0
BRDA:293,18,1,0
BRDA:341,19,0,0
BRDA:341,19,1,0
BRDA:362,20,0,0
BRDA:362,20,1,0
BRDA:394,21,0,0
BRDA:394,21,1,0
BRDA:401,22,0,0
BRDA:401,22,1,0
BRDA:404,23,0,0
BRDA:404,23,1,0
BRDA:426,24,0,0
BRDA:426,24,1,0
BRDA:440,25,0,0
BRDA:440,25,1,0
BRDA:440,26,0,0
BRDA:440,26,1,0
BRDA:440,27,0,0
BRDA:440,27,1,0
BRF:62
BRH:0
end_of_record
TN:
SF:app\gestor\mapa-rota.tsx
FN:44,MapaRota
FN:55,(anonymous_1)
FN:64,loadRotaEParadas
FN:114,(anonymous_3)
FN:127,(anonymous_4)
FN:136,(anonymous_5)
FN:149,(anonymous_6)
FN:157,(anonymous_7)
FN:169,(anonymous_8)
FN:175,(anonymous_9)
FN:233,(anonymous_10)
FN:261,(anonymous_11)
FN:267,(anonymous_12)
FN:277,(anonymous_13)
FN:284,(anonymous_14)
FN:305,(anonymous_15)
FN:370,(anonymous_16)
FN:375,(anonymous_17)
FN:381,(anonymous_18)
FN:403,(anonymous_19)
FNF:20
FNH:0
FNDA:0,MapaRota
FNDA:0,(anonymous_1)
FNDA:0,loadRotaEParadas
FNDA:0,(anonymous_3)
FNDA:0,(anonymous_4)
FNDA:0,(anonymous_5)
FNDA:0,(anonymous_6)
FNDA:0,(anonymous_7)
FNDA:0,(anonymous_8)
FNDA:0,(anonymous_9)
FNDA:0,(anonymous_10)
FNDA:0,(anonymous_11)
FNDA:0,(anonymous_12)
FNDA:0,(anonymous_13)
FNDA:0,(anonymous_14)
FNDA:0,(anonymous_15)
FNDA:0,(anonymous_16)
FNDA:0,(anonymous_17)
FNDA:0,(anonymous_18)
FNDA:0,(anonymous_19)
DA:45,0
DA:46,0
DA:47,0
DA:48,0
DA:49,0
DA:50,0
DA:51,0
DA:52,0
DA:53,0
DA:55,0
DA:56,0
DA:57,0
DA:60,0
DA:65,0
DA:66,0
DA:69,0
DA:75,0
DA:77,0
DA:83,0
DA:89,0
DA:91,0
DA:93,0
DA:94,0
DA:95,0
DA:97,0
DA:101,0
DA:102,0
DA:111,0
DA:112,0
DA:114,0
DA:127,0
DA:136,0
DA:145,0
DA:146,0
DA:149,0
DA:157,0
DA:158,0
DA:159,0
DA:161,0
DA:169,0
DA:170,0
DA:176,0
DA:234,0
DA:235,0
DA:261,0
DA:267,0
DA:277,0
DA:278,0
DA:279,0
DA:281,0
DA:284,0
DA:297,0
DA:305,0
DA:370,0
DA:375,0
DA:381,0
DA:403,0
LF:57
LH:0
BRDA:56,0,0,0
BRDA:56,0,1,0
BRDA:75,1,0,0
BRDA:75,1,1,0
BRDA:89,2,0,0
BRDA:89,2,1,0
BRDA:91,3,0,0
BRDA:91,3,1,0
BRDA:101,4,0,0
BRDA:101,4,1,0
BRDA:111,5,0,0
BRDA:111,5,1,0
BRDA:145,6,0,0
BRDA:145,6,1,0
BRDA:162,7,0,0
BRDA:162,7,1,0
BRDA:186,8,0,0
BRDA:186,8,1,0
BRDA:189,9,0,0
BRDA:189,9,1,0
BRDA:194,10,0,0
BRDA:194,10,1,0
BRDA:195,11,0,0
BRDA:195,11,1,0
BRDA:196,12,0,0
BRDA:196,12,1,0
BRDA:199,13,0,0
BRDA:199,13,1,0
BRDA:200,14,0,0
BRDA:200,14,1,0
BRDA:201,15,0,0
BRDA:201,15,1,0
BRDA:208,16,0,0
BRDA:208,16,1,0
BRDA:208,16,2,0
BRDA:208,16,3,0
BRDA:210,17,0,0
BRDA:210,17,1,0
BRDA:213,18,0,0
BRDA:213,18,1,0
BRDA:216,19,0,0
BRDA:216,19,1,0
BRDA:222,20,0,0
BRDA:222,20,1,0
BRDA:222,20,2,0
BRDA:229,21,0,0
BRDA:229,21,1,0
BRDA:279,22,0,0
BRDA:279,22,1,0
BRDA:314,23,0,0
BRDA:314,23,1,0
BRDA:327,24,0,0
BRDA:327,24,1,0
BRDA:339,25,0,0
BRDA:339,25,1,0
BRDA:340,26,0,0
BRDA:340,26,1,0
BRDA:385,27,0,0
BRDA:385,27,1,0
BRF:59
BRH:0
end_of_record
TN:
SF:app\gestor\motoristas.tsx
FN:39,MotoristasGestor
FN:63,(anonymous_1)
FN:69,loadMotoristas
FN:85,(anonymous_3)
FN:103,(anonymous_4)
FN:105,(anonymous_5)
FN:121,onRefresh
FN:126,abrirModalAdicionar
FN:136,abrirModalEditar
FN:147,validateEmail
FN:159,handleTelefoneChange
FN:171,adicionarMotorista
FN:293,editarMotorista
FN:348,toggleAtivo
FN:366,(anonymous_14)
FN:373,confirmarToggleAtivo
FN:384,(anonymous_16)
FN:414,(anonymous_17)
FN:417,(anonymous_18)
FN:440,(anonymous_19)
FN:444,(anonymous_20)
FN:482,(anonymous_21)
FN:509,(anonymous_22)
FN:512,(anonymous_23)
FN:538,(anonymous_24)
FN:542,(anonymous_25)
FN:568,(anonymous_26)
FN:598,(anonymous_27)
FN:645,(anonymous_28)
FN:657,(anonymous_29)
FN:690,(anonymous_30)
FN:696,(anonymous_31)
FN:702,(anonymous_32)
FN:710,(anonymous_33)
FN:717,(anonymous_34)
FN:725,(anonymous_35)
FN:732,(anonymous_36)
FN:738,(anonymous_37)
FN:750,(anonymous_38)
FN:751,(anonymous_39)
FN:811,(anonymous_40)
FN:834,(anonymous_41)
FN:846,(anonymous_42)
FNF:43
FNH:0
FNDA:0,MotoristasGestor
FNDA:0,(anonymous_1)
FNDA:0,loadMotoristas
FNDA:0,(anonymous_3)
FNDA:0,(anonymous_4)
FNDA:0,(anonymous_5)
FNDA:0,onRefresh
FNDA:0,abrirModalAdicionar
FNDA:0,abrirModalEditar
FNDA:0,validateEmail
FNDA:0,handleTelefoneChange
FNDA:0,adicionarMotorista
FNDA:0,editarMotorista
FNDA:0,toggleAtivo
FNDA:0,(anonymous_14)
FNDA:0,confirmarToggleAtivo
FNDA:0,(anonymous_16)
FNDA:0,(anonymous_17)
FNDA:0,(anonymous_18)
FNDA:0,(anonymous_19)
FNDA:0,(anonymous_20)
FNDA:0,(anonymous_21)
FNDA:0,(anonymous_22)
FNDA:0,(anonymous_23)
FNDA:0,(anonymous_24)
FNDA:0,(anonymous_25)
FNDA:0,(anonymous_26)
FNDA:0,(anonymous_27)
FNDA:0,(anonymous_28)
FNDA:0,(anonymous_29)
FNDA:0,(anonymous_30)
FNDA:0,(anonymous_31)
FNDA:0,(anonymous_32)
FNDA:0,(anonymous_33)
FNDA:0,(anonymous_34)
FNDA:0,(anonymous_35)
FNDA:0,(anonymous_36)
FNDA:0,(anonymous_37)
FNDA:0,(anonymous_38)
FNDA:0,(anonymous_39)
FNDA:0,(anonymous_40)
FNDA:0,(anonymous_41)
FNDA:0,(anonymous_42)
DA:40,0
DA:41,0
DA:42,0
DA:43,0
DA:44,0
DA:45,0
DA:46,0
DA:47,0
DA:48,0
DA:49,0
DA:50,0
DA:51,0
DA:54,0
DA:55,0
DA:56,0
DA:57,0
DA:60,0
DA:61,0
DA:63,0
DA:64,0
DA:65,0
DA:70,0
DA:71,0
DA:74,0
DA:81,0
DA:84,0
DA:86,0
DA:91,0
DA:92,0
DA:93,0
DA:99,0
DA:103,0
DA:105,0
DA:111,0
DA:113,0
DA:114,0
DA:116,0
DA:117,0
DA:122,0
DA:123,0
DA:127,0
DA:128,0
DA:129,0
DA:130,0
DA:131,0
DA:132,0
DA:133,0
DA:137,0
DA:138,0
DA:139,0
DA:140,0
DA:141,0
DA:142,0
DA:143,0
DA:148,0
DA:149,0
DA:151,0
DA:152,0
DA:153,0
DA:154,0
DA:156,0
DA:160,0
DA:161,0
DA:163,0
DA:164,0
DA:165,0
DA:167,0
DA:173,0
DA:174,0
DA:175,0
DA:179,0
DA:180,0
DA:181,0
DA:182,0
DA:186,0
DA:187,0
DA:188,0
DA:191,0
DA:192,0
DA:193,0
DA:196,0
DA:198,0
DA:199,0
DA:200,0
DA:201,0
DA:204,0
DA:205,0
DA:206,0
DA:207,0
DA:210,0
DA:213,0
DA:214,0
DA:216,0
DA:217,0
DA:224,0
DA:225,0
DA:239,0
DA:240,0
DA:241,0
DA:244,0
DA:245,0
DA:248,0
DA:249,0
DA:250,0
DA:251,0
DA:253,0
DA:254,0
DA:255,0
DA:258,0
DA:259,0
DA:260,0
DA:261,0
DA:264,0
DA:267,0
DA:268,0
DA:277,0
DA:278,0
DA:281,0
DA:282,0
DA:283,0
DA:284,0
DA:286,0
DA:287,0
DA:289,0
DA:295,0
DA:296,0
DA:297,0
DA:301,0
DA:302,0
DA:303,0
DA:304,0
DA:308,0
DA:309,0
DA:310,0
DA:313,0
DA:314,0
DA:315,0
DA:324,0
DA:327,0
DA:336,0
DA:337,0
DA:338,0
DA:339,0
DA:341,0
DA:342,0
DA:344,0
DA:349,0
DA:351,0
DA:352,0
DA:354,0
DA:355,0
DA:356,0
DA:358,0
DA:366,0
DA:374,0
DA:376,0
DA:377,0
DA:379,0
DA:380,0
DA:382,0
DA:383,0
DA:385,0
DA:390,0
DA:393,0
DA:408,0
DA:410,0
DA:414,0
DA:415,0
DA:417,0
DA:441,0
DA:442,0
DA:444,0
DA:482,0
DA:509,0
DA:510,0
DA:513,0
DA:514,0
DA:539,0
DA:540,0
DA:542,0
DA:569,0
DA:570,0
DA:598,0
DA:599,0
DA:645,0
DA:657,0
DA:684,0
DA:690,0
DA:696,0
DA:702,0
DA:710,0
DA:717,0
DA:725,0
DA:732,0
DA:738,0
DA:742,0
DA:750,0
DA:751,0
DA:757,0
DA:758,0
DA:766,0
DA:811,0
DA:835,0
DA:836,0
DA:846,0
LF:205
LH:0
BRDA:64,0,0,0
BRDA:64,0,1,0
BRDA:81,1,0,0
BRDA:81,1,1,0
BRDA:85,2,0,0
BRDA:85,2,1,0
BRDA:91,3,0,0
BRDA:91,3,1,0
BRDA:102,4,0,0
BRDA:102,4,1,0
BRDA:103,5,0,0
BRDA:103,5,1,0
BRDA:105,6,0,0
BRDA:105,6,1,0
BRDA:140,7,0,0
BRDA:140,7,1,0
BRDA:149,8,0,0
BRDA:149,8,1,0
BRDA:152,9,0,0
BRDA:152,9,1,0
BRDA:163,10,0,0
BRDA:163,10,1,0
BRDA:165,11,0,0
BRDA:165,11,1,0
BRDA:173,12,0,0
BRDA:173,12,1,0
BRDA:173,13,0,0
BRDA:173,13,1,0
BRDA:173,13,2,0
BRDA:180,14,0,0
BRDA:180,14,1,0
BRDA:186,15,0,0
BRDA:186,15,1,0
BRDA:186,16,0,0
BRDA:186,16,1,0
BRDA:198,17,0,0
BRDA:198,17,1,0
BRDA:204,18,0,0
BRDA:204,18,1,0
BRDA:220,19,0,0
BRDA:220,19,1,0
BRDA:235,20,0,0
BRDA:235,20,1,0
BRDA:251,21,0,0
BRDA:251,21,1,0
BRDA:258,22,0,0
BRDA:258,22,1,0
BRDA:260,23,0,0
BRDA:260,23,1,0
BRDA:277,24,0,0
BRDA:277,24,1,0
BRDA:287,25,0,0
BRDA:287,25,1,0
BRDA:295,26,0,0
BRDA:295,26,1,0
BRDA:295,27,0,0
BRDA:295,27,1,0
BRDA:302,28,0,0
BRDA:302,28,1,0
BRDA:308,29,0,0
BRDA:308,29,1,0
BRDA:308,30,0,0
BRDA:308,30,1,0
BRDA:320,31,0,0
BRDA:320,31,1,0
BRDA:324,32,0,0
BRDA:324,32,1,0
BRDA:342,33,0,0
BRDA:342,33,1,0
BRDA:351,34,0,0
BRDA:351,34,1,0
BRDA:356,35,0,0
BRDA:356,35,1,0
BRDA:359,36,0,0
BRDA:359,36,1,0
BRDA:365,37,0,0
BRDA:365,37,1,0
BRDA:374,38,0,0
BRDA:374,38,1,0
BRDA:390,39,0,0
BRDA:390,39,1,0
BRDA:395,40,0,0
BRDA:395,40,1,0
BRDA:403,41,0,0
BRDA:403,41,1,0
BRDA:404,42,0,0
BRDA:404,42,1,0
BRDA:437,43,0,0
BRDA:437,43,1,0
BRDA:451,44,0,0
BRDA:451,44,1,0
BRDA:455,45,0,0
BRDA:455,45,1,0
BRDA:465,46,0,0
BRDA:465,46,1,0
BRDA:490,47,0,0
BRDA:490,47,1,0
BRDA:497,48,0,0
BRDA:497,48,1,0
BRDA:535,49,0,0
BRDA:535,49,1,0
BRDA:549,50,0,0
BRDA:549,50,1,0
BRDA:553,51,0,0
BRDA:553,51,1,0
BRDA:563,52,0,0
BRDA:563,52,1,0
BRDA:579,53,0,0
BRDA:579,53,1,0
BRDA:586,54,0,0
BRDA:586,54,1,0
BRDA:599,55,0,0
BRDA:599,55,1,0
BRDA:605,56,0,0
BRDA:605,56,1,0
BRDA:612,57,0,0
BRDA:612,57,1,0
BRDA:616,58,0,0
BRDA:616,58,1,0
BRDA:624,59,0,0
BRDA:624,59,1,0
BRDA:629,60,0,0
BRDA:629,60,1,0
BRDA:635,61,0,0
BRDA:635,61,1,0
BRDA:655,62,0,0
BRDA:655,62,1,0
BRDA:658,63,0,0
BRDA:658,63,1,0
BRDA:660,64,0,0
BRDA:660,64,1,0
BRDA:663,65,0,0
BRDA:663,65,1,0
BRDA:702,66,0,0
BRDA:702,66,1,0
BRDA:710,67,0,0
BRDA:710,67,1,0
BRDA:717,68,0,0
BRDA:717,68,1,0
BRDA:725,69,0,0
BRDA:725,69,1,0
BRDA:738,70,0,0
BRDA:738,70,1,0
BRDA:750,71,0,0
BRDA:750,71,1,0
BRDA:751,72,0,0
BRDA:751,72,1,0
BRDA:757,73,0,0
BRDA:757,73,1,0
BRDA:795,74,0,0
BRDA:795,74,1,0
BRDA:798,75,0,0
BRDA:798,75,1,0
BRDA:828,76,0,0
BRDA:828,76,1,0
BRDA:829,77,0,0
BRDA:829,77,1,0
BRDA:832,78,0,0
BRDA:832,78,1,0
BRF:159
BRH:0
end_of_record
TN:
SF:app\gestor\nova-entrega.tsx
FN:33,(anonymous_0)
FN:39,(anonymous_1)
FN:65,FormularioParada
FN:83,(anonymous_3)
FN:90,(anonymous_4)
FN:109,(anonymous_5)
FN:130,(anonymous_6)
FN:134,(anonymous_7)
FN:154,(anonymous_8)
FN:177,(anonymous_9)
FN:186,(anonymous_10)
FN:202,(anonymous_11)
FN:234,NovaEntrega
FN:274,(anonymous_13)
FN:279,(anonymous_14)
FN:285,loadEnderecoUnidade
FN:309,loadMotoristas
FN:332,onAddParada
FN:365,removeParada
FN:366,(anonymous_19)
FN:368,(anonymous_20)
FN:374,otimizarRota
FN:394,(anonymous_22)
FN:421,(anonymous_23)
FN:431,(anonymous_24)
FN:456,gerarRota
FN:517,(anonymous_26)
FN:586,(anonymous_27)
FN:595,limparFormulario
FN:614,(anonymous_29)
FN:622,(anonymous_30)
FN:628,(anonymous_31)
FN:701,(anonymous_32)
FN:709,(anonymous_33)
FN:803,(anonymous_34)
FNF:35
FNH:0
FNDA:0,(anonymous_0)
FNDA:0,(anonymous_1)
FNDA:0,FormularioParada
FNDA:0,(anonymous_3)
FNDA:0,(anonymous_4)
FNDA:0,(anonymous_5)
FNDA:0,(anonymous_6)
FNDA:0,(anonymous_7)
FNDA:0,(anonymous_8)
FNDA:0,(anonymous_9)
FNDA:0,(anonymous_10)
FNDA:0,(anonymous_11)
FNDA:0,NovaEntrega
FNDA:0,(anonymous_13)
FNDA:0,(anonymous_14)
FNDA:0,loadEnderecoUnidade
FNDA:0,loadMotoristas
FNDA:0,onAddParada
FNDA:0,removeParada
FNDA:0,(anonymous_19)
FNDA:0,(anonymous_20)
FNDA:0,otimizarRota
FNDA:0,(anonymous_22)
FNDA:0,(anonymous_23)
FNDA:0,(anonymous_24)
FNDA:0,gerarRota
FNDA:0,(anonymous_26)
FNDA:0,(anonymous_27)
FNDA:0,limparFormulario
FNDA:0,(anonymous_29)
FNDA:0,(anonymous_30)
FNDA:0,(anonymous_31)
FNDA:0,(anonymous_32)
FNDA:0,(anonymous_33)
FNDA:0,(anonymous_34)
DA:25,0
DA:33,0
DA:39,0
DA:65,0
DA:73,0
DA:74,0
DA:76,0
DA:84,0
DA:90,0
DA:109,0
DA:131,0
DA:135,0
DA:136,0
DA:137,0
DA:139,0
DA:141,0
DA:155,0
DA:178,0
DA:186,0
DA:203,0
DA:235,0
DA:236,0
DA:237,0
DA:238,0
DA:239,0
DA:240,0
DA:241,0
DA:242,0
DA:243,0
DA:244,0
DA:245,0
DA:246,0
DA:250,0
DA:262,0
DA:274,0
DA:275,0
DA:279,0
DA:280,0
DA:281,0
DA:286,0
DA:287,0
DA:288,0
DA:291,0
DA:292,0
DA:293,0
DA:294,0
DA:299,0
DA:301,0
DA:302,0
DA:305,0
DA:310,0
DA:312,0
DA:313,0
DA:321,0
DA:322,0
DA:324,0
DA:325,0
DA:327,0
DA:333,0
DA:334,0
DA:336,0
DA:337,0
DA:339,0
DA:340,0
DA:341,0
DA:344,0
DA:345,0
DA:348,0
DA:353,0
DA:354,0
DA:355,0
DA:357,0
DA:358,0
DA:360,0
DA:366,0
DA:368,0
DA:369,0
DA:370,0
DA:375,0
DA:376,0
DA:377,0
DA:380,0
DA:381,0
DA:382,0
DA:385,0
DA:386,0
DA:388,0
DA:394,0
DA:399,0
DA:405,0
DA:411,0
DA:412,0
DA:413,0
DA:417,0
DA:418,0
DA:421,0
DA:422,0
DA:426,0
DA:427,0
DA:431,0
DA:436,0
DA:437,0
DA:442,0
DA:448,0
DA:449,0
DA:451,0
DA:457,0
DA:458,0
DA:459,0
DA:461,0
DA:462,0
DA:463,0
DA:466,0
DA:467,0
DA:468,0
DA:472,0
DA:473,0
DA:474,0
DA:477,0
DA:478,0
DA:479,0
DA:481,0
DA:492,0
DA:494,0
DA:497,0
DA:500,0
DA:501,0
DA:517,0
DA:518,0
DA:534,0
DA:535,0
DA:551,0
DA:553,0
DA:557,0
DA:558,0
DA:559,0
DA:562,0
DA:565,0
DA:575,0
DA:578,0
DA:579,0
DA:586,0
DA:588,0
DA:589,0
DA:591,0
DA:596,0
DA:597,0
DA:598,0
DA:601,0
DA:602,0
DA:614,0
DA:615,0
DA:623,0
DA:628,0
DA:702,0
DA:709,0
DA:745,0
DA:803,0
LF:158
LH:0
BRDA:88,0,0,0
BRDA:88,0,1,0
BRDA:98,1,0,0
BRDA:98,1,1,0
BRDA:107,2,0,0
BRDA:107,2,1,0
BRDA:117,3,0,0
BRDA:117,3,1,0
BRDA:132,4,0,0
BRDA:132,4,1,0
BRDA:137,5,0,0
BRDA:137,5,1,0
BRDA:159,6,0,0
BRDA:159,6,1,0
BRDA:167,7,0,0
BRDA:167,7,1,0
BRDA:182,8,0,0
BRDA:182,8,1,0
BRDA:192,9,0,0
BRDA:192,9,1,0
BRDA:224,10,0,0
BRDA:224,10,1,0
BRDA:280,11,0,0
BRDA:280,11,1,0
BRDA:286,12,0,0
BRDA:286,12,1,0
BRDA:293,13,0,0
BRDA:293,13,1,0
BRDA:310,14,0,0
BRDA:310,14,1,0
BRDA:321,15,0,0
BRDA:321,15,1,0
BRDA:322,16,0,0
BRDA:322,16,1,0
BRDA:336,17,0,0
BRDA:336,17,1,0
BRDA:336,18,0,0
BRDA:336,18,1,0
BRDA:339,19,0,0
BRDA:339,19,1,0
BRDA:375,20,0,0
BRDA:375,20,1,0
BRDA:380,21,0,0
BRDA:380,21,1,0
BRDA:411,22,0,0
BRDA:411,22,1,0
BRDA:417,23,0,0
BRDA:417,23,1,0
BRDA:426,24,0,0
BRDA:426,24,1,0
BRDA:461,25,0,0
BRDA:461,25,1,0
BRDA:466,26,0,0
BRDA:466,26,1,0
BRDA:472,27,0,0
BRDA:472,27,1,0
BRDA:487,28,0,0
BRDA:487,28,1,0
BRDA:492,29,0,0
BRDA:492,29,1,0
BRDA:500,30,0,0
BRDA:500,30,1,0
BRDA:508,31,0,0
BRDA:508,31,1,0
BRDA:534,32,0,0
BRDA:534,32,1,0
BRDA:542,33,0,0
BRDA:542,33,1,0
BRDA:557,34,0,0
BRDA:557,34,1,0
BRDA:601,35,0,0
BRDA:601,35,1,0
BRDA:617,36,0,0
BRDA:617,36,1,0
BRDA:633,37,0,0
BRDA:633,37,1,0
BRDA:642,38,0,0
BRDA:642,38,1,0
BRDA:646,39,0,0
BRDA:646,39,1,0
BRDA:648,40,0,0
BRDA:648,40,1,0
BRDA:659,41,0,0
BRDA:659,41,1,0
BRDA:677,42,0,0
BRDA:677,42,1,0
BRDA:677,43,0,0
BRDA:677,43,1,0
BRDA:693,44,0,0
BRDA:693,44,1,0
BRDA:696,45,0,0
BRDA:696,45,1,0
BRDA:706,46,0,0
BRDA:706,46,1,0
BRDA:720,47,0,0
BRDA:720,47,1,0
BRDA:724,48,0,0
BRDA:724,48,1,0
BRDA:724,48,2,0
BRDA:727,49,0,0
BRDA:727,49,1,0
BRDA:729,50,0,0
BRDA:729,50,1,0
BRDA:763,51,0,0
BRDA:763,51,1,0
BRDA:763,52,0,0
BRDA:763,52,1,0
BRF:107
BRH:0
end_of_record
TN:
SF:app\gestor\dashboard\_components\desktop\DashboardDesktop.tsx
FN:19,DashboardDesktop
FN:45,(anonymous_1)
FN:49,(anonymous_2)
FN:67,(anonymous_3)
FN:74,(anonymous_4)
FN:101,(anonymous_5)
FN:109,(anonymous_6)
FN:197,(anonymous_7)
FN:207,(anonymous_8)
FN:217,(anonymous_9)
FN:234,(anonymous_10)
FN:260,(anonymous_11)
FN:266,(anonymous_12)
FNF:13
FNH:0
FNDA:0,DashboardDesktop
FNDA:0,(anonymous_1)
FNDA:0,(anonymous_2)
FNDA:0,(anonymous_3)
FNDA:0,(anonymous_4)
FNDA:0,(anonymous_5)
FNDA:0,(anonymous_6)
FNDA:0,(anonymous_7)
FNDA:0,(anonymous_8)
FNDA:0,(anonymous_9)
FNDA:0,(anonymous_10)
FNDA:0,(anonymous_11)
FNDA:0,(anonymous_12)
DA:26,0
DA:27,0
DA:28,0
DA:31,0
DA:32,0
DA:35,0
DA:45,0
DA:46,0
DA:49,0
DA:51,0
DA:52,0
DA:53,0
DA:56,0
DA:67,0
DA:74,0
DA:75,0
DA:76,0
DA:81,0
DA:83,0
DA:84,0
DA:86,0
DA:89,0
DA:91,0
DA:93,0
DA:94,0
DA:96,0
DA:101,0
DA:102,0
DA:103,0
DA:104,0
DA:105,0
DA:109,0
DA:110,0
DA:111,0
DA:114,0
DA:115,0
DA:123,0
DA:197,0
DA:207,0
DA:217,0
DA:235,0
DA:260,0
DA:266,0
LF:43
LH:0
BRDA:51,0,0,0
BRDA:51,0,1,0
BRDA:81,1,0,0
BRDA:81,1,1,0
BRDA:83,2,0,0
BRDA:83,2,1,0
BRDA:93,3,0,0
BRDA:93,3,1,0
BRDA:103,4,0,0
BRDA:103,4,1,0
BRDA:114,5,0,0
BRDA:114,5,1,0
BRF:12
BRH:0
end_of_record
TN:
SF:app\gestor\dashboard\_components\desktop\RotasTable.tsx
FN:11,getStatusColor
FN:26,getStatusLabel
FN:45,RotasTable
FN:95,(anonymous_3)
FN:157,(anonymous_4)
FN:173,(anonymous_5)
FN:196,(anonymous_6)
FNF:7
FNH:0
FNDA:0,getStatusColor
FNDA:0,getStatusLabel
FNDA:0,RotasTable
FNDA:0,(anonymous_3)
FNDA:0,(anonymous_4)
FNDA:0,(anonymous_5)
FNDA:0,(anonymous_6)
DA:12,0
DA:14,0
DA:16,0
DA:18,0
DA:20,0
DA:22,0
DA:27,0
DA:29,0
DA:31,0
DA:33,0
DA:35,0
DA:37,0
DA:46,0
DA:48,0
DA:49,0
DA:61,0
DA:96,0
DA:100,0
DA:102,0
DA:157,0
DA:173,0
DA:196,0
LF:22
LH:0
BRDA:12,0,0,0
BRDA:12,0,1,0
BRDA:12,0,2,0
BRDA:12,0,3,0
BRDA:12,0,4,0
BRDA:27,1,0,0
BRDA:27,1,1,0
BRDA:27,1,2,0
BRDA:27,1,3,0
BRDA:27,1,4,0
BRDA:48,2,0,0
BRDA:48,2,1,0
BRDA:96,3,0,0
BRDA:96,3,1,0
BRDA:107,4,0,0
BRDA:107,4,1,0
BRDA:218,5,0,0
BRDA:218,5,1,0
BRDA:349,6,0,0
BRDA:349,6,1,0
BRDA:376,7,0,0
BRDA:376,7,1,0
BRF:22
BRH:0
end_of_record
TN:
SF:app\gestor\dashboard\_components\desktop\Sidebar.tsx
FN:18,Sidebar
FN:71,(anonymous_1)
FN:76,handleLogoutConfirm
FN:111,(anonymous_3)
FN:112,(anonymous_4)
FN:118,(anonymous_5)
FN:144,(anonymous_6)
FN:162,(anonymous_7)
FN:172,(anonymous_8)
FN:173,(anonymous_9)
FN:179,(anonymous_10)
FNF:11
FNH:0
FNDA:0,Sidebar
FNDA:0,(anonymous_1)
FNDA:0,handleLogoutConfirm
FNDA:0,(anonymous_3)
FNDA:0,(anonymous_4)
FNDA:0,(anonymous_5)
FNDA:0,(anonymous_6)
FNDA:0,(anonymous_7)
FNDA:0,(anonymous_8)
FNDA:0,(anonymous_9)
FNDA:0,(anonymous_10)
DA:19,0
DA:20,0
DA:21,0
DA:22,0
DA:23,0
DA:24,0
DA:26,0
DA:71,0
DA:72,0
DA:73,0
DA:77,0
DA:78,0
DA:79,0
DA:80,0
DA:82,0
DA:83,0
DA:87,0
DA:111,0
DA:113,0
DA:115,0
DA:118,0
DA:144,0
DA:162,0
DA:172,0
DA:173,0
DA:179,0
LF:26
LH:0
BRDA:121,0,0,0
BRDA:121,0,1,0
BRDA:129,1,0,0
BRDA:129,1,1,0
BRF:4
BRH:0
end_of_record
TN:
SF:app\gestor\dashboard\_components\mobile\DashboardMobile.tsx
FN:19,DashboardMobile
FN:52,(anonymous_1)
FN:69,(anonymous_2)
FN:113,(anonymous_3)
FN:123,(anonymous_4)
FN:133,(anonymous_5)
FN:159,(anonymous_6)
FN:163,(anonymous_7)
FN:177,(anonymous_8)
FNF:9
FNH:0
FNDA:0,DashboardMobile
FNDA:0,(anonymous_1)
FNDA:0,(anonymous_2)
FNDA:0,(anonymous_3)
FNDA:0,(anonymous_4)
FNDA:0,(anonymous_5)
FNDA:0,(anonymous_6)
FNDA:0,(anonymous_7)
FNDA:0,(anonymous_8)
DA:26,0
DA:27,0
DA:28,0
DA:29,0
DA:30,0
DA:32,0
DA:33,0
DA:41,0
DA:52,0
DA:69,0
DA:113,0
DA:123,0
DA:133,0
DA:160,0
DA:164,0
DA:177,0
LF:16
LH:0
BRDA:32,0,0,0
BRDA:32,0,1,0
BRDA:149,1,0,0
BRDA:149,1,1,0
BRF:4
BRH:0
end_of_record
TN:
SF:app\gestor\dashboard\_components\shared\RotaCard.tsx
FN:10,getStatusColor
FN:25,getStatusLabel
FN:43,RotaCard
FN:105,(anonymous_3)
FNF:4
FNH:0
FNDA:0,getStatusColor
FNDA:0,getStatusLabel
FNDA:0,RotaCard
FNDA:0,(anonymous_3)
DA:11,0
DA:13,0
DA:15,0
DA:17,0
DA:19,0
DA:21,0
DA:26,0
DA:28,0
DA:30,0
DA:32,0
DA:34,0
DA:36,0
DA:44,0
DA:46,0
DA:50,0
DA:52,0
DA:105,0
LF:17
LH:0
BRDA:11,0,0,0
BRDA:11,0,1,0
BRDA:11,0,2,0
BRDA:11,0,3,0
BRDA:11,0,4,0
BRDA:26,1,0,0
BRDA:26,1,1,0
BRDA:26,1,2,0
BRDA:26,1,3,0
BRDA:26,1,4,0
BRDA:46,2,0,0
BRDA:46,2,1,0
BRDA:80,3,0,0
BRDA:80,3,1,0
BRDA:88,4,0,0
BRDA:88,4,1,0
BRF:16
BRH:0
end_of_record
TN:
SF:app\gestor\dashboard\_components\shared\StatsCard.tsx
FN:13,StatsCard
FN:22,(anonymous_1)
FNF:2
FNH:0
FNDA:0,StatsCard
FNDA:0,(anonymous_1)
DA:14,0
DA:22,0
LF:2
LH:0
BRF:0
BRH:0
end_of_record
TN:
SF:app\gestor\dashboard\_hooks\useDashboardData.ts
FN:34,useDashboardData
FN:46,(anonymous_1)
FN:52,loadDashboard
FN:76,(anonymous_3)
FN:89,(anonymous_4)
FN:100,(anonymous_5)
FN:101,(anonymous_6)
FN:102,(anonymous_7)
FN:114,onRefresh
FNF:9
FNH:0
FNDA:0,useDashboardData
FNDA:0,(anonymous_1)
FNDA:0,loadDashboard
FNDA:0,(anonymous_3)
FNDA:0,(anonymous_4)
FNDA:0,(anonymous_5)
FNDA:0,(anonymous_6)
FNDA:0,(anonymous_7)
FNDA:0,onRefresh
DA:35,0
DA:36,0
DA:42,0
DA:43,0
DA:44,0
DA:46,0
DA:47,0
DA:48,0
DA:53,0
DA:54,0
DA:57,0
DA:59,0
DA:72,0
DA:75,0
DA:77,0
DA:83,0
DA:89,0
DA:95,0
DA:98,0
DA:100,0
DA:101,0
DA:102,0
DA:105,0
DA:107,0
DA:109,0
DA:110,0
DA:115,0
DA:116,0
DA:119,0
LF:29
LH:0
BRDA:47,0,0,0
BRDA:47,0,1,0
BRDA:72,1,0,0
BRDA:72,1,1,0
BRDA:76,2,0,0
BRDA:76,2,1,0
BRDA:87,3,0,0
BRDA:87,3,1,0
BRDA:88,4,0,0
BRDA:88,4,1,0
BRDA:89,5,0,0
BRDA:89,5,1,0
BRDA:90,6,0,0
BRDA:90,6,1,0
BRF:14
BRH:0
end_of_record
TN:
SF:app\motorista\_layout.tsx
FN:9,MotoristaLayout
FN:15,handleLogoutConfirm
FN:26,(anonymous_2)
FN:31,(anonymous_3)
FN:32,(anonymous_4)
FN:33,(anonymous_5)
FN:59,(anonymous_6)
FN:101,(anonymous_7)
FN:111,(anonymous_8)
FN:112,(anonymous_9)
FN:118,(anonymous_10)
FNF:11
FNH:0
FNDA:0,MotoristaLayout
FNDA:0,handleLogoutConfirm
FNDA:0,(anonymous_2)
FNDA:0,(anonymous_3)
FNDA:0,(anonymous_4)
FNDA:0,(anonymous_5)
FNDA:0,(anonymous_6)
FNDA:0,(anonymous_7)
FNDA:0,(anonymous_8)
FNDA:0,(anonymous_9)
FNDA:0,(anonymous_10)
DA:10,0
DA:11,0
DA:12,0
DA:13,0
DA:16,0
DA:17,0
DA:18,0
DA:19,0
DA:21,0
DA:22,0
DA:26,0
DA:27,0
DA:29,0
DA:31,0
DA:32,0
DA:33,0
DA:47,0
DA:59,0
DA:101,0
DA:111,0
DA:112,0
DA:118,0
LF:22
LH:0
BRDA:36,0,0,0
BRDA:36,0,1,0
BRF:2
BRH:0
end_of_record
TN:
SF:app\motorista\checkpoints.tsx
FN:37,CheckpointsMotorista
FN:47,(anonymous_1)
FN:53,loadRotaEParadas
FN:95,concluirParada
FN:104,(anonymous_4)
FN:133,(anonymous_5)
FN:162,(anonymous_6)
FN:182,pularParada
FN:191,(anonymous_8)
FN:229,onRefresh
FN:255,(anonymous_10)
FN:256,(anonymous_11)
FN:257,(anonymous_12)
FN:259,(anonymous_13)
FN:334,(anonymous_14)
FN:351,(anonymous_15)
FN:363,(anonymous_16)
FN:431,(anonymous_17)
FN:451,(anonymous_18)
FNF:19
FNH:0
FNDA:0,CheckpointsMotorista
FNDA:0,(anonymous_1)
FNDA:0,loadRotaEParadas
FNDA:0,concluirParada
FNDA:0,(anonymous_4)
FNDA:0,(anonymous_5)
FNDA:0,(anonymous_6)
FNDA:0,pularParada
FNDA:0,(anonymous_8)
FNDA:0,onRefresh
FNDA:0,(anonymous_10)
FNDA:0,(anonymous_11)
FNDA:0,(anonymous_12)
FNDA:0,(anonymous_13)
FNDA:0,(anonymous_14)
FNDA:0,(anonymous_15)
FNDA:0,(anonymous_16)
FNDA:0,(anonymous_17)
FNDA:0,(anonymous_18)
DA:38,0
DA:39,0
DA:40,0
DA:41,0
DA:42,0
DA:43,0
DA:44,0
DA:45,0
DA:47,0
DA:48,0
DA:49,0
DA:54,0
DA:55,0
DA:58,0
DA:67,0
DA:68,0
DA:69,0
DA:70,0
DA:71,0
DA:74,0
DA:77,0
DA:83,0
DA:85,0
DA:87,0
DA:88,0
DA:90,0
DA:91,0
DA:96,0
DA:105,0
DA:106,0
DA:108,0
DA:116,0
DA:119,0
DA:132,0
DA:133,0
DA:136,0
DA:138,0
DA:147,0
DA:156,0
DA:162,0
DA:167,0
DA:168,0
DA:171,0
DA:172,0
DA:174,0
DA:183,0
DA:192,0
DA:193,0
DA:195,0
DA:200,0
DA:203,0
DA:215,0
DA:216,0
DA:218,0
DA:219,0
DA:221,0
DA:230,0
DA:231,0
DA:234,0
DA:235,0
DA:243,0
DA:244,0
DA:255,0
DA:256,0
DA:257,0
DA:259,0
DA:260,0
DA:261,0
DA:262,0
DA:263,0
DA:264,0
DA:266,0
DA:334,0
DA:351,0
DA:363,0
DA:378,0
DA:431,0
DA:451,0
LF:78
LH:0
BRDA:48,0,0,0
BRDA:48,0,1,0
BRDA:67,1,0,0
BRDA:67,1,1,0
BRDA:67,2,0,0
BRDA:67,2,1,0
BRDA:83,3,0,0
BRDA:83,3,1,0
BRDA:85,4,0,0
BRDA:85,4,1,0
BRDA:116,5,0,0
BRDA:116,5,1,0
BRDA:133,6,0,0
BRDA:133,6,1,0
BRDA:136,7,0,0
BRDA:136,7,1,0
BRDA:200,8,0,0
BRDA:200,8,1,0
BRDA:234,9,0,0
BRDA:234,9,1,0
BRDA:243,10,0,0
BRDA:243,10,1,0
BRDA:243,11,0,0
BRDA:243,11,1,0
BRDA:270,12,0,0
BRDA:270,12,1,0
BRDA:271,13,0,0
BRDA:271,13,1,0
BRDA:282,14,0,0
BRDA:282,14,1,0
BRDA:283,15,0,0
BRDA:283,15,1,0
BRDA:284,16,0,0
BRDA:284,16,1,0
BRDA:288,17,0,0
BRDA:288,17,1,0
BRDA:288,18,0,0
BRDA:288,18,1,0
BRDA:294,19,0,0
BRDA:294,19,1,0
BRDA:298,20,0,0
BRDA:298,20,1,0
BRDA:307,21,0,0
BRDA:307,21,1,0
BRDA:307,21,2,0
BRDA:309,22,0,0
BRDA:309,22,1,0
BRDA:314,23,0,0
BRDA:314,23,1,0
BRDA:323,24,0,0
BRDA:323,24,1,0
BRDA:331,25,0,0
BRDA:331,25,1,0
BRDA:331,25,2,0
BRDA:347,26,0,0
BRDA:347,26,1,0
BRDA:350,27,0,0
BRDA:350,27,1,0
BRDA:352,28,0,0
BRDA:352,28,1,0
BRDA:354,29,0,0
BRDA:354,29,1,0
BRDA:362,30,0,0
BRDA:362,30,1,0
BRDA:364,31,0,0
BRDA:364,31,1,0
BRDA:366,32,0,0
BRDA:366,32,1,0
BRDA:402,33,0,0
BRDA:402,33,1,0
BRF:70
BRH:0
end_of_record
TN:
SF:app\motorista\historico.tsx
FN:29,HistoricoMotorista
FN:37,(anonymous_1)
FN:43,loadHistorico
FN:58,(anonymous_3)
FN:77,(anonymous_4)
FN:92,onRefresh
FN:97,toggleExpand
FN:101,calcularTempoTotal
FN:111,(anonymous_8)
FN:134,(anonymous_9)
FN:285,(anonymous_10)
FN:309,(anonymous_11)
FNF:12
FNH:0
FNDA:0,HistoricoMotorista
FNDA:0,(anonymous_1)
FNDA:0,loadHistorico
FNDA:0,(anonymous_3)
FNDA:0,(anonymous_4)
FNDA:0,onRefresh
FNDA:0,toggleExpand
FNDA:0,calcularTempoTotal
FNDA:0,(anonymous_8)
FNDA:0,(anonymous_9)
FNDA:0,(anonymous_10)
FNDA:0,(anonymous_11)
DA:30,0
DA:31,0
DA:32,0
DA:33,0
DA:34,0
DA:35,0
DA:37,0
DA:38,0
DA:39,0
DA:44,0
DA:45,0
DA:48,0
DA:54,0
DA:57,0
DA:59,0
DA:64,0
DA:65,0
DA:66,0
DA:73,0
DA:77,0
DA:82,0
DA:84,0
DA:85,0
DA:87,0
DA:88,0
DA:93,0
DA:94,0
DA:98,0
DA:102,0
DA:103,0
DA:104,0
DA:105,0
DA:106,0
DA:107,0
DA:108,0
DA:111,0
DA:112,0
DA:113,0
DA:114,0
DA:115,0
DA:116,0
DA:119,0
DA:123,0
DA:125,0
DA:134,0
DA:263,0
DA:264,0
DA:272,0
DA:285,0
DA:309,0
LF:50
LH:0
BRDA:38,0,0,0
BRDA:38,0,1,0
BRDA:54,1,0,0
BRDA:54,1,1,0
BRDA:58,2,0,0
BRDA:58,2,1,0
BRDA:64,3,0,0
BRDA:64,3,1,0
BRDA:75,4,0,0
BRDA:75,4,1,0
BRDA:77,5,0,0
BRDA:77,5,1,0
BRDA:98,6,0,0
BRDA:98,6,1,0
BRDA:102,7,0,0
BRDA:102,7,1,0
BRDA:102,8,0,0
BRDA:102,8,1,0
BRDA:119,9,0,0
BRDA:119,9,1,0
BRDA:119,10,0,0
BRDA:119,10,1,0
BRDA:129,11,0,0
BRDA:129,11,1,0
BRDA:130,12,0,0
BRDA:130,12,1,0
BRDA:131,13,0,0
BRDA:131,13,1,0
BRDA:132,14,0,0
BRDA:132,14,1,0
BRDA:153,15,0,0
BRDA:153,15,1,0
BRDA:154,16,0,0
BRDA:154,16,1,0
BRDA:155,17,0,0
BRDA:155,17,1,0
BRDA:156,18,0,0
BRDA:156,18,1,0
BRDA:160,19,0,0
BRDA:160,19,1,0
BRDA:161,20,0,0
BRDA:161,20,1,0
BRDA:162,21,0,0
BRDA:162,21,1,0
BRDA:163,22,0,0
BRDA:163,22,1,0
BRDA:171,23,0,0
BRDA:171,23,1,0
BRDA:176,24,0,0
BRDA:176,24,1,0
BRDA:189,25,0,0
BRDA:189,25,1,0
BRDA:193,26,0,0
BRDA:193,26,1,0
BRDA:207,27,0,0
BRDA:207,27,1,0
BRDA:221,28,0,0
BRDA:221,28,1,0
BRDA:228,29,0,0
BRDA:228,29,1,0
BRDA:237,30,0,0
BRDA:237,30,1,0
BRDA:237,30,2,0
BRDA:256,31,0,0
BRDA:256,31,1,0
BRDA:263,32,0,0
BRDA:263,32,1,0
BRDA:278,33,0,0
BRDA:278,33,1,0
BRF:69
BRH:0
end_of_record
TN:
SF:app\motorista\resumo.tsx
FN:37,ResumoMotorista
FN:46,(anonymous_1)
FN:52,loadRotaConcluida
FN:93,confirmarFinalizacao
FN:108,finalizarRota
FN:118,(anonymous_5)
FN:119,(anonymous_6)
FN:131,(anonymous_7)
FN:143,calcularTempoTotal
FN:174,(anonymous_9)
FN:175,(anonymous_10)
FN:278,(anonymous_11)
FN:363,(anonymous_12)
FNF:13
FNH:0
FNDA:0,ResumoMotorista
FNDA:0,(anonymous_1)
FNDA:0,loadRotaConcluida
FNDA:0,confirmarFinalizacao
FNDA:0,finalizarRota
FNDA:0,(anonymous_5)
FNDA:0,(anonymous_6)
FNDA:0,(anonymous_7)
FNDA:0,calcularTempoTotal
FNDA:0,(anonymous_9)
FNDA:0,(anonymous_10)
FNDA:0,(anonymous_11)
FNDA:0,(anonymous_12)
DA:38,0
DA:39,0
DA:40,0
DA:41,0
DA:42,0
DA:43,0
DA:44,0
DA:46,0
DA:47,0
DA:48,0
DA:53,0
DA:54,0
DA:57,0
DA:66,0
DA:67,0
DA:68,0
DA:69,0
DA:70,0
DA:73,0
DA:76,0
DA:82,0
DA:84,0
DA:86,0
DA:87,0
DA:89,0
DA:94,0
DA:109,0
DA:110,0
DA:112,0
DA:118,0
DA:119,0
DA:125,0
DA:131,0
DA:136,0
DA:137,0
DA:139,0
DA:144,0
DA:145,0
DA:146,0
DA:147,0
DA:148,0
DA:149,0
DA:150,0
DA:153,0
DA:154,0
DA:162,0
DA:163,0
DA:174,0
DA:175,0
DA:176,0
DA:177,0
DA:179,0
DA:279,0
DA:280,0
DA:282,0
DA:363,0
LF:56
LH:0
BRDA:47,0,0,0
BRDA:47,0,1,0
BRDA:66,1,0,0
BRDA:66,1,1,0
BRDA:66,2,0,0
BRDA:66,2,1,0
BRDA:82,3,0,0
BRDA:82,3,1,0
BRDA:84,4,0,0
BRDA:84,4,1,0
BRDA:144,5,0,0
BRDA:144,5,1,0
BRDA:144,6,0,0
BRDA:144,6,1,0
BRDA:153,7,0,0
BRDA:153,7,1,0
BRDA:162,8,0,0
BRDA:162,8,1,0
BRDA:162,9,0,0
BRDA:162,9,1,0
BRDA:240,10,0,0
BRDA:240,10,1,0
BRDA:252,11,0,0
BRDA:252,11,1,0
BRDA:263,12,0,0
BRDA:263,12,1,0
BRDA:269,13,0,0
BRDA:269,13,1,0
BRDA:287,14,0,0
BRDA:287,14,1,0
BRDA:288,15,0,0
BRDA:288,15,1,0
BRDA:303,16,0,0
BRDA:303,16,1,0
BRDA:309,17,0,0
BRDA:309,17,1,0
BRDA:315,18,0,0
BRDA:315,18,1,0
BRDA:316,19,0,0
BRDA:316,19,1,0
BRDA:320,20,0,0
BRDA:320,20,1,0
BRDA:320,21,0,0
BRDA:320,21,1,0
BRDA:324,22,0,0
BRDA:324,22,1,0
BRDA:324,22,2,0
BRDA:343,23,0,0
BRDA:343,23,1,0
BRDA:347,24,0,0
BRDA:347,24,1,0
BRF:51
BRH:0
end_of_record
TN:
SF:app\motorista\rota.tsx
FN:36,RotaMotoristaWeb
FN:45,(anonymous_1)
FN:51,loadRotaAtiva
FN:90,iniciarRota
FN:136,(anonymous_4)
FN:137,(anonymous_5)
FN:192,(anonymous_6)
FN:219,(anonymous_7)
FN:236,(anonymous_8)
FN:240,(anonymous_9)
FN:286,(anonymous_10)
FNF:11
FNH:0
FNDA:0,RotaMotoristaWeb
FNDA:0,(anonymous_1)
FNDA:0,loadRotaAtiva
FNDA:0,iniciarRota
FNDA:0,(anonymous_4)
FNDA:0,(anonymous_5)
FNDA:0,(anonymous_6)
FNDA:0,(anonymous_7)
FNDA:0,(anonymous_8)
FNDA:0,(anonymous_9)
FNDA:0,(anonymous_10)
DA:37,0
DA:38,0
DA:39,0
DA:40,0
DA:41,0
DA:42,0
DA:43,0
DA:45,0
DA:46,0
DA:47,0
DA:52,0
DA:53,0
DA:55,0
DA:64,0
DA:65,0
DA:66,0
DA:67,0
DA:68,0
DA:71,0
DA:73,0
DA:79,0
DA:81,0
DA:83,0
DA:84,0
DA:86,0
DA:91,0
DA:93,0
DA:94,0
DA:95,0
DA:103,0
DA:105,0
DA:106,0
DA:108,0
DA:109,0
DA:111,0
DA:115,0
DA:116,0
DA:124,0
DA:125,0
DA:136,0
DA:137,0
DA:138,0
DA:140,0
DA:193,0
DA:219,0
DA:237,0
DA:238,0
DA:241,0
DA:286,0
LF:49
LH:0
BRDA:46,0,0,0
BRDA:46,0,1,0
BRDA:64,1,0,0
BRDA:64,1,1,0
BRDA:64,2,0,0
BRDA:64,2,1,0
BRDA:79,3,0,0
BRDA:79,3,1,0
BRDA:81,4,0,0
BRDA:81,4,1,0
BRDA:91,5,0,0
BRDA:91,5,1,0
BRDA:103,6,0,0
BRDA:103,6,1,0
BRDA:115,7,0,0
BRDA:115,7,1,0
BRDA:124,8,0,0
BRDA:124,8,1,0
BRDA:138,9,0,0
BRDA:138,9,1,0
BRDA:147,10,0,0
BRDA:147,10,1,0
BRDA:150,11,0,0
BRDA:150,11,1,0
BRDA:172,12,0,0
BRDA:172,12,1,0
BRDA:201,13,0,0
BRDA:201,13,1,0
BRDA:206,14,0,0
BRDA:206,14,1,0
BRDA:209,15,0,0
BRDA:209,15,1,0
BRDA:215,16,0,0
BRDA:215,16,1,0
BRDA:231,17,0,0
BRDA:231,17,1,0
BRDA:231,17,2,0
BRDA:249,18,0,0
BRDA:249,18,1,0
BRDA:259,19,0,0
BRDA:259,19,1,0
BRDA:266,20,0,0
BRDA:266,20,1,0
BRDA:275,21,0,0
BRDA:275,21,1,0
BRF:45
BRH:0
end_of_record
TN:
SF:app\onboarding\first-password.tsx
FN:20,FirstPasswordScreen
FN:33,(anonymous_1)
FN:34,loadUser
FN:41,handleSetPassword
FN:136,(anonymous_4)
FN:181,(anonymous_5)
FN:203,(anonymous_6)
FN:249,(anonymous_7)
FNF:8
FNH:0
FNDA:0,FirstPasswordScreen
FNDA:0,(anonymous_1)
FNDA:0,loadUser
FNDA:0,handleSetPassword
FNDA:0,(anonymous_4)
FNDA:0,(anonymous_5)
FNDA:0,(anonymous_6)
FNDA:0,(anonymous_7)
DA:21,0
DA:22,0
DA:23,0
DA:24,0
DA:25,0
DA:27,0
DA:28,0
DA:29,0
DA:30,0
DA:31,0
DA:33,0
DA:35,0
DA:36,0
DA:38,0
DA:43,0
DA:44,0
DA:45,0
DA:48,0
DA:49,0
DA:50,0
DA:53,0
DA:54,0
DA:58,0
DA:61,0
DA:62,0
DA:65,0
DA:67,0
DA:68,0
DA:69,0
DA:70,0
DA:71,0
DA:75,0
DA:76,0
DA:77,0
DA:78,0
DA:82,0
DA:83,0
DA:85,0
DA:86,0
DA:87,0
DA:91,0
DA:95,0
DA:98,0
DA:100,0
DA:104,0
DA:105,0
DA:108,0
DA:109,0
DA:113,0
DA:118,0
DA:119,0
DA:124,0
DA:128,0
DA:130,0
DA:137,0
DA:143,0
DA:144,0
DA:146,0
DA:150,0
DA:181,0
DA:203,0
DA:249,0
LF:62
LH:0
BRDA:43,0,0,0
BRDA:43,0,1,0
BRDA:43,1,0,0
BRDA:43,1,1,0
BRDA:48,2,0,0
BRDA:48,2,1,0
BRDA:53,3,0,0
BRDA:53,3,1,0
BRDA:67,4,0,0
BRDA:67,4,1,0
BRDA:75,5,0,0
BRDA:75,5,1,0
BRDA:75,6,0,0
BRDA:75,6,1,0
BRDA:82,7,0,0
BRDA:82,7,1,0
BRDA:85,8,0,0
BRDA:85,8,1,0
BRDA:95,9,0,0
BRDA:95,9,1,0
BRDA:98,10,0,0
BRDA:98,10,1,0
BRDA:98,11,0,0
BRDA:98,11,1,0
BRDA:109,12,0,0
BRDA:109,12,1,0
BRDA:118,13,0,0
BRDA:118,13,1,0
BRDA:124,14,0,0
BRDA:124,14,1,0
BRDA:128,15,0,0
BRDA:128,15,1,0
BRDA:144,16,0,0
BRDA:144,16,1,0
BRDA:156,17,0,0
BRDA:156,17,1,0
BRDA:184,18,0,0
BRDA:184,18,1,0
BRDA:206,19,0,0
BRDA:206,19,1,0
BRDA:209,20,0,0
BRDA:209,20,1,0
BRDA:209,20,2,0
BRDA:226,21,0,0
BRDA:226,21,1,0
BRDA:230,22,0,0
BRDA:230,22,1,0
BRF:47
BRH:0
end_of_record
TN:
SF:app\perfil\index.tsx
FN:21,PerfilScreen
FN:35,(anonymous_1)
FN:36,loadUser
FN:43,(anonymous_3)
FN:50,handleSave
FN:64,(anonymous_5)
FN:85,handleCancel
FN:92,handlePhoneChange
FN:104,handleLogout
FN:124,confirmLogout
FN:127,(anonymous_10)
FN:139,handleRetry
FN:299,(anonymous_12)
FN:312,(anonymous_13)
FN:344,(anonymous_14)
FN:353,(anonymous_15)
FNF:16
FNH:9
FNDA:27,PerfilScreen
FNDA:7,(anonymous_1)
FNDA:7,loadUser
FNDA:7,(anonymous_3)
FNDA:0,handleSave
FNDA:0,(anonymous_5)
FNDA:2,handleCancel
FNDA:0,handlePhoneChange
FNDA:1,handleLogout
FNDA:0,confirmLogout
FNDA:0,(anonymous_10)
FNDA:0,handleRetry
FNDA:3,(anonymous_12)
FNDA:1,(anonymous_13)
FNDA:0,(anonymous_14)
FNDA:1,(anonymous_15)
DA:22,27
DA:23,27
DA:24,27
DA:25,27
DA:26,27
DA:28,27
DA:29,27
DA:30,27
DA:31,27
DA:32,27
DA:33,27
DA:35,27
DA:37,7
DA:38,7
DA:40,7
DA:43,27
DA:44,7
DA:45,6
DA:46,6
DA:51,0
DA:52,0
DA:53,0
DA:56,0
DA:57,0
DA:58,0
DA:61,0
DA:62,0
DA:63,0
DA:65,0
DA:77,0
DA:79,0
DA:81,0
DA:86,2
DA:87,2
DA:88,2
DA:89,2
DA:93,0
DA:94,0
DA:96,0
DA:97,0
DA:98,0
DA:100,0
DA:105,1
DA:106,0
DA:108,1
DA:109,1
DA:125,0
DA:126,0
DA:128,0
DA:129,0
DA:140,0
DA:141,0
DA:145,27
DA:146,2
DA:154,25
DA:155,0
DA:170,25
DA:299,3
DA:312,1
DA:344,0
DA:353,1
LF:61
LH:33
BRDA:44,0,0,6
BRDA:44,0,1,1
BRDA:45,1,0,6
BRDA:45,1,1,0
BRDA:46,2,0,6
BRDA:46,2,1,0
BRDA:51,3,0,0
BRDA:51,3,1,0
BRDA:56,4,0,0
BRDA:56,4,1,0
BRDA:56,5,0,0
BRDA:56,5,1,0
BRDA:67,6,0,0
BRDA:67,6,1,0
BRDA:86,7,0,2
BRDA:86,7,1,0
BRDA:87,8,0,2
BRDA:87,8,1,0
BRDA:96,9,0,0
BRDA:96,9,1,0
BRDA:98,10,0,0
BRDA:98,10,1,0
BRDA:105,11,0,0
BRDA:105,11,1,1
BRDA:140,12,0,0
BRDA:140,12,1,0
BRDA:145,13,0,2
BRDA:145,13,1,25
BRDA:154,14,0,0
BRDA:154,14,1,25
BRDA:178,15,0,25
BRDA:178,15,1,25
BRDA:198,16,0,25
BRDA:198,16,1,0
BRDA:207,17,0,6
BRDA:207,17,1,19
BRDA:230,18,0,6
BRDA:230,18,1,19
BRDA:233,19,0,6
BRDA:233,19,1,0
BRDA:242,20,0,6
BRDA:242,20,1,0
BRDA:245,21,0,19
BRDA:245,21,1,0
BRDA:253,22,0,25
BRDA:253,22,1,0
BRDA:258,23,0,25
BRDA:258,23,1,25
BRDA:269,24,0,6
BRDA:269,24,1,19
BRDA:272,25,0,6
BRDA:272,25,1,0
BRDA:279,26,0,0
BRDA:279,26,1,6
BRF:54
BRH:27
end_of_record
TN:
SF:app\perfil\trocar-senha.tsx
FN:19,TrocarSenhaScreen
FN:33,(anonymous_1)
FN:34,loadUser
FN:41,handleChangePassword
FN:65,(anonymous_4)
FN:120,(anonymous_5)
FN:144,(anonymous_6)
FN:190,(anonymous_7)
FN:207,(anonymous_8)
FNF:9
FNH:0
FNDA:0,TrocarSenhaScreen
FNDA:0,(anonymous_1)
FNDA:0,loadUser
FNDA:0,handleChangePassword
FNDA:0,(anonymous_4)
FNDA:0,(anonymous_5)
FNDA:0,(anonymous_6)
FNDA:0,(anonymous_7)
FNDA:0,(anonymous_8)
DA:20,0
DA:21,0
DA:22,0
DA:23,0
DA:24,0
DA:26,0
DA:27,0
DA:28,0
DA:29,0
DA:30,0
DA:31,0
DA:33,0
DA:35,0
DA:36,0
DA:38,0
DA:42,0
DA:43,0
DA:44,0
DA:47,0
DA:48,0
DA:49,0
DA:52,0
DA:53,0
DA:54,0
DA:57,0
DA:58,0
DA:59,0
DA:62,0
DA:63,0
DA:64,0
DA:66,0
DA:67,0
DA:68,0
DA:77,0
DA:79,0
DA:83,0
DA:120,0
DA:144,0
DA:190,0
DA:207,0
LF:40
LH:0
BRDA:42,0,0,0
BRDA:42,0,1,0
BRDA:42,1,0,0
BRDA:42,1,1,0
BRDA:42,1,2,0
BRDA:47,2,0,0
BRDA:47,2,1,0
BRDA:52,3,0,0
BRDA:52,3,1,0
BRDA:57,4,0,0
BRDA:57,4,1,0
BRDA:91,5,0,0
BRDA:91,5,1,0
BRDA:122,6,0,0
BRDA:122,6,1,0
BRDA:125,7,0,0
BRDA:125,7,1,0
BRDA:146,8,0,0
BRDA:146,8,1,0
BRDA:149,9,0,0
BRDA:149,9,1,0
BRDA:167,10,0,0
BRDA:167,10,1,0
BRDA:167,10,2,0
BRDA:173,11,0,0
BRDA:173,11,1,0
BRDA:181,12,0,0
BRDA:181,12,1,0
BRF:28
BRH:0
end_of_record
TN:
SF:app\unidade\equipe.tsx
FN:30,EquipeScreen
FN:42,(anonymous_1)
FN:48,(anonymous_2)
FN:52,loadMembros
FN:72,filterMembros
FN:77,(anonymous_5)
FN:84,(anonymous_6)
FN:93,handleToggleAtivo
FN:117,(anonymous_8)
FN:142,getPapelLabel
FN:146,getPapelColor
FN:160,(anonymous_11)
FN:161,(anonymous_12)
FN:210,(anonymous_13)
FN:226,(anonymous_14)
FN:242,(anonymous_15)
FN:265,(anonymous_16)
FN:322,(anonymous_17)
FN:348,(anonymous_18)
FN:363,(anonymous_19)
FNF:20
FNH:0
FNDA:0,EquipeScreen
FNDA:0,(anonymous_1)
FNDA:0,(anonymous_2)
FNDA:0,loadMembros
FNDA:0,filterMembros
FNDA:0,(anonymous_5)
FNDA:0,(anonymous_6)
FNDA:0,handleToggleAtivo
FNDA:0,(anonymous_8)
FNDA:0,getPapelLabel
FNDA:0,getPapelColor
FNDA:0,(anonymous_11)
FNDA:0,(anonymous_12)
FNDA:0,(anonymous_13)
FNDA:0,(anonymous_14)
FNDA:0,(anonymous_15)
FNDA:0,(anonymous_16)
FNDA:0,(anonymous_17)
FNDA:0,(anonymous_18)
FNDA:0,(anonymous_19)
DA:31,0
DA:32,0
DA:33,0
DA:34,0
DA:35,0
DA:36,0
DA:37,0
DA:38,0
DA:39,0
DA:40,0
DA:42,0
DA:43,0
DA:44,0
DA:48,0
DA:49,0
DA:53,0
DA:54,0
DA:55,0
DA:61,0
DA:63,0
DA:65,0
DA:66,0
DA:68,0
DA:73,0
DA:76,0
DA:77,0
DA:81,0
DA:82,0
DA:83,0
DA:85,0
DA:90,0
DA:95,0
DA:96,0
DA:97,0
DA:101,0
DA:102,0
DA:106,0
DA:109,0
DA:110,0
DA:118,0
DA:119,0
DA:124,0
DA:126,0
DA:131,0
DA:133,0
DA:134,0
DA:143,0
DA:147,0
DA:150,0
DA:151,0
DA:159,0
DA:160,0
DA:161,0
DA:163,0
DA:210,0
DA:226,0
DA:242,0
DA:266,0
DA:322,0
DA:348,0
DA:363,0
LF:61
LH:0
BRDA:43,0,0,0
BRDA:43,0,1,0
BRDA:61,1,0,0
BRDA:61,1,1,0
BRDA:63,2,0,0
BRDA:63,2,1,0
BRDA:76,3,0,0
BRDA:76,3,1,0
BRDA:81,4,0,0
BRDA:81,4,1,0
BRDA:85,5,0,0
BRDA:85,5,1,0
BRDA:95,6,0,0
BRDA:95,6,1,0
BRDA:101,7,0,0
BRDA:101,7,1,0
BRDA:109,8,0,0
BRDA:109,8,1,0
BRDA:124,9,0,0
BRDA:124,9,1,0
BRDA:127,10,0,0
BRDA:127,10,1,0
BRDA:143,11,0,0
BRDA:143,11,1,0
BRDA:147,12,0,0
BRDA:147,12,1,0
BRDA:150,13,0,0
BRDA:150,13,1,0
BRDA:150,14,0,0
BRDA:150,14,1,0
BRDA:208,15,0,0
BRDA:208,15,1,0
BRDA:215,16,0,0
BRDA:215,16,1,0
BRDA:224,17,0,0
BRDA:224,17,1,0
BRDA:231,18,0,0
BRDA:231,18,1,0
BRDA:240,19,0,0
BRDA:240,19,1,0
BRDA:247,20,0,0
BRDA:247,20,1,0
BRDA:257,21,0,0
BRDA:257,21,1,0
BRDA:260,22,0,0
BRDA:260,22,1,0
BRDA:264,23,0,0
BRDA:264,23,1,0
BRDA:264,24,0,0
BRDA:264,24,1,0
BRDA:270,25,0,0
BRDA:270,25,1,0
BRDA:271,26,0,0
BRDA:271,26,1,0
BRDA:271,26,2,0
BRDA:289,27,0,0
BRDA:289,27,1,0
BRDA:294,28,0,0
BRDA:294,28,1,0
BRDA:315,29,0,0
BRDA:315,29,1,0
BRDA:315,29,2,0
BRDA:315,29,3,0
BRDA:320,30,0,0
BRDA:320,30,1,0
BRDA:325,31,0,0
BRDA:325,31,1,0
BRDA:332,32,0,0
BRDA:332,32,1,0
BRDA:344,33,0,0
BRDA:344,33,1,0
BRDA:496,34,0,0
BRDA:496,34,1,0
BRF:73
BRH:0
end_of_record
TN:
SF:app\unidade\index.tsx
FN:31,UnidadeScreen
FN:51,(anonymous_1)
FN:58,loadUnidade
FN:84,loadMembrosCount
FN:98,handleSave
FN:132,handleCancel
FN:154,(anonymous_6)
FN:169,(anonymous_7)
FN:187,(anonymous_8)
FN:329,(anonymous_9)
FN:367,(anonymous_10)
FNF:11
FNH:0
FNDA:0,UnidadeScreen
FNDA:0,(anonymous_1)
FNDA:0,loadUnidade
FNDA:0,loadMembrosCount
FNDA:0,handleSave
FNDA:0,handleCancel
FNDA:0,(anonymous_6)
FNDA:0,(anonymous_7)
FNDA:0,(anonymous_8)
FNDA:0,(anonymous_9)
FNDA:0,(anonymous_10)
DA:32,0
DA:33,0
DA:34,0
DA:35,0
DA:36,0
DA:37,0
DA:38,0
DA:39,0
DA:40,0
DA:41,0
DA:44,0
DA:45,0
DA:46,0
DA:47,0
DA:48,0
DA:49,0
DA:51,0
DA:52,0
DA:53,0
DA:54,0
DA:59,0
DA:60,0
DA:61,0
DA:67,0
DA:69,0
DA:70,0
DA:71,0
DA:72,0
DA:73,0
DA:74,0
DA:75,0
DA:77,0
DA:78,0
DA:80,0
DA:85,0
DA:86,0
DA:91,0
DA:92,0
DA:94,0
DA:99,0
DA:100,0
DA:101,0
DA:104,0
DA:105,0
DA:107,0
DA:119,0
DA:121,0
DA:122,0
DA:123,0
DA:125,0
DA:126,0
DA:128,0
DA:133,0
DA:134,0
DA:135,0
DA:136,0
DA:137,0
DA:138,0
DA:139,0
DA:142,0
DA:143,0
DA:151,0
DA:154,0
DA:155,0
DA:169,0
DA:187,0
DA:188,0
DA:314,0
DA:329,0
DA:367,0
LF:70
LH:0
BRDA:52,0,0,0
BRDA:52,0,1,0
BRDA:67,1,0,0
BRDA:67,1,1,0
BRDA:70,2,0,0
BRDA:70,2,1,0
BRDA:71,3,0,0
BRDA:71,3,1,0
BRDA:72,4,0,0
BRDA:72,4,1,0
BRDA:73,5,0,0
BRDA:73,5,1,0
BRDA:74,6,0,0
BRDA:74,6,1,0
BRDA:75,7,0,0
BRDA:75,7,1,0
BRDA:91,8,0,0
BRDA:91,8,1,0
BRDA:92,9,0,0
BRDA:92,9,1,0
BRDA:99,10,0,0
BRDA:99,10,1,0
BRDA:119,11,0,0
BRDA:119,11,1,0
BRDA:133,12,0,0
BRDA:133,12,1,0
BRDA:134,13,0,0
BRDA:134,13,1,0
BRDA:135,14,0,0
BRDA:135,14,1,0
BRDA:136,15,0,0
BRDA:136,15,1,0
BRDA:137,16,0,0
BRDA:137,16,1,0
BRDA:138,17,0,0
BRDA:138,17,1,0
BRDA:142,18,0,0
BRDA:142,18,1,0
BRDA:142,19,0,0
BRDA:142,19,1,0
BRDA:157,20,0,0
BRDA:157,20,1,0
BRDA:176,21,0,0
BRDA:176,21,1,0
BRDA:196,22,0,0
BRDA:196,22,1,0
BRDA:209,23,0,0
BRDA:209,23,1,0
BRDA:222,24,0,0
BRDA:222,24,1,0
BRDA:235,25,0,0
BRDA:235,25,1,0
BRDA:248,26,0,0
BRDA:248,26,1,0
BRDA:259,27,0,0
BRDA:259,27,1,0
BRDA:274,28,0,0
BRDA:274,28,1,0
BRDA:284,29,0,0
BRDA:284,29,1,0
BRDA:301,30,0,0
BRDA:301,30,1,0
BRDA:326,31,0,0
BRDA:326,31,1,0
BRDA:326,31,2,0
BRDA:342,32,0,0
BRDA:342,32,1,0
BRDA:342,33,0,0
BRDA:342,33,1,0
BRDA:470,34,0,0
BRDA:470,34,1,0
BRF:71
BRH:0
end_of_record
TN:
SF:app\unidade\transferir.tsx
FN:25,TransferirGestaoScreen
FN:37,(anonymous_1)
FN:43,loadGestoresElegiveis
FN:67,handleSelectGestor
FN:72,handleCancelConfirmation
FN:78,handleConfirmTransfer
FN:86,(anonymous_6)
FN:130,(anonymous_7)
FN:179,(anonymous_8)
FN:298,(anonymous_9)
FN:302,(anonymous_10)
FN:334,(anonymous_11)
FNF:12
FNH:0
FNDA:0,TransferirGestaoScreen
FNDA:0,(anonymous_1)
FNDA:0,loadGestoresElegiveis
FNDA:0,handleSelectGestor
FNDA:0,handleCancelConfirmation
FNDA:0,handleConfirmTransfer
FNDA:0,(anonymous_6)
FNDA:0,(anonymous_7)
FNDA:0,(anonymous_8)
FNDA:0,(anonymous_9)
FNDA:0,(anonymous_10)
FNDA:0,(anonymous_11)
DA:26,0
DA:27,0
DA:28,0
DA:29,0
DA:30,0
DA:31,0
DA:32,0
DA:33,0
DA:34,0
DA:35,0
DA:37,0
DA:38,0
DA:39,0
DA:44,0
DA:45,0
DA:47,0
DA:56,0
DA:58,0
DA:60,0
DA:61,0
DA:63,0
DA:68,0
DA:69,0
DA:73,0
DA:74,0
DA:75,0
DA:79,0
DA:80,0
DA:81,0
DA:84,0
DA:86,0
DA:87,0
DA:89,0
DA:90,0
DA:94,0
DA:99,0
DA:102,0
DA:107,0
DA:109,0
DA:113,0
DA:124,0
DA:131,0
DA:137,0
DA:138,0
DA:143,0
DA:147,0
DA:148,0
DA:157,0
DA:158,0
DA:179,0
DA:181,0
DA:299,0
DA:302,0
DA:334,0
LF:54
LH:0
BRDA:38,0,0,0
BRDA:38,0,1,0
BRDA:56,1,0,0
BRDA:56,1,1,0
BRDA:58,2,0,0
BRDA:58,2,1,0
BRDA:79,3,0,0
BRDA:79,3,1,0
BRDA:84,4,0,0
BRDA:84,4,1,0
BRDA:87,5,0,0
BRDA:87,5,1,0
BRDA:99,6,0,0
BRDA:99,6,1,0
BRDA:107,7,0,0
BRDA:107,7,1,0
BRDA:147,8,0,0
BRDA:147,8,1,0
BRDA:147,9,0,0
BRDA:147,9,1,0
BRDA:157,10,0,0
BRDA:157,10,1,0
BRDA:208,11,0,0
BRDA:208,11,1,0
BRDA:262,12,0,0
BRDA:262,12,1,0
BRDA:265,13,0,0
BRDA:265,13,1,0
BRDA:267,14,0,0
BRDA:267,14,1,0
BRDA:287,15,0,0
BRDA:287,15,1,0
BRF:32
BRH:0
end_of_record
TN:
SF:src\components\AddressAutocomplete.tsx
FN:35,AddressAutocomplete
FN:46,(anonymous_1)
FN:50,(anonymous_2)
FN:58,(anonymous_3)
FN:71,(anonymous_4)
FN:86,(anonymous_5)
FN:94,(anonymous_6)
FN:101,(anonymous_7)
FN:107,(anonymous_8)
FN:160,(anonymous_9)
FN:161,(anonymous_10)
FN:164,(anonymous_11)
FN:180,(anonymous_12)
FN:211,(anonymous_13)
FN:224,generateSessionToken
FN:228,(anonymous_15)
FNF:16
FNH:8
FNDA:25,AddressAutocomplete
FNDA:14,(anonymous_1)
FNDA:14,(anonymous_2)
FNDA:14,(anonymous_3)
FNDA:0,(anonymous_4)
FNDA:4,(anonymous_5)
FNDA:0,(anonymous_6)
FNDA:1,(anonymous_7)
FNDA:0,(anonymous_8)
FNDA:0,(anonymous_9)
FNDA:0,(anonymous_10)
FNDA:0,(anonymous_11)
FNDA:0,(anonymous_12)
FNDA:0,(anonymous_13)
FNDA:14,generateSessionToken
FNDA:1,(anonymous_15)
DA:35,1
DA:43,25
DA:44,25
DA:45,25
DA:46,25
DA:47,25
DA:50,25
DA:51,14
DA:52,9
DA:53,9
DA:58,25
DA:59,14
DA:60,0
DA:63,14
DA:64,10
DA:65,10
DA:66,10
DA:67,10
DA:71,4
DA:72,0
DA:73,0
DA:75,0
DA:76,0
DA:77,0
DA:79,0
DA:80,0
DA:82,0
DA:86,4
DA:87,4
DA:88,4
DA:94,25
DA:95,0
DA:96,0
DA:97,0
DA:98,0
DA:101,25
DA:102,1
DA:103,1
DA:104,1
DA:107,25
DA:108,0
DA:109,0
DA:113,25
DA:160,0
DA:162,0
DA:164,0
DA:180,0
DA:209,1
DA:214,0
DA:225,14
DA:228,1
LF:51
LH:31
BRDA:39,0,0,23
BRDA:41,1,0,23
BRDA:51,2,0,9
BRDA:51,2,1,5
BRDA:59,3,0,0
BRDA:59,3,1,14
BRDA:63,4,0,10
BRDA:63,4,1,4
BRDA:63,5,0,14
BRDA:63,5,1,5
BRDA:87,6,0,4
BRDA:87,6,1,0
BRDA:108,7,0,0
BRDA:108,7,1,0
BRDA:119,8,0,25
BRDA:119,8,1,2
BRDA:120,9,0,25
BRDA:120,9,1,2
BRDA:123,10,0,25
BRDA:123,10,1,18
BRDA:127,11,0,2
BRDA:127,11,1,23
BRDA:128,12,0,2
BRDA:128,12,1,23
BRDA:134,13,0,25
BRDA:134,13,1,7
BRDA:134,13,2,7
BRDA:145,14,0,25
BRDA:145,14,1,2
BRDA:148,15,0,25
BRDA:148,15,1,0
BRDA:156,16,0,25
BRDA:156,16,1,0
BRDA:156,16,2,0
BRDA:156,16,3,0
BRDA:189,17,0,25
BRDA:189,17,1,0
BRDA:189,17,2,0
BRDA:189,17,3,0
BRDA:189,17,4,0
BRDA:189,17,5,0
BRDA:198,18,0,25
BRDA:198,18,1,25
BRDA:198,18,2,7
BRDA:198,18,3,7
BRDA:198,18,4,2
BRDA:215,19,0,0
BRDA:215,19,1,0
BRDA:215,19,2,0
BRDA:215,19,3,0
BRF:50
BRH:33
end_of_record
TN:
SF:src\components\Avatar.tsx
FN:31,Avatar
FN:40,(anonymous_1)
FN:43,(anonymous_2)
FN:110,(anonymous_3)
FNF:4
FNH:4
FNDA:46,Avatar
FNDA:46,(anonymous_1)
FNDA:84,(anonymous_2)
FNDA:90,(anonymous_3)
DA:37,46
DA:40,46
DA:41,46
DA:43,84
DA:45,45
DA:46,10
DA:50,35
DA:53,46
DA:56,46
DA:63,46
DA:70,46
DA:71,46
DA:72,46
DA:74,46
DA:110,90
LF:15
LH:15
BRDA:34,0,0,15
BRDA:41,1,0,1
BRDA:41,1,1,45
BRDA:45,2,0,10
BRDA:45,2,1,35
BRDA:72,3,0,46
BRDA:72,3,1,43
BRDA:86,4,0,2
BRDA:86,4,1,44
BRF:9
BRH:9
end_of_record
TN:
SF:src\components\Badge.tsx
FN:25,(anonymous_0)
FN:55,Badge
FN:101,(anonymous_2)
FNF:3
FNH:3
FNDA:15,(anonymous_0)
FNDA:15,Badge
FNDA:1,(anonymous_2)
DA:25,1
DA:26,15
DA:28,5
DA:33,3
DA:38,5
DA:43,2
DA:48,0
DA:62,15
DA:64,15
DA:71,15
DA:73,15
DA:101,1
LF:12
LH:11
BRDA:26,0,0,5
BRDA:26,0,1,3
BRDA:26,0,2,5
BRDA:26,0,3,2
BRDA:26,0,4,0
BRDA:58,1,0,11
BRDA:59,2,0,12
BRDA:71,3,0,15
BRDA:71,3,1,11
BRDA:78,4,0,12
BRDA:78,4,1,3
BRF:11
BRH:10
end_of_record
TN:
SF:src\components\Button.tsx
FN:31,Button
FN:49,(anonymous_1)
FN:114,(anonymous_2)
FNF:3
FNH:3
FNDA:14,Button
FNDA:14,(anonymous_1)
FNDA:2,(anonymous_2)
DA:44,14
DA:45,14
DA:46,14
DA:49,14
DA:50,14
DA:51,0
DA:53,14
DA:54,0
DA:56,14
DA:59,14
DA:61,14
DA:114,2
LF:12
LH:10
BRDA:34,0,0,7
BRDA:35,1,0,12
BRDA:37,2,0,14
BRDA:38,3,0,13
BRDA:39,4,0,13
BRDA:40,5,0,13
BRDA:46,6,0,14
BRDA:46,6,1,13
BRDA:50,7,0,0
BRDA:50,7,1,14
BRDA:53,8,0,0
BRDA:53,8,1,14
BRDA:67,9,0,14
BRDA:67,9,1,1
BRDA:68,10,0,14
BRDA:68,10,1,2
BRDA:75,11,0,1
BRDA:75,11,1,13
BRDA:77,12,0,0
BRDA:77,12,1,1
BRDA:77,13,0,1
BRDA:77,13,1,1
BRDA:81,14,0,13
BRDA:81,14,1,0
BRDA:81,14,2,0
BRDA:84,15,0,0
BRDA:84,15,1,0
BRDA:84,16,0,0
BRDA:84,16,1,0
BRDA:86,17,0,0
BRDA:86,17,1,0
BRDA:86,18,0,0
BRDA:86,18,1,0
BRDA:96,19,0,13
BRDA:96,19,1,0
BRDA:96,19,2,0
BRDA:99,20,0,0
BRDA:99,20,1,0
BRDA:99,21,0,0
BRDA:99,21,1,0
BRDA:101,22,0,0
BRDA:101,22,1,0
BRDA:101,23,0,0
BRDA:101,23,1,0
BRDA:122,24,0,2
BRDA:122,24,1,0
BRDA:133,25,0,2
BRDA:133,25,1,0
BRDA:148,26,0,2
BRDA:148,26,1,0
BRDA:161,27,0,2
BRDA:161,27,1,0
BRDA:172,28,0,2
BRDA:172,28,1,0
BRDA:181,29,0,2
BRDA:181,29,1,0
BRDA:239,30,0,2
BRDA:239,30,1,0
BRF:58
BRH:28
end_of_record
TN:
SF:src\components\CameraUpload.tsx
FN:29,CameraUpload
FN:42,(anonymous_1)
FN:50,(anonymous_2)
FN:58,(anonymous_3)
FN:90,(anonymous_4)
FN:117,(anonymous_5)
FN:144,(anonymous_6)
FN:188,(anonymous_7)
FN:224,(anonymous_8)
FN:257,(anonymous_9)
FNF:10
FNH:2
FNDA:7,CameraUpload
FNDA:0,(anonymous_1)
FNDA:0,(anonymous_2)
FNDA:0,(anonymous_3)
FNDA:0,(anonymous_4)
FNDA:0,(anonymous_5)
FNDA:0,(anonymous_6)
FNDA:0,(anonymous_7)
FNDA:0,(anonymous_8)
FNDA:1,(anonymous_9)
DA:36,7
DA:37,7
DA:42,7
DA:43,0
DA:44,0
DA:50,7
DA:51,0
DA:52,0
DA:58,7
DA:59,0
DA:61,0
DA:63,0
DA:78,0
DA:80,0
DA:82,0
DA:83,0
DA:90,7
DA:91,0
DA:93,0
DA:94,0
DA:98,0
DA:101,0
DA:108,0
DA:109,0
DA:110,0
DA:117,7
DA:118,0
DA:120,0
DA:121,0
DA:125,0
DA:128,0
DA:135,0
DA:136,0
DA:137,0
DA:144,7
DA:145,0
DA:146,0
DA:147,0
DA:150,0
DA:152,0
DA:153,0
DA:160,0
DA:161,0
DA:163,0
DA:166,0
DA:169,0
DA:171,0
DA:174,0
DA:175,0
DA:177,0
DA:178,0
DA:181,0
DA:188,7
DA:189,0
DA:191,0
DA:193,0
DA:214,7
DA:224,0
DA:257,1
LF:59
LH:11
BRDA:93,0,0,0
BRDA:93,0,1,0
BRDA:108,1,0,0
BRDA:108,1,1,0
BRDA:108,2,0,0
BRDA:108,2,1,0
BRDA:108,2,2,0
BRDA:120,3,0,0
BRDA:120,3,1,0
BRDA:135,4,0,0
BRDA:135,4,1,0
BRDA:135,5,0,0
BRDA:135,5,1,0
BRDA:135,5,2,0
BRDA:145,6,0,0
BRDA:145,6,1,0
BRDA:160,7,0,0
BRDA:160,7,1,0
BRDA:163,8,0,0
BRDA:163,8,1,0
BRDA:177,9,0,0
BRDA:177,9,1,0
BRDA:178,10,0,0
BRDA:178,10,1,0
BRDA:189,11,0,0
BRDA:189,11,1,0
BRDA:216,12,0,0
BRDA:216,12,1,7
BRDA:235,13,0,0
BRDA:235,13,1,0
BRF:30
BRH:1
end_of_record
TN:
SF:src\components\Card.tsx
FN:13,Card
FN:38,(anonymous_1)
FNF:2
FNH:2
FNDA:13,Card
FNDA:1,(anonymous_1)
DA:20,13
DA:22,13
DA:38,1
LF:3
LH:3
BRDA:15,0,0,11
BRDA:16,1,0,10
BRDA:20,2,0,2
BRDA:20,2,1,11
BRDA:31,3,0,2
BRDA:31,3,1,11
BRF:6
BRH:6
end_of_record
TN:
SF:src\components\ConfirmDialog.tsx
FN:23,ConfirmDialog
FN:35,(anonymous_1)
FN:46,(anonymous_2)
FN:57,(anonymous_3)
FN:114,(anonymous_4)
FNF:5
FNH:5
FNDA:14,ConfirmDialog
FNDA:14,(anonymous_1)
FNDA:28,(anonymous_2)
FNDA:14,(anonymous_3)
FNDA:1,(anonymous_4)
DA:33,14
DA:35,14
DA:36,14
DA:38,2
DA:40,2
DA:42,10
DA:46,14
DA:47,28
DA:49,4
DA:51,4
DA:53,20
DA:57,14
DA:58,14
DA:60,2
DA:62,2
DA:64,10
DA:68,14
DA:114,1
LF:18
LH:18
BRDA:27,0,0,9
BRDA:28,1,0,9
BRDA:31,2,0,9
BRDA:36,3,0,2
BRDA:36,3,1,2
BRDA:36,3,2,10
BRDA:47,4,0,4
BRDA:47,4,1,4
BRDA:47,4,2,20
BRDA:58,5,0,2
BRDA:58,5,1,2
BRDA:58,5,2,10
BRF:12
BRH:12
end_of_record
TN:
SF:src\components\ConfirmModal.tsx
FN:37,ConfirmModal
FN:49,(anonymous_1)
FN:61,(anonymous_2)
FN:120,(anonymous_3)
FNF:4
FNH:4
FNDA:40,ConfirmModal
FNDA:40,(anonymous_1)
FNDA:40,(anonymous_2)
FNDA:2,(anonymous_3)
DA:47,40
DA:49,40
DA:50,40
DA:52,34
DA:54,3
DA:57,3
DA:61,40
DA:62,40
DA:64,34
DA:66,3
DA:69,3
DA:73,40
DA:120,2
LF:13
LH:13
BRDA:41,0,0,11
BRDA:42,1,0,11
BRDA:45,2,0,6
BRDA:50,3,0,34
BRDA:50,3,1,3
BRDA:50,3,2,3
BRDA:50,3,3,3
BRDA:62,4,0,34
BRDA:62,4,1,3
BRDA:62,4,2,3
BRDA:62,4,3,3
BRDA:183,5,0,2
BRDA:183,5,1,0
BRDA:207,6,0,2
BRDA:207,6,1,0
BRF:15
BRH:13
end_of_record
TN:
SF:src\components\DataTable.tsx
FN:76,SkeletonLoader
FN:79,(anonymous_1)
FN:95,(anonymous_2)
FN:117,DataTable
FN:145,(anonymous_4)
FN:152,(anonymous_5)
FN:156,(anonymous_6)
FN:170,(anonymous_7)
FN:195,(anonymous_8)
FN:214,(anonymous_9)
FN:219,(anonymous_10)
FN:267,(anonymous_11)
FN:271,(anonymous_12)
FN:272,(anonymous_13)
FN:284,(anonymous_14)
FN:291,(anonymous_15)
FN:350,(anonymous_16)
FN:359,(anonymous_17)
FN:378,(anonymous_18)
FN:383,(anonymous_19)
FN:402,(anonymous_20)
FN:409,(anonymous_21)
FN:469,(anonymous_22)
FNF:23
FNH:21
FNDA:30,SkeletonLoader
FNDA:30,(anonymous_1)
FNDA:30,(anonymous_2)
FNDA:28,DataTable
FNDA:3,(anonymous_4)
FNDA:1,(anonymous_5)
FNDA:2,(anonymous_6)
FNDA:0,(anonymous_7)
FNDA:6,(anonymous_8)
FNDA:10,(anonymous_9)
FNDA:30,(anonymous_10)
FNDA:12,(anonymous_11)
FNDA:33,(anonymous_12)
FNDA:30,(anonymous_13)
FNDA:6,(anonymous_14)
FNDA:0,(anonymous_15)
FNDA:58,(anonymous_16)
FNDA:3,(anonymous_17)
FNDA:122,(anonymous_18)
FNDA:364,(anonymous_19)
FNDA:24,(anonymous_20)
FNDA:1,(anonymous_21)
FNDA:1,(anonymous_22)
DA:77,30
DA:79,30
DA:80,30
DA:94,30
DA:95,30
DA:98,30
DA:103,30
DA:130,28
DA:131,28
DA:134,28
DA:135,28
DA:136,28
DA:137,28
DA:138,28
DA:141,28
DA:142,28
DA:145,28
DA:146,3
DA:147,3
DA:148,3
DA:149,3
DA:152,28
DA:153,1
DA:156,28
DA:157,2
DA:163,28
DA:165,2
DA:166,0
DA:171,0
DA:189,2
DA:196,6
DA:215,10
DA:220,30
DA:245,26
DA:246,2
DA:261,24
DA:262,4
DA:268,12
DA:271,33
DA:273,30
DA:285,6
DA:291,0
DA:341,20
DA:351,58
DA:359,3
DA:379,122
DA:384,364
DA:403,24
DA:409,1
DA:469,1
LF:50
LH:47
BRDA:123,0,0,22
BRDA:124,1,0,21
BRDA:127,2,0,26
BRDA:128,3,0,26
BRDA:138,4,0,27
BRDA:138,4,1,1
BRDA:146,5,0,1
BRDA:146,5,1,2
BRDA:146,6,0,3
BRDA:146,6,1,1
BRDA:153,7,0,1
BRDA:153,7,1,0
BRDA:157,8,0,2
BRDA:157,8,1,0
BRDA:163,9,0,2
BRDA:163,9,1,26
BRDA:165,10,0,0
BRDA:165,10,1,2
BRDA:165,11,0,2
BRDA:165,11,1,2
BRDA:168,12,0,0
BRDA:168,12,1,0
BRDA:191,13,0,2
BRDA:191,13,1,0
BRDA:200,14,0,6
BRDA:200,14,1,6
BRDA:206,15,0,2
BRDA:206,15,1,0
BRDA:206,15,2,0
BRDA:217,16,0,10
BRDA:217,16,1,6
BRDA:224,17,0,30
BRDA:224,17,1,30
BRDA:230,18,0,10
BRDA:230,18,1,0
BRDA:230,18,2,0
BRDA:245,19,0,2
BRDA:245,19,1,24
BRDA:248,20,0,2
BRDA:248,20,1,0
BRDA:249,21,0,2
BRDA:249,21,1,1
BRDA:261,22,0,4
BRDA:261,22,1,20
BRDA:261,23,0,24
BRDA:261,23,1,21
BRDA:264,24,0,4
BRDA:264,24,1,0
BRDA:276,25,0,0
BRDA:276,25,1,30
BRDA:282,26,0,12
BRDA:282,26,1,3
BRDA:282,26,2,3
BRDA:289,27,0,6
BRDA:289,27,1,3
BRDA:293,28,0,6
BRDA:293,28,1,6
BRDA:297,29,0,6
BRDA:297,29,1,3
BRDA:311,30,0,4
BRDA:311,30,1,4
BRDA:311,30,2,0
BRDA:314,31,0,0
BRDA:314,31,1,0
BRDA:326,32,0,0
BRDA:326,32,1,0
BRDA:343,33,0,20
BRDA:343,33,1,1
BRDA:355,34,0,58
BRDA:355,34,1,58
BRDA:356,35,0,58
BRDA:356,35,1,0
BRDA:357,36,0,58
BRDA:357,36,1,0
BRDA:359,37,0,3
BRDA:359,37,1,3
BRDA:363,38,0,58
BRDA:363,38,1,19
BRDA:363,38,2,3
BRDA:365,39,0,2
BRDA:365,39,1,1
BRDA:370,40,0,20
BRDA:370,40,1,4
BRDA:370,40,2,4
BRDA:381,41,0,122
BRDA:381,41,1,68
BRDA:388,42,0,364
BRDA:388,42,1,364
BRDA:389,43,0,364
BRDA:389,43,1,0
BRDA:390,44,0,364
BRDA:390,44,1,0
BRDA:394,45,0,1
BRDA:394,45,1,363
BRDA:400,46,0,122
BRDA:400,46,1,12
BRDA:400,46,2,12
BRDA:407,47,0,24
BRDA:407,47,1,12
BRDA:411,48,0,24
BRDA:411,48,1,24
BRDA:415,49,0,24
BRDA:415,49,1,12
BRDA:430,50,0,20
BRDA:430,50,1,19
BRDA:430,50,2,6
BRDA:439,51,0,6
BRDA:439,51,1,4
BRDA:451,52,0,6
BRDA:451,52,1,0
BRDA:598,53,0,1
BRDA:598,53,1,0
BRDA:633,54,0,1
BRDA:633,54,1,0
BRF:114
BRH:89
end_of_record
TN:
SF:src\components\DrawerMenu.tsx
FN:19,DrawerMenu
FN:25,(anonymous_1)
FN:29,loadProfile
FN:41,navigate
FN:46,handleLogout
FN:112,(anonymous_5)
FN:144,(anonymous_6)
FN:145,(anonymous_7)
FN:151,(anonymous_8)
FN:182,(anonymous_9)
FNF:10
FNH:9
FNDA:43,DrawerMenu
FNDA:22,(anonymous_1)
FNDA:22,loadProfile
FNDA:3,navigate
FNDA:1,handleLogout
FNDA:0,(anonymous_5)
FNDA:301,(anonymous_6)
FNDA:221,(anonymous_7)
FNDA:3,(anonymous_8)
FNDA:1,(anonymous_9)
DA:20,43
DA:21,43
DA:22,43
DA:23,43
DA:25,43
DA:26,22
DA:30,22
DA:31,22
DA:32,22
DA:37,22
DA:42,3
DA:43,3
DA:47,1
DA:48,1
DA:49,1
DA:52,43
DA:97,43
DA:112,0
DA:144,301
DA:146,221
DA:147,221
DA:151,3
DA:182,1
LF:23
LH:22
BRDA:31,0,0,22
BRDA:31,0,1,0
BRDA:120,1,0,43
BRDA:120,1,1,23
BRDA:125,2,0,43
BRDA:125,2,1,20
BRDA:132,3,0,43
BRDA:132,3,1,1
BRDA:150,4,0,221
BRDA:150,4,1,43
BRDA:157,5,0,221
BRDA:157,5,1,43
BRF:12
BRH:11
end_of_record
TN:
SF:src\components\EmptyState.tsx
FN:24,EmptyState
FN:64,(anonymous_1)
FNF:2
FNH:2
FNDA:16,EmptyState
FNDA:1,(anonymous_1)
DA:32,16
DA:34,16
DA:64,1
LF:3
LH:3
BRDA:25,0,0,9
BRDA:47,1,0,16
BRDA:47,1,1,6
BRDA:52,2,0,16
BRDA:52,2,1,6
BRDA:52,2,2,5
BRF:6
BRH:6
end_of_record
TN:
SF:src\components\GestorSidebar.tsx
FN:22,GestorSidebar
FN:28,handleLogout
FN:37,isActive
FN:59,(anonymous_3)
FN:65,(anonymous_4)
FN:101,(anonymous_5)
FNF:6
FNH:6
FNDA:25,GestorSidebar
FNDA:2,handleLogout
FNDA:100,isActive
FNDA:100,(anonymous_3)
FNDA:4,(anonymous_4)
FNDA:1,(anonymous_5)
DA:15,1
DA:23,25
DA:24,25
DA:25,25
DA:26,25
DA:29,2
DA:30,2
DA:31,0
DA:33,2
DA:38,100
DA:41,25
DA:60,100
DA:61,100
DA:65,4
DA:101,1
LF:15
LH:14
BRDA:50,0,0,25
BRDA:50,0,1,22
BRDA:64,1,0,100
BRDA:64,1,1,25
BRDA:67,2,0,100
BRDA:67,2,1,25
BRDA:68,3,0,100
BRDA:68,3,1,25
BRDA:81,4,0,25
BRDA:81,4,1,4
BRDA:86,5,0,25
BRDA:86,5,1,4
BRDA:109,6,0,1
BRDA:109,6,1,0
BRF:14
BRH:13
end_of_record
TN:
SF:src\components\Input.tsx
FN:28,Input
FN:104,(anonymous_1)
FNF:2
FNH:2
FNDA:22,Input
FNDA:1,(anonymous_1)
DA:41,22
DA:42,22
DA:43,22
DA:45,22
DA:104,1
LF:5
LH:5
BRDA:35,0,0,20
BRDA:36,1,0,21
BRDA:47,2,0,22
BRDA:47,2,1,5
BRDA:51,3,0,5
BRDA:51,3,1,1
BRDA:60,4,0,22
BRDA:60,4,1,2
BRDA:61,5,0,22
BRDA:61,5,1,1
BRDA:64,6,0,22
BRDA:64,6,1,1
BRDA:67,7,0,0
BRDA:67,7,1,1
BRDA:67,8,0,0
BRDA:67,8,1,1
BRDA:68,9,0,0
BRDA:68,9,1,1
BRDA:76,10,0,22
BRDA:76,10,1,1
BRDA:77,11,0,22
BRDA:77,11,1,2
BRDA:84,12,0,22
BRDA:84,12,1,2
BRDA:87,13,0,0
BRDA:87,13,1,2
BRDA:87,14,0,0
BRDA:87,14,1,2
BRDA:88,15,0,0
BRDA:88,15,1,2
BRDA:95,16,0,22
BRDA:95,16,1,20
BRDA:95,16,2,3
BRDA:96,17,0,3
BRDA:96,17,1,2
BRDA:97,18,0,3
BRDA:97,18,1,1
BRF:37
BRH:31
end_of_record
TN:
SF:src\components\MapaAdapter.tsx
FN:33,MapaAdapter
FN:53,MapaFallback
FN:54,(anonymous_2)
FN:73,(anonymous_3)
FN:95,getStatusColor
FN:108,(anonymous_5)
FNF:6
FNH:0
FNDA:0,MapaAdapter
FNDA:0,MapaFallback
FNDA:0,(anonymous_2)
FNDA:0,(anonymous_3)
FNDA:0,getStatusColor
FNDA:0,(anonymous_5)
DA:35,0
DA:36,0
DA:46,0
DA:54,0
DA:56,0
DA:74,0
DA:96,0
DA:98,0
DA:100,0
DA:102,0
DA:104,0
DA:108,0
LF:12
LH:0
BRDA:35,0,0,0
BRDA:35,0,1,0
BRDA:54,1,0,0
BRDA:54,1,1,0
BRDA:71,2,0,0
BRDA:71,2,1,0
BRDA:96,3,0,0
BRDA:96,3,1,0
BRDA:96,3,2,0
BRDA:96,3,3,0
BRF:10
BRH:0
end_of_record
TN:
SF:src\components\MapaMobile.tsx
FN:19,MapaMobile
FN:24,(anonymous_1)
FN:39,(anonymous_2)
FN:55,(anonymous_3)
FN:78,(anonymous_4)
FN:80,(anonymous_5)
FN:82,(anonymous_6)
FN:96,(anonymous_7)
FN:126,(anonymous_8)
FN:137,(anonymous_9)
FN:169,(anonymous_10)
FNF:11
FNH:0
FNDA:0,MapaMobile
FNDA:0,(anonymous_1)
FNDA:0,(anonymous_2)
FNDA:0,(anonymous_3)
FNDA:0,(anonymous_4)
FNDA:0,(anonymous_5)
FNDA:0,(anonymous_6)
FNDA:0,(anonymous_7)
FNDA:0,(anonymous_8)
FNDA:0,(anonymous_9)
FNDA:0,(anonymous_10)
DA:20,0
DA:23,0
DA:24,0
DA:28,0
DA:29,0
DA:39,0
DA:40,0
DA:41,0
DA:50,0
DA:51,0
DA:52,0
DA:53,0
DA:55,0
DA:56,0
DA:57,0
DA:58,0
DA:59,0
DA:62,0
DA:63,0
DA:64,0
DA:65,0
DA:67,0
DA:75,0
DA:78,0
DA:79,0
DA:80,0
DA:81,0
DA:82,0
DA:96,0
DA:97,0
DA:99,0
DA:101,0
DA:103,0
DA:105,0
DA:109,0
DA:126,0
DA:138,0
DA:169,0
LF:38
LH:0
BRDA:24,0,0,0
BRDA:24,0,1,0
BRDA:28,1,0,0
BRDA:28,1,1,0
BRDA:40,2,0,0
BRDA:40,2,1,0
BRDA:79,3,0,0
BRDA:79,3,1,0
BRDA:79,4,0,0
BRDA:79,4,1,0
BRDA:97,5,0,0
BRDA:97,5,1,0
BRDA:97,5,2,0
BRDA:97,5,3,0
BRDA:124,6,0,0
BRDA:124,6,1,0
BRDA:162,7,0,0
BRDA:162,7,1,0
BRF:18
BRH:0
end_of_record
TN:
SF:src\components\MapaMobile.web.tsx
FN:30,MapaMobile
FN:41,(anonymous_1)
FNF:2
FNH:0
FNDA:0,MapaMobile
FNDA:0,(anonymous_1)
DA:31,0
DA:41,0
LF:2
LH:0
BRF:0
BRH:0
end_of_record
TN:
SF:src\components\MapaRN.tsx
FN:20,MapaRN
FN:26,(anonymous_1)
FN:32,fetchDirections
FN:39,(anonymous_3)
FN:60,(anonymous_4)
FN:61,(anonymous_5)
FN:69,decodePolyline
FN:102,handleIniciarNavegacao
FN:144,(anonymous_8)
FN:199,(anonymous_9)
FNF:10
FNH:0
FNDA:0,MapaRN
FNDA:0,(anonymous_1)
FNDA:0,fetchDirections
FNDA:0,(anonymous_3)
FNDA:0,(anonymous_4)
FNDA:0,(anonymous_5)
FNDA:0,decodePolyline
FNDA:0,handleIniciarNavegacao
FNDA:0,(anonymous_8)
FNDA:0,(anonymous_9)
DA:21,0
DA:22,0
DA:23,0
DA:24,0
DA:26,0
DA:27,0
DA:28,0
DA:33,0
DA:34,0
DA:35,0
DA:36,0
DA:38,0
DA:39,0
DA:43,0
DA:49,0
DA:50,0
DA:52,0
DA:53,0
DA:56,0
DA:57,0
DA:60,0
DA:61,0
DA:64,0
DA:70,0
DA:71,0
DA:73,0
DA:74,0
DA:75,0
DA:76,0
DA:77,0
DA:78,0
DA:80,0
DA:81,0
DA:83,0
DA:84,0
DA:85,0
DA:86,0
DA:87,0
DA:88,0
DA:90,0
DA:91,0
DA:93,0
DA:99,0
DA:103,0
DA:104,0
DA:106,0
DA:111,0
DA:113,0
DA:114,0
DA:115,0
DA:117,0
DA:121,0
DA:122,0
DA:129,0
DA:136,0
DA:145,0
DA:199,0
LF:57
LH:0
BRDA:20,0,0,0
BRDA:27,1,0,0
BRDA:27,1,1,0
BRDA:38,2,0,0
BRDA:38,2,1,0
BRDA:52,3,0,0
BRDA:52,3,1,0
BRDA:52,4,0,0
BRDA:52,4,1,0
BRDA:80,5,0,0
BRDA:80,5,1,0
BRDA:90,6,0,0
BRDA:90,6,1,0
BRDA:111,7,0,0
BRDA:111,7,1,0
BRDA:114,8,0,0
BRDA:114,8,1,0
BRDA:121,9,0,0
BRDA:121,9,1,0
BRDA:153,10,0,0
BRDA:153,10,1,0
BRDA:158,11,0,0
BRDA:158,11,1,0
BRDA:167,12,0,0
BRDA:167,12,1,0
BRDA:177,13,0,0
BRDA:177,13,1,0
BRDA:177,13,2,0
BRDA:186,14,0,0
BRDA:186,14,1,0
BRF:30
BRH:0
end_of_record
TN:
SF:src\components\MapaRotas.tsx
FN:25,MapaRotas
FN:33,(anonymous_1)
FNF:2
FNH:0
FNDA:0,MapaRotas
FNDA:0,(anonymous_1)
DA:26,0
DA:28,0
DA:29,0
DA:30,0
DA:33,0
DA:38,0
DA:40,0
DA:43,0
LF:8
LH:0
BRDA:26,0,0,0
BRDA:26,0,1,0
BRDA:29,1,0,0
BRDA:29,1,1,0
BRDA:30,2,0,0
BRDA:30,2,1,0
BRDA:38,3,0,0
BRDA:38,3,1,0
BRDA:38,4,0,0
BRDA:38,4,1,0
BRF:10
BRH:0
end_of_record
TN:
SF:src\components\MapaRotas.web.tsx
FN:22,MapaRotas
FN:33,(anonymous_1)
FNF:2
FNH:0
FNDA:0,MapaRotas
FNDA:0,(anonymous_1)
DA:23,0
DA:25,0
DA:29,0
DA:33,0
DA:38,0
DA:40,0
LF:6
LH:0
BRDA:25,0,0,0
BRDA:25,0,1,0
BRDA:29,1,0,0
BRDA:29,1,1,0
BRDA:38,2,0,0
BRDA:38,2,1,0
BRDA:38,3,0,0
BRDA:38,3,1,0
BRF:8
BRH:0
end_of_record
TN:
SF:src\components\MapaWeb.tsx
FN:26,MapaWeb
FN:37,(anonymous_1)
FN:38,(anonymous_2)
FN:48,(anonymous_3)
FN:52,(anonymous_4)
FN:55,(anonymous_5)
FN:62,(anonymous_6)
FN:67,(anonymous_7)
FN:70,(anonymous_8)
FN:85,(anonymous_9)
FN:98,(anonymous_10)
FN:125,(anonymous_11)
FN:142,(anonymous_12)
FN:183,(anonymous_13)
FNF:14
FNH:0
FNDA:0,MapaWeb
FNDA:0,(anonymous_1)
FNDA:0,(anonymous_2)
FNDA:0,(anonymous_3)
FNDA:0,(anonymous_4)
FNDA:0,(anonymous_5)
FNDA:0,(anonymous_6)
FNDA:0,(anonymous_7)
FNDA:0,(anonymous_8)
FNDA:0,(anonymous_9)
FNDA:0,(anonymous_10)
FNDA:0,(anonymous_11)
FNDA:0,(anonymous_12)
FNDA:0,(anonymous_13)
DA:19,0
DA:21,0
DA:27,0
DA:29,0
DA:34,0
DA:37,0
DA:38,0
DA:39,0
DA:40,0
DA:42,0
DA:48,0
DA:49,0
DA:52,0
DA:53,0
DA:54,0
DA:55,0
DA:56,0
DA:58,0
DA:62,0
DA:63,0
DA:67,0
DA:68,0
DA:70,0
DA:71,0
DA:73,0
DA:75,0
DA:80,0
DA:85,0
DA:90,0
DA:99,0
DA:100,0
DA:102,0
DA:108,0
DA:109,0
DA:116,0
DA:117,0
DA:125,0
DA:127,0
DA:143,0
DA:183,0
LF:40
LH:0
BRDA:19,0,0,0
BRDA:19,0,1,0
BRDA:38,1,0,0
BRDA:38,1,1,0
BRDA:39,2,0,0
BRDA:39,2,1,0
BRDA:52,3,0,0
BRDA:52,3,1,0
BRDA:53,4,0,0
BRDA:53,4,1,0
BRDA:68,5,0,0
BRDA:68,5,1,0
BRDA:68,6,0,0
BRDA:68,6,1,0
BRDA:70,7,0,0
BRDA:70,7,1,0
BRDA:71,8,0,0
BRDA:71,8,1,0
BRDA:94,9,0,0
BRDA:94,9,1,0
BRDA:99,10,0,0
BRDA:99,10,1,0
BRDA:99,11,0,0
BRDA:99,11,1,0
BRDA:108,12,0,0
BRDA:108,12,1,0
BRDA:116,13,0,0
BRDA:116,13,1,0
BRDA:125,14,0,0
BRDA:125,14,1,0
BRDA:142,15,0,0
BRDA:142,15,1,0
BRDA:156,16,0,0
BRDA:156,16,1,0
BRDA:156,17,0,0
BRDA:156,17,1,0
BRDA:167,18,0,0
BRDA:167,18,1,0
BRF:38
BRH:0
end_of_record
TN:
SF:src\components\Modal.tsx
FN:39,Modal
FN:54,(anonymous_1)
FN:85,(anonymous_2)
FN:161,(anonymous_3)
FNF:4
FNH:4
FNDA:20,Modal
FNDA:20,(anonymous_1)
FNDA:20,(anonymous_2)
FNDA:1,(anonymous_3)
DA:37,1
DA:50,20
DA:51,20
DA:52,20
DA:54,20
DA:55,20
DA:56,19
DA:70,1
DA:85,20
DA:86,20
DA:88,1
DA:90,17
DA:92,1
DA:94,1
DA:96,0
DA:100,20
DA:161,1
LF:17
LH:16
BRDA:44,0,0,17
BRDA:45,1,0,19
BRDA:46,2,0,17
BRDA:47,3,0,19
BRDA:55,4,0,19
BRDA:55,4,1,1
BRDA:86,5,0,1
BRDA:86,5,1,17
BRDA:86,5,2,1
BRDA:86,5,3,1
BRDA:86,5,4,0
BRDA:104,6,0,1
BRDA:104,6,1,19
BRDA:130,7,0,1
BRDA:130,7,1,19
BRDA:131,8,0,18
BRDA:131,8,1,2
BRDA:133,9,0,20
BRDA:133,9,1,1
BRDA:138,10,0,20
BRDA:138,10,1,15
BRDA:138,10,2,20
BRDA:140,11,0,20
BRDA:140,11,1,5
BRDA:141,12,0,20
BRDA:141,12,1,19
BRF:26
BRH:25
end_of_record
TN:
SF:src\components\PasswordStrengthIndicator.tsx
FN:10,PasswordStrengthIndicator
FN:34,(anonymous_1)
FN:45,(anonymous_2)
FNF:3
FNH:3
FNDA:16,PasswordStrengthIndicator
FNDA:24,(anonymous_1)
FNDA:1,(anonymous_2)
DA:11,16
DA:13,16
DA:15,15
DA:17,15
DA:19,15
DA:35,24
DA:45,1
LF:7
LH:7
BRDA:13,0,0,1
BRDA:13,0,1,15
BRDA:32,1,0,15
BRDA:32,1,1,12
BRF:4
BRH:4
end_of_record
TN:
SF:src\components\Progress.tsx
FN:27,Progress
FN:41,(anonymous_1)
FN:53,(anonymous_2)
FN:103,(anonymous_3)
FNF:4
FNH:4
FNDA:27,Progress
FNDA:27,(anonymous_1)
FNDA:51,(anonymous_2)
FNDA:1,(anonymous_3)
DA:36,27
DA:37,27
DA:38,27
DA:39,27
DA:41,27
DA:42,27
DA:43,26
DA:49,1
DA:53,27
DA:54,51
DA:56,41
DA:58,6
DA:60,2
DA:62,2
DA:64,0
DA:68,27
DA:73,27
DA:103,1
LF:18
LH:17
BRDA:30,0,0,23
BRDA:31,1,0,24
BRDA:32,2,0,21
BRDA:33,3,0,25
BRDA:42,4,0,26
BRDA:42,4,1,1
BRDA:54,5,0,41
BRDA:54,5,1,6
BRDA:54,5,2,2
BRDA:54,5,3,2
BRDA:54,5,4,0
BRDA:76,6,0,27
BRDA:76,6,1,17
BRDA:76,6,2,25
BRDA:78,7,0,25
BRDA:78,7,1,10
BRDA:79,8,0,25
BRDA:79,8,1,24
BRF:18
BRH:17
end_of_record
TN:
SF:src\components\ResponsiveContainer.tsx
FN:34,ResponsiveContainer
FN:61,(anonymous_1)
FNF:2
FNH:2
FNDA:16,ResponsiveContainer
FNDA:1,(anonymous_1)
DA:41,16
DA:42,16
DA:45,16
DA:46,16
DA:48,16
DA:58,16
DA:61,1
LF:7
LH:7
BRDA:37,0,0,11
BRDA:39,1,0,13
BRDA:45,2,0,2
BRDA:45,2,1,14
BRDA:45,3,0,1
BRDA:45,3,1,13
BRDA:46,4,0,3
BRDA:46,4,1,13
BRDA:51,5,0,13
BRDA:51,5,1,3
BRDA:52,6,0,16
BRDA:52,6,1,13
BRDA:52,6,2,11
BRF:13
BRH:13
end_of_record
TN:
SF:src\components\SkeletonLoader.tsx
FN:12,Skeleton
FN:15,(anonymous_1)
FN:49,SkeletonCard
FN:59,SkeletonList
FN:65,(anonymous_4)
FN:78,SkeletonDashboard
FN:89,(anonymous_6)
FN:103,(anonymous_7)
FNF:8
FNH:8
FNDA:215,Skeleton
FNDA:215,(anonymous_1)
FNDA:3,SkeletonCard
FNDA:11,SkeletonList
FNDA:50,(anonymous_4)
FNDA:4,SkeletonDashboard
FNDA:16,(anonymous_6)
FNDA:1,(anonymous_7)
DA:13,215
DA:15,215
DA:16,215
DA:32,215
DA:50,3
DA:61,11
DA:63,11
DA:66,50
DA:79,4
DA:90,16
DA:103,1
LF:11
LH:11
BRDA:12,0,0,5
BRDA:12,1,0,6
BRDA:12,2,0,158
BRDA:59,3,0,1
BRF:4
BRH:4
end_of_record
TN:
SF:src\components\Toast.tsx
FN:34,Toast
FN:39,(anonymous_1)
FN:58,(anonymous_2)
FN:61,(anonymous_3)
FN:68,(anonymous_4)
FN:80,(anonymous_5)
FN:87,(anonymous_6)
FN:101,(anonymous_7)
FN:142,(anonymous_8)
FNF:9
FNH:8
FNDA:33,Toast
FNDA:14,(anonymous_1)
FNDA:0,(anonymous_2)
FNDA:6,(anonymous_3)
FNDA:8,(anonymous_4)
FNDA:8,(anonymous_5)
FNDA:7,(anonymous_6)
FNDA:7,(anonymous_7)
FNDA:2,(anonymous_8)
DA:35,33
DA:36,33
DA:37,33
DA:39,33
DA:40,14
DA:42,7
DA:57,7
DA:58,6
DA:59,0
DA:61,6
DA:64,7
DA:68,33
DA:69,8
DA:81,8
DA:85,33
DA:87,7
DA:88,7
DA:90,4
DA:92,1
DA:94,1
DA:97,1
DA:101,7
DA:102,7
DA:104,4
DA:106,1
DA:108,1
DA:111,1
DA:115,7
DA:142,2
LF:29
LH:28
BRDA:34,0,0,0
BRDA:34,1,0,8
BRDA:40,2,0,7
BRDA:40,2,1,7
BRDA:57,3,0,6
BRDA:57,3,1,1
BRDA:57,4,0,7
BRDA:57,4,1,6
BRDA:85,5,0,26
BRDA:85,5,1,7
BRDA:85,6,0,33
BRDA:85,6,1,26
BRDA:88,7,0,4
BRDA:88,7,1,1
BRDA:88,7,2,1
BRDA:88,7,3,1
BRDA:88,7,4,1
BRDA:102,8,0,4
BRDA:102,8,1,1
BRDA:102,8,2,1
BRDA:102,8,3,1
BRDA:102,8,4,1
BRDA:133,9,0,7
BRDA:133,9,1,6
BRDA:144,10,0,0
BRDA:144,10,1,2
BRDA:145,11,0,0
BRDA:145,11,1,2
BRDA:146,12,0,0
BRDA:146,12,1,2
BRDA:147,13,0,0
BRDA:147,13,1,2
BRDA:148,14,0,2
BRDA:148,14,1,0
BRF:34
BRH:28
end_of_record
TN:
SF:src\components\desktop\DesktopLayout.tsx
FN:39,DesktopLayout
FN:79,(anonymous_1)
FNF:2
FNH:0
FNDA:0,DesktopLayout
FNDA:0,(anonymous_1)
DA:47,0
DA:49,0
DA:55,0
DA:64,0
DA:65,0
DA:72,0
DA:79,0
LF:7
LH:0
BRDA:41,0,0,0
BRDA:42,1,0,0
BRDA:51,2,0,0
BRDA:51,2,1,0
BRDA:57,3,0,0
BRDA:57,3,1,0
BRDA:58,4,0,0
BRDA:58,4,1,0
BRDA:59,5,0,0
BRDA:59,5,1,0
BRDA:60,6,0,0
BRDA:60,6,1,0
BRDA:60,6,2,0
BRDA:64,7,0,0
BRDA:64,7,1,0
BRF:15
BRH:0
end_of_record
TN:
SF:src\components\desktop\DesktopModal.tsx
FN:43,DesktopModal
FN:73,(anonymous_1)
FN:98,(anonymous_2)
FNF:3
FNH:0
FNDA:0,DesktopModal
FNDA:0,(anonymous_1)
FNDA:0,(anonymous_2)
DA:53,0
DA:55,0
DA:73,0
DA:98,0
LF:4
LH:0
BRDA:48,0,0,0
BRDA:49,1,0,0
BRDA:50,2,0,0
BRDA:59,3,0,0
BRDA:59,3,1,0
BRDA:64,4,0,0
BRDA:64,4,1,0
BRDA:69,5,0,0
BRDA:69,5,1,0
BRDA:70,6,0,0
BRDA:70,6,1,0
BRDA:76,7,0,0
BRDA:76,7,1,0
BRF:13
BRH:0
end_of_record
TN:
SF:src\components\desktop\SplitView.tsx
FN:52,SplitView
FN:116,(anonymous_1)
FNF:2
FNH:0
FNDA:0,SplitView
FNDA:0,(anonymous_1)
DA:64,0
DA:66,0
DA:73,0
DA:78,0
DA:85,0
DA:99,0
DA:105,0
DA:106,0
DA:113,0
DA:116,0
LF:10
LH:0
BRDA:55,0,0,0
BRDA:56,1,0,0
BRDA:57,2,0,0
BRDA:58,3,0,0
BRDA:59,4,0,0
BRDA:60,5,0,0
BRDA:61,6,0,0
BRDA:68,7,0,0
BRDA:68,7,1,0
BRDA:69,8,0,0
BRDA:69,8,1,0
BRDA:75,9,0,0
BRDA:75,9,1,0
BRDA:80,10,0,0
BRDA:80,10,1,0
BRDA:81,11,0,0
BRDA:81,11,1,0
BRDA:85,12,0,0
BRDA:85,12,1,0
BRDA:105,13,0,0
BRDA:105,13,1,0
BRDA:108,14,0,0
BRDA:108,14,1,0
BRDA:113,15,0,0
BRDA:113,15,1,0
BRF:25
BRH:0
end_of_record
TN:
SF:src\components\desktop\index.ts
FNF:0
FNH:0
LF:0
LH:0
BRF:0
BRH:0
end_of_record
TN:
SF:src\hooks\useAuth.ts
FN:5,useAuth
FN:10,(anonymous_1)
FN:12,(anonymous_2)
FN:19,(anonymous_3)
FN:24,(anonymous_4)
FN:31,(anonymous_5)
FNF:6
FNH:6
FNDA:19,useAuth
FNDA:9,(anonymous_1)
FNDA:9,(anonymous_2)
FNDA:2,(anonymous_3)
FNDA:9,(anonymous_4)
FNDA:1,(anonymous_5)
DA:6,19
DA:7,19
DA:8,19
DA:10,19
DA:12,9
DA:13,9
DA:14,9
DA:15,9
DA:19,9
DA:20,2
DA:21,2
DA:24,9
DA:27,19
DA:31,1
LF:14
LH:14
BRDA:14,0,0,9
BRDA:14,0,1,6
BRDA:21,1,0,2
BRDA:21,1,1,1
BRF:4
BRH:4
end_of_record
TN:
SF:src\hooks\useBreakpoint.ts
FN:33,(anonymous_0)
FN:39,(anonymous_1)
FN:40,(anonymous_2)
FN:47,(anonymous_3)
FN:84,(anonymous_4)
FNF:5
FNH:3
FNDA:14,(anonymous_0)
FNDA:14,(anonymous_1)
FNDA:0,(anonymous_2)
FNDA:14,(anonymous_3)
FNDA:0,(anonymous_4)
DA:33,2
DA:34,14
DA:39,14
DA:40,14
DA:41,0
DA:47,14
DA:48,14
DA:49,14
DA:54,14
DA:56,14
DA:57,14
DA:58,14
DA:59,14
DA:61,14
DA:62,14
DA:63,13
DA:64,11
DA:66,14
DA:84,2
DA:90,0
DA:92,0
DA:93,0
DA:95,0
DA:96,0
DA:98,0
DA:99,0
DA:101,0
LF:27
LH:18
BRDA:48,0,0,14
BRDA:48,0,1,0
BRDA:57,1,0,14
BRDA:57,1,1,5
BRDA:58,2,0,14
BRDA:58,2,1,3
BRDA:62,3,0,1
BRDA:62,3,1,13
BRDA:63,4,0,2
BRDA:63,4,1,11
BRDA:64,5,0,2
BRDA:64,5,1,9
BRDA:92,6,0,0
BRDA:92,6,1,0
BRDA:92,7,0,0
BRDA:92,7,1,0
BRDA:95,8,0,0
BRDA:95,8,1,0
BRDA:95,9,0,0
BRDA:95,9,1,0
BRDA:98,10,0,0
BRDA:98,10,1,0
BRDA:98,11,0,0
BRDA:98,11,1,0
BRF:24
BRH:11
end_of_record
TN:
SF:src\hooks\useProfile.ts
FN:29,useProfile
FN:35,loadProfile
FN:67,(anonymous_2)
FN:72,updateProfile
FN:90,changePassword
FNF:5
FNH:5
FNDA:29,useProfile
FNDA:17,loadProfile
FNDA:12,(anonymous_2)
FNDA:3,updateProfile
FNDA:3,changePassword
DA:30,29
DA:31,29
DA:32,29
DA:36,17
DA:37,2
DA:38,2
DA:39,2
DA:42,15
DA:43,15
DA:44,15
DA:50,14
DA:52,13
DA:53,13
DA:56,13
DA:61,2
DA:63,15
DA:67,29
DA:68,12
DA:73,3
DA:75,2
DA:76,2
DA:81,2
DA:83,2
DA:85,0
DA:91,3
DA:93,3
DA:95,3
DA:100,3
DA:103,2
DA:107,2
DA:110,2
DA:115,2
DA:117,1
DA:121,29
LF:34
LH:33
BRDA:36,0,0,2
BRDA:36,0,1,15
BRDA:50,1,0,1
BRDA:50,1,1,13
BRDA:73,2,0,1
BRDA:73,2,1,2
BRDA:73,3,0,3
BRDA:73,3,1,2
BRDA:81,4,0,0
BRDA:81,4,1,2
BRDA:85,5,0,0
BRDA:85,5,1,0
BRDA:91,6,0,0
BRDA:91,6,1,3
BRDA:100,7,0,1
BRDA:100,7,1,2
BRDA:107,8,0,0
BRDA:107,8,1,2
BRDA:117,9,0,1
BRDA:117,9,1,0
BRDA:127,10,0,29
BRDA:127,10,1,16
BRF:22
BRH:16
end_of_record
TN:
SF:src\hooks\useResponsive.ts
FN:46,useResponsive
FN:51,(anonymous_1)
FN:58,(anonymous_2)
FN:87,createResponsiveStyles
FNF:4
FNH:0
FNDA:0,useResponsive
FNDA:0,(anonymous_1)
FNDA:0,(anonymous_2)
FNDA:0,createResponsiveStyles
DA:47,0
DA:48,0
DA:51,0
DA:52,0
DA:53,0
DA:54,0
DA:58,0
DA:59,0
DA:62,0
DA:63,0
DA:65,0
DA:88,0
DA:89,0
DA:90,0
DA:92,0
LF:15
LH:0
BRDA:52,0,0,0
BRDA:52,0,1,0
BRDA:53,1,0,0
BRDA:53,1,1,0
BRDA:59,2,0,0
BRDA:59,2,1,0
BRDA:72,3,0,0
BRDA:72,3,1,0
BRDA:89,4,0,0
BRDA:89,4,1,0
BRDA:97,5,0,0
BRDA:97,5,1,0
BRDA:97,6,0,0
BRDA:97,6,1,0
BRDA:97,7,0,0
BRDA:97,7,1,0
BRDA:99,8,0,0
BRDA:99,8,1,0
BRDA:99,9,0,0
BRDA:99,9,1,0
BRDA:101,10,0,0
BRDA:101,10,1,0
BRDA:101,11,0,0
BRDA:101,11,1,0
BRDA:103,12,0,0
BRDA:103,12,1,0
BRDA:103,13,0,0
BRDA:103,13,1,0
BRDA:106,14,0,0
BRDA:106,14,1,0
BRDA:106,15,0,0
BRDA:106,15,1,0
BRDA:107,16,0,0
BRDA:107,16,1,0
BRDA:107,17,0,0
BRDA:107,17,1,0
BRDA:108,18,0,0
BRDA:108,18,1,0
BRDA:108,19,0,0
BRDA:108,19,1,0
BRDA:109,20,0,0
BRDA:109,20,1,0
BRDA:110,21,0,0
BRDA:110,21,1,0
BRF:44
BRH:0
end_of_record
TN:
SF:src\hooks\useToast.ts
FN:34,useToast
FN:43,(anonymous_1)
FN:54,(anonymous_2)
FN:55,(anonymous_3)
FN:76,(anonymous_4)
FNF:5
FNH:4
FNDA:44,useToast
FNDA:8,(anonymous_1)
FNDA:7,(anonymous_2)
FNDA:7,(anonymous_3)
FNDA:0,(anonymous_4)
DA:35,44
DA:42,44
DA:44,8
DA:54,44
DA:55,7
DA:75,44
DA:84,0
DA:85,0
DA:86,0
DA:87,0
DA:88,0
DA:90,0
DA:91,0
DA:92,0
DA:98,44
LF:15
LH:7
BRDA:43,0,0,0
BRDA:43,1,0,7
BRDA:90,2,0,0
BRDA:90,2,1,0
BRDA:90,2,2,0
BRF:5
BRH:1
end_of_record
TN:
SF:src\hooks\useUser.ts
FN:6,useUser
FN:11,(anonymous_1)
FN:21,loadUserData
FNF:3
FNH:3
FNDA:26,useUser
FNDA:12,(anonymous_1)
FNDA:10,loadUserData
DA:7,26
DA:8,26
DA:9,26
DA:11,26
DA:12,12
DA:13,4
DA:14,4
DA:15,4
DA:18,8
DA:22,10
DA:23,10
DA:29,8
DA:30,7
DA:32,3
DA:34,10
DA:38,26
LF:16
LH:16
BRDA:12,0,0,4
BRDA:12,0,1,8
BRDA:29,1,0,1
BRDA:29,1,1,7
BRF:4
BRH:4
end_of_record
TN:
SF:src\lib\auth.ts
FN:6,(anonymous_0)
FN:24,(anonymous_1)
FN:52,(anonymous_2)
FN:58,(anonymous_3)
FN:66,(anonymous_4)
FN:74,(anonymous_5)
FN:80,(anonymous_6)
FN:96,(anonymous_7)
FNF:8
FNH:8
FNDA:3,(anonymous_0)
FNDA:3,(anonymous_1)
FNDA:2,(anonymous_2)
FNDA:3,(anonymous_3)
FNDA:3,(anonymous_4)
FNDA:2,(anonymous_5)
FNDA:8,(anonymous_6)
FNDA:3,(anonymous_7)
DA:4,1
DA:7,3
DA:12,3
DA:15,2
DA:16,2
DA:17,2
DA:20,0
DA:25,3
DA:30,3
DA:33,2
DA:34,2
DA:45,2
DA:48,1
DA:53,2
DA:54,2
DA:59,3
DA:62,3
DA:67,3
DA:70,3
DA:75,2
DA:76,2
DA:81,8
DA:87,8
DA:88,3
DA:89,3
DA:92,5
DA:97,3
DA:98,3
LF:28
LH:27
BRDA:12,0,0,1
BRDA:12,0,1,2
BRDA:15,1,0,2
BRDA:15,1,1,0
BRDA:30,2,0,1
BRDA:30,2,1,2
BRDA:33,3,0,2
BRDA:33,3,1,0
BRDA:45,4,0,1
BRDA:45,4,1,1
BRDA:54,5,0,1
BRDA:54,5,1,1
BRDA:62,6,0,1
BRDA:62,6,1,2
BRDA:70,7,0,1
BRDA:70,7,1,2
BRDA:87,8,0,3
BRDA:87,8,1,5
BRDA:98,9,0,3
BRDA:98,9,1,1
BRF:20
BRH:18
end_of_record
TN:
SF:src\lib\design-tokens.ts
FN:328,getBadgeColor
FN:363,getStatusColor
FN:383,getStatusIcon
FNF:3
FNH:3
FNDA:5,getBadgeColor
FNDA:5,getStatusColor
FNDA:5,getStatusIcon
DA:16,1
DA:91,1
DA:194,1
DA:208,1
DA:220,1
DA:262,1
DA:274,1
DA:294,1
DA:308,1
DA:331,5
DA:333,1
DA:338,1
DA:343,1
DA:348,1
DA:353,1
DA:366,5
DA:368,1
DA:370,1
DA:372,1
DA:374,1
DA:376,1
DA:386,5
DA:388,1
DA:390,1
DA:392,1
DA:394,1
DA:396,1
LF:27
LH:27
BRDA:331,0,0,1
BRDA:331,0,1,1
BRDA:331,0,2,1
BRDA:331,0,3,1
BRDA:331,0,4,1
BRDA:366,1,0,1
BRDA:366,1,1,1
BRDA:366,1,2,1
BRDA:366,1,3,1
BRDA:366,1,4,1
BRDA:386,2,0,1
BRDA:386,2,1,1
BRDA:386,2,2,1
BRDA:386,2,3,1
BRDA:386,2,4,1
BRF:15
BRH:15
end_of_record
TN:
SF:src\lib\google.ts
FN:6,getCoordinates
FN:42,(anonymous_1)
FN:60,(anonymous_2)
FN:78,(anonymous_3)
FN:94,(anonymous_4)
FN:95,(anonymous_5)
FN:120,(anonymous_6)
FN:136,(anonymous_7)
FN:137,(anonymous_8)
FN:162,(anonymous_9)
FN:182,(anonymous_10)
FN:191,(anonymous_11)
FN:206,(anonymous_12)
FN:207,(anonymous_13)
FN:220,(anonymous_14)
FN:222,(anonymous_15)
FN:224,(anonymous_16)
FN:234,(anonymous_17)
FN:236,(anonymous_18)
FNF:19
FNH:0
FNDA:0,getCoordinates
FNDA:0,(anonymous_1)
FNDA:0,(anonymous_2)
FNDA:0,(anonymous_3)
FNDA:0,(anonymous_4)
FNDA:0,(anonymous_5)
FNDA:0,(anonymous_6)
FNDA:0,(anonymous_7)
FNDA:0,(anonymous_8)
FNDA:0,(anonymous_9)
FNDA:0,(anonymous_10)
FNDA:0,(anonymous_11)
FNDA:0,(anonymous_12)
FNDA:0,(anonymous_13)
FNDA:0,(anonymous_14)
FNDA:0,(anonymous_15)
FNDA:0,(anonymous_16)
FNDA:0,(anonymous_17)
FNDA:0,(anonymous_18)
DA:3,0
DA:7,0
DA:8,0
DA:14,0
DA:16,0
DA:17,0
DA:18,0
DA:24,0
DA:26,0
DA:27,0
DA:40,0
DA:43,0
DA:44,0
DA:47,0
DA:49,0
DA:51,0
DA:57,0
DA:59,0
DA:60,0
DA:70,0
DA:72,0
DA:73,0
DA:79,0
DA:80,0
DA:82,0
DA:86,0
DA:88,0
DA:89,0
DA:90,0
DA:93,0
DA:94,0
DA:95,0
DA:97,0
DA:112,0
DA:114,0
DA:115,0
DA:121,0
DA:122,0
DA:128,0
DA:130,0
DA:131,0
DA:132,0
DA:135,0
DA:136,0
DA:137,0
DA:139,0
DA:154,0
DA:156,0
DA:157,0
DA:163,0
DA:164,0
DA:168,0
DA:170,0
DA:171,0
DA:174,0
DA:176,0
DA:177,0
DA:187,0
DA:188,0
DA:189,0
DA:190,0
DA:191,0
DA:193,0
DA:196,0
DA:200,0
DA:202,0
DA:203,0
DA:204,0
DA:206,0
DA:207,0
DA:212,0
DA:214,0
DA:215,0
DA:221,0
DA:222,0
DA:223,0
DA:224,0
DA:227,0
DA:231,0
DA:233,0
DA:234,0
DA:236,0
DA:244,0
DA:246,0
DA:247,0
LF:85
LH:0
BRDA:3,0,0,0
BRDA:3,0,1,0
BRDA:16,1,0,0
BRDA:16,1,1,0
BRDA:16,2,0,0
BRDA:16,2,1,0
BRDA:43,3,0,0
BRDA:43,3,1,0
BRDA:49,4,0,0
BRDA:49,4,1,0
BRDA:59,5,0,0
BRDA:59,5,1,0
BRDA:59,6,0,0
BRDA:59,6,1,0
BRDA:65,7,0,0
BRDA:65,7,1,0
BRDA:80,8,0,0
BRDA:80,8,1,0
BRDA:88,9,0,0
BRDA:88,9,1,0
BRDA:88,10,0,0
BRDA:88,10,1,0
BRDA:93,11,0,0
BRDA:93,11,1,0
BRDA:95,12,0,0
BRDA:95,12,1,0
BRDA:100,13,0,0
BRDA:100,13,1,0
BRDA:101,14,0,0
BRDA:101,14,1,0
BRDA:130,15,0,0
BRDA:130,15,1,0
BRDA:130,16,0,0
BRDA:130,16,1,0
BRDA:137,17,0,0
BRDA:137,17,1,0
BRDA:142,18,0,0
BRDA:142,18,1,0
BRDA:143,19,0,0
BRDA:143,19,1,0
BRDA:170,20,0,0
BRDA:170,20,1,0
BRDA:170,21,0,0
BRDA:170,21,1,0
BRDA:189,22,0,0
BRDA:189,22,1,0
BRDA:189,23,0,0
BRDA:189,23,1,0
BRDA:202,24,0,0
BRDA:202,24,1,0
BRDA:202,25,0,0
BRDA:202,25,1,0
BRDA:208,26,0,0
BRDA:208,26,1,0
BRDA:233,27,0,0
BRDA:233,27,1,0
BRDA:238,28,0,0
BRDA:238,28,1,0
BRDA:239,29,0,0
BRDA:239,29,1,0
BRF:60
BRH:0
end_of_record
TN:
SF:src\lib\google.web.ts
FN:19,loadGoogleMapsAPI
FN:27,(anonymous_1)
FN:45,(anonymous_2)
FN:49,(anonymous_3)
FN:60,(anonymous_4)
FN:79,(anonymous_5)
FN:100,(anonymous_6)
FN:117,(anonymous_7)
FN:118,(anonymous_8)
FN:142,(anonymous_9)
FN:148,(anonymous_10)
FN:155,(anonymous_11)
FN:161,(anonymous_12)
FN:162,(anonymous_13)
FN:191,(anonymous_14)
FN:197,(anonymous_15)
FN:203,(anonymous_16)
FN:220,(anonymous_17)
FN:239,(anonymous_18)
FN:255,(anonymous_19)
FN:256,(anonymous_20)
FN:273,(anonymous_21)
FN:294,(anonymous_22)
FN:296,(anonymous_23)
FN:298,(anonymous_24)
FN:308,(anonymous_25)
FN:310,(anonymous_26)
FN:327,getCoordinates
FNF:28
FNH:0
FNDA:0,loadGoogleMapsAPI
FNDA:0,(anonymous_1)
FNDA:0,(anonymous_2)
FNDA:0,(anonymous_3)
FNDA:0,(anonymous_4)
FNDA:0,(anonymous_5)
FNDA:0,(anonymous_6)
FNDA:0,(anonymous_7)
FNDA:0,(anonymous_8)
FNDA:0,(anonymous_9)
FNDA:0,(anonymous_10)
FNDA:0,(anonymous_11)
FNDA:0,(anonymous_12)
FNDA:0,(anonymous_13)
FNDA:0,(anonymous_14)
FNDA:0,(anonymous_15)
FNDA:0,(anonymous_16)
FNDA:0,(anonymous_17)
FNDA:0,(anonymous_18)
FNDA:0,(anonymous_19)
FNDA:0,(anonymous_20)
FNDA:0,(anonymous_21)
FNDA:0,(anonymous_22)
FNDA:0,(anonymous_23)
FNDA:0,(anonymous_24)
FNDA:0,(anonymous_25)
FNDA:0,(anonymous_26)
FNDA:0,getCoordinates
DA:3,0
DA:16,0
DA:17,0
DA:20,0
DA:22,0
DA:23,0
DA:24,0
DA:27,0
DA:28,0
DA:29,0
DA:30,0
DA:34,0
DA:35,0
DA:36,0
DA:37,0
DA:41,0
DA:42,0
DA:43,0
DA:44,0
DA:45,0
DA:46,0
DA:47,0
DA:49,0
DA:50,0
DA:52,0
DA:55,0
DA:58,0
DA:61,0
DA:62,0
DA:65,0
DA:66,0
DA:69,0
DA:72,0
DA:79,0
DA:80,0
DA:81,0
DA:92,0
DA:94,0
DA:95,0
DA:101,0
DA:102,0
DA:105,0
DA:108,0
DA:111,0
DA:116,0
DA:117,0
DA:118,0
DA:119,0
DA:122,0
DA:136,0
DA:137,0
DA:143,0
DA:144,0
DA:146,0
DA:148,0
DA:149,0
DA:156,0
DA:157,0
DA:158,0
DA:160,0
DA:161,0
DA:162,0
DA:164,0
DA:178,0
DA:179,0
DA:185,0
DA:186,0
DA:192,0
DA:193,0
DA:195,0
DA:197,0
DA:198,0
DA:204,0
DA:205,0
DA:207,0
DA:208,0
DA:214,0
DA:215,0
DA:225,0
DA:227,0
DA:230,0
DA:231,0
DA:235,0
DA:238,0
DA:239,0
DA:246,0
DA:255,0
DA:256,0
DA:257,0
DA:258,0
DA:260,0
DA:266,0
DA:267,0
DA:270,0
DA:271,0
DA:273,0
DA:274,0
DA:275,0
DA:278,0
DA:286,0
DA:288,0
DA:289,0
DA:295,0
DA:296,0
DA:297,0
DA:298,0
DA:301,0
DA:305,0
DA:307,0
DA:308,0
DA:310,0
DA:318,0
DA:320,0
DA:321,0
DA:328,0
DA:329,0
DA:330,0
DA:335,0
LF:118
LH:0
BRDA:3,0,0,0
BRDA:3,0,1,0
BRDA:20,1,0,0
BRDA:20,1,1,0
BRDA:22,2,0,0
BRDA:22,2,1,0
BRDA:28,3,0,0
BRDA:28,3,1,0
BRDA:34,4,0,0
BRDA:34,4,1,0
BRDA:34,5,0,0
BRDA:34,5,1,0
BRDA:34,5,2,0
BRDA:61,6,0,0
BRDA:61,6,1,0
BRDA:84,7,0,0
BRDA:84,7,1,0
BRDA:87,8,0,0
BRDA:87,8,1,0
BRDA:116,9,0,0
BRDA:116,9,1,0
BRDA:119,10,0,0
BRDA:119,10,1,0
BRDA:125,11,0,0
BRDA:125,11,1,0
BRDA:126,12,0,0
BRDA:126,12,1,0
BRDA:133,13,0,0
BRDA:133,13,1,0
BRDA:156,14,0,0
BRDA:156,14,1,0
BRDA:156,15,0,0
BRDA:156,15,1,0
BRDA:156,15,2,0
BRDA:162,16,0,0
BRDA:162,16,1,0
BRDA:167,17,0,0
BRDA:167,17,1,0
BRDA:168,18,0,0
BRDA:168,18,1,0
BRDA:204,19,0,0
BRDA:204,19,1,0
BRDA:204,20,0,0
BRDA:204,20,1,0
BRDA:204,20,2,0
BRDA:230,21,0,0
BRDA:230,21,1,0
BRDA:230,22,0,0
BRDA:230,22,1,0
BRDA:238,23,0,0
BRDA:238,23,1,0
BRDA:257,24,0,0
BRDA:257,24,1,0
BRDA:257,25,0,0
BRDA:257,25,1,0
BRDA:266,26,0,0
BRDA:266,26,1,0
BRDA:266,27,0,0
BRDA:266,27,1,0
BRDA:274,28,0,0
BRDA:274,28,1,0
BRDA:275,29,0,0
BRDA:275,29,1,0
BRDA:282,30,0,0
BRDA:282,30,1,0
BRDA:307,31,0,0
BRDA:307,31,1,0
BRDA:312,32,0,0
BRDA:312,32,1,0
BRDA:313,33,0,0
BRDA:313,33,1,0
BRDA:329,34,0,0
BRDA:329,34,1,0
BRF:73
BRH:0
end_of_record
TN:
SF:src\lib\navigation.ts
FN:25,gerarUrlWaze
FN:37,gerarUrlGoogleMaps
FN:54,gerarUrlAppleMaps
FN:67,tentarAbrirApp
FN:98,abrirMenuIOS
FN:99,(anonymous_5)
FN:110,(anonymous_6)
FN:122,abrirMenuAndroid
FN:129,(anonymous_8)
FN:131,(anonymous_9)
FN:162,abrirNavegacao
FN:212,abrirNavegacaoDireta
FN:242,verificarAppInstalado
FN:280,abrirNavegacaoRotaCompleta
FN:295,(anonymous_14)
FNF:15
FNH:0
FNDA:0,gerarUrlWaze
FNDA:0,gerarUrlGoogleMaps
FNDA:0,gerarUrlAppleMaps
FNDA:0,tentarAbrirApp
FNDA:0,abrirMenuIOS
FNDA:0,(anonymous_5)
FNDA:0,(anonymous_6)
FNDA:0,abrirMenuAndroid
FNDA:0,(anonymous_8)
FNDA:0,(anonymous_9)
FNDA:0,abrirNavegacao
FNDA:0,abrirNavegacaoDireta
FNDA:0,verificarAppInstalado
FNDA:0,abrirNavegacaoRotaCompleta
FNDA:0,(anonymous_14)
DA:26,0
DA:38,0
DA:43,0
DA:55,0
DA:68,0
DA:69,0
DA:71,0
DA:72,0
DA:73,0
DA:74,0
DA:76,0
DA:77,0
DA:79,0
DA:83,0
DA:86,0
DA:87,0
DA:91,0
DA:99,0
DA:101,0
DA:111,0
DA:112,0
DA:113,0
DA:123,0
DA:129,0
DA:131,0
DA:164,0
DA:165,0
DA:169,0
DA:173,0
DA:179,0
DA:183,0
DA:187,0
DA:193,0
DA:194,0
DA:198,0
DA:199,0
DA:201,0
DA:218,0
DA:220,0
DA:221,0
DA:223,0
DA:224,0
DA:226,0
DA:227,0
DA:229,0
DA:232,0
DA:247,0
DA:249,0
DA:250,0
DA:252,0
DA:256,0
DA:258,0
DA:259,0
DA:261,0
DA:264,0
DA:265,0
DA:267,0
DA:281,0
DA:282,0
DA:286,0
DA:289,0
DA:290,0
DA:291,0
DA:294,0
DA:295,0
DA:298,0
DA:316,0
DA:317,0
DA:323,0
LF:69
LH:0
BRDA:38,0,0,0
BRDA:38,0,1,0
BRDA:71,1,0,0
BRDA:71,1,1,0
BRDA:74,2,0,0
BRDA:74,2,1,0
BRDA:103,3,0,0
BRDA:103,3,1,0
BRDA:111,4,0,0
BRDA:111,4,1,0
BRDA:125,5,0,0
BRDA:125,5,1,0
BRDA:164,6,0,0
BRDA:164,6,1,0
BRDA:164,7,0,0
BRDA:164,7,1,0
BRDA:173,8,0,0
BRDA:173,8,1,0
BRDA:174,9,0,0
BRDA:174,9,1,0
BRDA:174,9,2,0
BRDA:174,9,3,0
BRDA:193,10,0,0
BRDA:193,10,1,0
BRDA:198,11,0,0
BRDA:198,11,1,0
BRDA:218,12,0,0
BRDA:218,12,1,0
BRDA:218,12,2,0
BRDA:218,12,3,0
BRDA:247,13,0,0
BRDA:247,13,1,0
BRDA:247,13,2,0
BRDA:247,13,3,0
BRDA:252,14,0,0
BRDA:252,14,1,0
BRDA:281,15,0,0
BRDA:281,15,1,0
BRDA:307,16,0,0
BRDA:307,16,1,0
BRDA:316,17,0,0
BRDA:316,17,1,0
BRF:42
BRH:0
end_of_record
TN:
SF:src\lib\navigation.web.ts
FN:16,abrirNavegacao
FN:35,abrirNavegacaoDireta
FN:46,verificarAppInstalado
FN:55,abrirNavegacaoRotaCompleta
FNF:4
FNH:0
FNDA:0,abrirNavegacao
FNDA:0,abrirNavegacaoDireta
FNDA:0,verificarAppInstalado
FNDA:0,abrirNavegacaoRotaCompleta
DA:18,0
DA:19,0
DA:23,0
DA:27,0
DA:29,0
DA:39,0
DA:40,0
DA:49,0
DA:56,0
DA:57,0
DA:61,0
DA:64,0
DA:65,0
DA:67,0
DA:69,0
LF:15
LH:0
BRDA:18,0,0,0
BRDA:18,0,1,0
BRDA:18,1,0,0
BRDA:18,1,1,0
BRDA:56,2,0,0
BRDA:56,2,1,0
BRF:6
BRH:0
end_of_record
TN:
SF:src\lib\storage.ts
FN:22,uploadFotoEntrega
FN:90,salvarFotoParada
FN:126,uploadELinkFotoParada
FN:166,deletarFoto
FNF:4
FNH:4
FNDA:9,uploadFotoEntrega
FNDA:6,salvarFotoParada
FNDA:4,uploadELinkFotoParada
FNDA:4,deletarFoto
DA:11,1
DA:28,9
DA:29,9
DA:30,9
DA:31,9
DA:32,9
DA:35,9
DA:36,9
DA:37,9
DA:39,9
DA:42,9
DA:43,9
DA:45,9
DA:48,9
DA:49,1
DA:50,1
DA:54,8
DA:62,8
DA:63,2
DA:64,2
DA:67,6
DA:70,6
DA:74,6
DA:76,6
DA:78,3
DA:79,3
DA:94,6
DA:95,6
DA:96,6
DA:97,6
DA:99,6
DA:104,6
DA:105,2
DA:106,2
DA:109,4
DA:110,4
DA:112,2
DA:113,2
DA:132,4
DA:133,4
DA:136,4
DA:138,4
DA:139,1
DA:140,1
DA:144,3
DA:146,3
DA:147,1
DA:149,1
DA:152,2
DA:153,2
DA:155,0
DA:156,0
DA:167,4
DA:171,4
DA:172,4
DA:173,1
DA:176,3
DA:178,3
DA:180,3
DA:184,3
DA:185,1
DA:186,1
DA:189,2
DA:190,2
DA:192,2
DA:193,2
LF:66
LH:64
BRDA:48,0,0,1
BRDA:48,0,1,8
BRDA:62,1,0,2
BRDA:62,1,1,6
BRDA:104,2,0,2
BRDA:104,2,1,4
BRDA:138,3,0,1
BRDA:138,3,1,3
BRDA:146,4,0,1
BRDA:146,4,1,2
BRDA:172,5,0,1
BRDA:172,5,1,3
BRDA:184,6,0,1
BRDA:184,6,1,2
BRF:14
BRH:14
end_of_record
TN:
SF:src\lib\supabase.ts
FNF:0
FNH:0
DA:5,0
DA:6,0
DA:8,0
LF:3
LH:0
BRDA:5,0,0,0
BRDA:5,0,1,0
BRDA:6,1,0,0
BRDA:6,1,1,0
BRF:4
BRH:0
end_of_record
TN:
SF:src\lib\supabase.web.ts
FN:9,(anonymous_0)
FN:15,(anonymous_1)
FN:20,(anonymous_2)
FNF:3
FNH:0
FNDA:0,(anonymous_0)
FNDA:0,(anonymous_1)
FNDA:0,(anonymous_2)
DA:4,0
DA:5,0
DA:8,0
DA:10,0
DA:11,0
DA:13,0
DA:16,0
DA:17,0
DA:21,0
DA:22,0
DA:27,0
LF:11
LH:0
BRDA:4,0,0,0
BRDA:4,0,1,0
BRDA:5,1,0,0
BRDA:5,1,1,0
BRDA:10,2,0,0
BRDA:10,2,1,0
BRDA:16,3,0,0
BRDA:16,3,1,0
BRDA:21,4,0,0
BRDA:21,4,1,0
BRF:10
BRH:0
end_of_record
TN:
SF:src\styles\theme.ts
FNF:0
FNH:0
DA:7,0
DA:52,0
DA:66,0
DA:75,0
DA:106,0
DA:131,0
DA:143,0
LF:7
LH:0
BRF:0
BRH:0
end_of_record
TN:
SF:src\types\endereco.ts
FNF:0
FNH:0
LF:0
LH:0
BRF:0
BRH:0
end_of_record
TN:
SF:src\types\rota.ts
FNF:0
FNH:0
LF:0
LH:0
BRF:0
BRH:0
end_of_record
TN:
SF:src\types\unidade.ts
FNF:0
FNH:0
LF:0
LH:0
BRF:0
BRH:0
end_of_record
TN:
SF:src\types\usuario.ts
FNF:0
FNH:0
LF:0
LH:0
BRF:0
BRH:0
end_of_record
TN:
SF:src\utils\passwordValidation.ts
FN:8,validatePasswordStrength
FN:76,isPasswordValid
FNF:2
FNH:2
FNDA:64,validatePasswordStrength
FNDA:11,isPasswordValid
DA:9,64
DA:10,64
DA:13,64
DA:14,51
DA:16,13
DA:19,64
DA:22,64
DA:23,45
DA:25,19
DA:29,64
DA:30,57
DA:32,7
DA:36,64
DA:37,50
DA:39,14
DA:43,64
DA:44,38
DA:46,26
DA:53,64
DA:54,8
DA:55,8
DA:56,56
DA:57,5
DA:58,5
DA:59,51
DA:60,7
DA:61,7
DA:62,44
DA:63,12
DA:64,12
DA:65,32
DA:66,10
DA:67,10
DA:69,22
DA:70,22
DA:73,64
DA:77,11
LF:37
LH:37
BRDA:13,0,0,51
BRDA:13,0,1,13
BRDA:19,1,0,26
BRDA:19,1,1,38
BRDA:22,2,0,45
BRDA:22,2,1,19
BRDA:29,3,0,57
BRDA:29,3,1,7
BRDA:36,4,0,50
BRDA:36,4,1,14
BRDA:43,5,0,38
BRDA:43,5,1,26
BRDA:53,6,0,8
BRDA:53,6,1,56
BRDA:56,7,0,5
BRDA:56,7,1,51
BRDA:59,8,0,7
BRDA:59,8,1,44
BRDA:62,9,0,12
BRDA:62,9,1,32
BRDA:65,10,0,10
BRDA:65,10,1,22
BRF:22
BRH:22
end_of_record
TN:
SF:src\utils\phoneValidation.ts
FN:8,cleanPhone
FN:15,formatPhone
FN:50,validatePhone
FN:75,(anonymous_3)
FN:87,maskPhone
FN:96,getPhoneErrorMessage
FN:118,(anonymous_6)
FNF:7
FNH:2
FNDA:19,cleanPhone
FNDA:19,formatPhone
FNDA:0,validatePhone
FNDA:0,(anonymous_3)
FNDA:0,maskPhone
FNDA:0,getPhoneErrorMessage
FNDA:0,(anonymous_6)
DA:9,19
DA:16,19
DA:18,19
DA:21,19
DA:22,19
DA:26,0
DA:27,0
DA:31,0
DA:32,0
DA:33,0
DA:35,0
DA:37,0
DA:38,0
DA:39,0
DA:40,0
DA:43,0
DA:51,0
DA:53,0
DA:56,0
DA:57,0
DA:61,0
DA:62,0
DA:63,0
DA:67,0
DA:68,0
DA:69,0
DA:70,0
DA:75,0
DA:76,0
DA:77,0
DA:80,0
DA:88,0
DA:89,0
DA:90,0
DA:97,0
DA:99,0
DA:101,0
DA:102,0
DA:105,0
DA:106,0
DA:109,0
DA:110,0
DA:111,0
DA:114,0
DA:115,0
DA:118,0
DA:119,0
DA:120,0
DA:123,0
LF:49
LH:5
BRDA:16,0,0,0
BRDA:16,0,1,19
BRDA:21,1,0,19
BRDA:21,1,1,0
BRDA:26,2,0,0
BRDA:26,2,1,0
BRDA:31,3,0,0
BRDA:31,3,1,0
BRDA:32,4,0,0
BRDA:32,4,1,0
BRDA:37,5,0,0
BRDA:37,5,1,0
BRDA:39,6,0,0
BRDA:39,6,1,0
BRDA:51,7,0,0
BRDA:51,7,1,0
BRDA:56,8,0,0
BRDA:56,8,1,0
BRDA:56,9,0,0
BRDA:56,9,1,0
BRDA:62,10,0,0
BRDA:62,10,1,0
BRDA:62,11,0,0
BRDA:62,11,1,0
BRDA:67,12,0,0
BRDA:67,12,1,0
BRDA:69,13,0,0
BRDA:69,13,1,0
BRDA:76,14,0,0
BRDA:76,14,1,0
BRDA:97,15,0,0
BRDA:97,15,1,0
BRDA:101,16,0,0
BRDA:101,16,1,0
BRDA:105,17,0,0
BRDA:105,17,1,0
BRDA:110,18,0,0
BRDA:110,18,1,0
BRDA:110,19,0,0
BRDA:110,19,1,0
BRDA:114,20,0,0
BRDA:114,20,1,0
BRDA:114,21,0,0
BRDA:114,21,1,0
BRDA:119,22,0,0
BRDA:119,22,1,0
BRF:46
BRH:2
end_of_record
TN:
SF:src\utils\responsive.ts
FN:17,(anonymous_0)
FN:29,(anonymous_1)
FN:37,(anonymous_2)
FN:55,(anonymous_3)
FN:73,(anonymous_4)
FN:82,(anonymous_5)
FN:100,(anonymous_6)
FNF:7
FNH:7
FNDA:14,(anonymous_0)
FNDA:10,(anonymous_1)
FNDA:13,(anonymous_2)
FNDA:11,(anonymous_3)
FNDA:11,(anonymous_4)
FNDA:5,(anonymous_5)
FNDA:9,(anonymous_6)
DA:7,1
DA:17,1
DA:18,14
DA:20,14
DA:21,10
DA:22,7
DA:23,3
DA:29,1
DA:30,10
DA:31,10
DA:37,1
DA:38,13
DA:40,13
DA:41,3
DA:43,10
DA:44,3
DA:46,7
DA:47,3
DA:49,4
DA:55,1
DA:56,11
DA:58,11
DA:59,3
DA:61,8
DA:62,2
DA:64,6
DA:65,3
DA:67,3
DA:73,1
DA:74,11
DA:75,11
DA:76,11
DA:82,1
DA:83,5
DA:85,5
DA:86,1
DA:88,4
DA:89,1
DA:91,3
DA:92,1
DA:94,2
DA:100,1
DA:101,9
DA:103,9
DA:104,6
DA:105,4
DA:111,1
LF:47
LH:47
BRDA:20,0,0,4
BRDA:20,0,1,10
BRDA:21,1,0,3
BRDA:21,1,1,7
BRDA:22,2,0,4
BRDA:22,2,1,3
BRDA:40,3,0,3
BRDA:40,3,1,10
BRDA:43,4,0,3
BRDA:43,4,1,7
BRDA:46,5,0,3
BRDA:46,5,1,4
BRDA:58,6,0,3
BRDA:58,6,1,8
BRDA:61,7,0,2
BRDA:61,7,1,6
BRDA:64,8,0,3
BRDA:64,8,1,3
BRDA:73,9,0,3
BRDA:85,10,0,1
BRDA:85,10,1,4
BRDA:88,11,0,1
BRDA:88,11,1,3
BRDA:91,12,0,1
BRDA:91,12,1,2
BRDA:103,13,0,3
BRDA:103,13,1,6
BRDA:104,14,0,2
BRDA:104,14,1,4
BRF:29
BRH:29
end_of_record
TN:
SF:src\utils\toast.ts
FN:4,(anonymous_0)
FN:15,(anonymous_1)
FN:26,(anonymous_2)
FN:37,(anonymous_3)
FNF:4
FNH:4
FNDA:7,(anonymous_0)
FNDA:7,(anonymous_1)
FNDA:6,(anonymous_2)
FNDA:6,(anonymous_3)
DA:3,1
DA:5,7
DA:16,7
DA:27,6
DA:38,6
LF:5
LH:5
BRDA:7,0,0,7
BRDA:7,0,1,6
BRDA:18,1,0,7
BRDA:18,1,1,5
BRDA:29,2,0,6
BRDA:29,2,1,5
BRDA:40,3,0,6
BRDA:40,3,1,5
BRF:8
BRH:8
end_of_record
TN:
SF:src\utils\validation.ts
FN:2,(anonymous_0)
FN:15,(anonymous_1)
FN:43,(anonymous_2)
FN:53,(anonymous_3)
FN:61,(anonymous_4)
FN:75,(anonymous_5)
FNF:6
FNH:6
FNDA:11,(anonymous_0)
FNDA:22,(anonymous_1)
FNDA:12,(anonymous_2)
FNDA:24,(anonymous_3)
FNDA:8,(anonymous_4)
FNDA:34,(anonymous_5)
DA:1,1
DA:3,11
DA:4,2
DA:7,9
DA:8,9
DA:9,4
DA:12,5
DA:16,22
DA:17,2
DA:21,20
DA:24,20
DA:25,3
DA:32,17
DA:33,17
DA:34,2
DA:40,15
DA:44,12
DA:45,2
DA:48,10
DA:49,1
DA:53,24
DA:54,9
DA:55,1
DA:58,8
DA:62,8
DA:63,2
DA:66,6
DA:67,1
DA:70,5
DA:75,1
DA:77,34
DA:80,34
DA:81,5
DA:82,29
DA:84,9
DA:85,20
DA:87,9
DA:90,11
LF:38
LH:38
BRDA:3,0,0,2
BRDA:3,0,1,9
BRDA:3,1,0,11
BRDA:3,1,1,10
BRDA:8,2,0,4
BRDA:8,2,1,5
BRDA:16,3,0,2
BRDA:16,3,1,20
BRDA:16,4,0,22
BRDA:16,4,1,21
BRDA:24,5,0,3
BRDA:24,5,1,17
BRDA:24,6,0,20
BRDA:24,6,1,8
BRDA:33,7,0,2
BRDA:33,7,1,15
BRDA:33,8,0,17
BRDA:33,8,1,15
BRDA:44,9,0,2
BRDA:44,9,1,10
BRDA:44,10,0,12
BRDA:44,10,1,11
BRDA:48,11,0,1
BRDA:48,11,1,9
BRDA:54,12,0,1
BRDA:54,12,1,8
BRDA:62,13,0,2
BRDA:62,13,1,6
BRDA:62,14,0,8
BRDA:62,14,1,7
BRDA:66,15,0,1
BRDA:66,15,1,5
BRDA:80,16,0,5
BRDA:80,16,1,29
BRDA:82,17,0,9
BRDA:82,17,1,20
BRDA:85,18,0,9
BRDA:85,18,1,11
BRF:38
BRH:38
end_of_record
